This is pdfTeX, Version 3.14159265-2.6-1.40.20 (MiKTeX 2.9.7250 64-bit) (preloaded format=pdflatex 2020.1.26)  7 JAN 2023 21:58
entering extended mode
**./refman.tex
(refman.tex
LaTeX2e <2019-10-01> patch level 3
("C:\Users\Pc\AppData\Local\Programs\MiKTeX 2.9\tex/latex/base\book.cls"
Document Class: book 2019/10/25 v1.4k Standard LaTeX document class
("C:\Users\Pc\AppData\Local\Programs\MiKTeX 2.9\tex/latex/base\bk10.clo"
File: bk10.clo 2019/10/25 v1.4k Standard LaTeX file (size option)
)
\c@part=\count80
\c@chapter=\count81
\c@section=\count82
\c@subsection=\count83
\c@subsubsection=\count84
\c@paragraph=\count85
\c@subparagraph=\count86
\c@figure=\count87
\c@table=\count88
\abovecaptionskip=\skip41
\belowcaptionskip=\skip42
\bibindent=\dimen102
)
("C:\Users\Pc\AppData\Local\Programs\MiKTeX 2.9\tex/latex/base\ifthen.sty"
Package: ifthen 2014/09/29 v1.1c Standard LaTeX ifthen package (DPC)
)
("C:\Users\Pc\AppData\Local\Programs\MiKTeX 2.9\tex/latex/tools\array.sty"
Rollback for package 'array' requested -> date 2016-10-06.
         Best approximation is the release introduced on 2016-10-06.

("C:\Users\Pc\AppData\Local\Programs\MiKTeX 2.9\tex/latex/tools\array-2016-10-0
6.sty"
Package: array 2016/10/06 v2.4d Tabular extension package (FMi)
\col@sep=\dimen103
\extrarowheight=\dimen104
\NC@list=\toks14
\extratabsurround=\skip43
\backup@length=\skip44
))
("C:\Users\Pc\AppData\Local\Programs\MiKTeX 2.9\tex/latex/base\fixltx2e.sty"
Package: fixltx2e 2016/12/29 v2.1a fixes to LaTeX (obsolete)
Applying: [2015/01/01] Old fixltx2e package on input line 46.


Package fixltx2e Warning: fixltx2e is not required with releases after 2015
(fixltx2e)                All fixes are now in the LaTeX kernel.
(fixltx2e)                See the latexrelease package for details.

Already applied: [0000/00/00] Old fixltx2e package on input line 53.
) (doxygen.sty
Package: doxygen 

("C:\Users\Pc\AppData\Local\Programs\MiKTeX 2.9\tex/latex/base\alltt.sty"
Package: alltt 1997/06/16 v2.0g defines alltt environment
)
("C:\Users\Pc\AppData\Local\Programs\MiKTeX 2.9\tex/latex/tools\calc.sty"
Package: calc 2017/05/25 v4.3 Infix arithmetic (KKT,FJ)
\calc@Acount=\count89
\calc@Bcount=\count90
\calc@Adimen=\dimen105
\calc@Bdimen=\dimen106
\calc@Askip=\skip45
\calc@Bskip=\skip46
LaTeX Info: Redefining \setlength on input line 80.
LaTeX Info: Redefining \addtolength on input line 81.
\calc@Ccount=\count91
\calc@Cskip=\skip47
)
("C:\Users\Pc\AppData\Local\Programs\MiKTeX 2.9\tex/latex/float\float.sty"
Package: float 2001/11/08 v1.3d Float enhancements (AL)
\c@float@type=\count92
\float@exts=\toks15
\float@box=\box27
\@float@everytoks=\toks16
\@floatcapt=\box28
)
("C:\Users\Pc\AppData\Local\Programs\MiKTeX 2.9\tex/latex/tools\verbatim.sty"
Package: verbatim 2019/11/10 v1.5r LaTeX2e package for verbatim enhancements
\every@verbatim=\toks17
\verbatim@line=\toks18
\verbatim@in@stream=\read1
)
("C:\Users\Pc\AppData\Local\Programs\MiKTeX 2.9\tex/latex/xcolor\xcolor.sty"
Package: xcolor 2016/05/11 v2.12 LaTeX color extensions (UK)

("C:\Users\Pc\AppData\Local\Programs\MiKTeX 2.9\tex/latex/graphics-cfg\color.cf
g"
File: color.cfg 2016/01/02 v1.6 sample color configuration
)
Package xcolor Info: Driver file: pdftex.def on input line 225.

("C:\Users\Pc\AppData\Local\Programs\MiKTeX 2.9\tex/latex/graphics-def\pdftex.d
ef"
File: pdftex.def 2018/01/08 v1.0l Graphics/color driver for pdftex
)
("C:\Users\Pc\AppData\Local\Programs\MiKTeX 2.9\tex/latex/colortbl\colortbl.sty
"
Package: colortbl 2018/12/12 v1.0d Color table columns (DPC)
\everycr=\toks19
\minrowclearance=\skip48
)
\rownum=\count93
Package xcolor Info: Model `cmy' substituted by `cmy0' on input line 1348.
Package xcolor Info: Model `hsb' substituted by `rgb' on input line 1352.
Package xcolor Info: Model `RGB' extended on input line 1364.
Package xcolor Info: Model `HTML' substituted by `rgb' on input line 1366.
Package xcolor Info: Model `Hsb' substituted by `hsb' on input line 1367.
Package xcolor Info: Model `tHsb' substituted by `hsb' on input line 1368.
Package xcolor Info: Model `HSB' substituted by `hsb' on input line 1369.
Package xcolor Info: Model `Gray' substituted by `gray' on input line 1370.
Package xcolor Info: Model `wave' substituted by `hsb' on input line 1371.
) (longtable_doxygen.sty
Package: longtable_doxygen 2014/10/28 v4.11 Multi-page Table package (DPC) - fr
ozen version for doxygen
\LTleft=\skip49
\LTright=\skip50
\LTpre=\skip51
\LTpost=\skip52
\LTchunksize=\count94
\LTcapwidth=\dimen107
\LT@head=\box29
\LT@firsthead=\box30
\LT@foot=\box31
\LT@lastfoot=\box32
\LT@cols=\count95
\LT@rows=\count96
\c@LT@tables=\count97
\c@LT@chunks=\count98
\LT@p@ftn=\toks20
) (tabu_doxygen.sty
Package: tabu_doxygen 2011/02/26 v2.8 - flexible LaTeX tabulars (FC), frozen ve
rsion for doxygen

("C:\Users\Pc\AppData\Local\Programs\MiKTeX 2.9\tex/latex/varwidth\varwidth.sty
"
Package: varwidth 2009/03/30 ver 0.92;  Variable-width minipages
\@vwid@box=\box33
\sift@deathcycles=\count99
\@vwid@loff=\dimen108
\@vwid@roff=\dimen109
)
\c@taburow=\count100
\tabu@nbcols=\count101
\tabu@cnt=\count102
\tabu@Xcol=\count103
\tabu@alloc=\count104
\tabu@nested=\count105
\tabu@target=\dimen110
\tabu@spreadtarget=\dimen111
\tabu@naturalX=\dimen112
\tabucolX=\dimen113
\tabu@Xsum=\dimen114
\extrarowdepth=\dimen115
\abovetabulinesep=\dimen116
\belowtabulinesep=\dimen117
\tabustrutrule=\dimen118
\tabu@thebody=\toks21
\tabu@footnotes=\toks22
\tabu@box=\box34
\tabu@arstrutbox=\box35
\tabu@hleads=\box36
\tabu@vleads=\box37
\tabu@cellskip=\skip53
)
("C:\Users\Pc\AppData\Local\Programs\MiKTeX 2.9\tex/latex/fancyvrb\fancyvrb.sty
"
Package: fancyvrb 2020/01/13 v3.5 verbatim text (tvz,hv)
 ("C:\Users\Pc\AppData\Local\Programs\MiKTeX 2.9\tex/latex/graphics\keyval.sty"
Package: keyval 2014/10/28 v1.15 key=value parser (DPC)
\KV@toks@=\toks23
)
\FV@CodeLineNo=\count106
\FV@InFile=\read2
\FV@TabBox=\box38
\c@FancyVerbLine=\count107
\FV@StepNumber=\count108
\FV@OutFile=\write3
) ("C:\Users\Pc\AppData\Local\Programs\MiKTeX 2.9\tex/latex/tools\tabularx.sty"
Package: tabularx 2016/02/03 v2.11b `tabularx' package (DPC)
\TX@col@width=\dimen119
\TX@old@table=\dimen120
\TX@old@col=\dimen121
\TX@target=\dimen122
\TX@delta=\dimen123
\TX@cols=\count109
\TX@ftn=\toks24
) ("C:\Users\Pc\AppData\Local\Programs\MiKTeX 2.9\tex/latex/tools\multicol.sty"
Package: multicol 2019/03/01 v1.8w multicolumn formatting (FMi)
\c@tracingmulticols=\count110
\mult@box=\box39
\multicol@leftmargin=\dimen124
\c@unbalance=\count111
\c@collectmore=\count112
\doublecol@number=\count113
\multicoltolerance=\count114
\multicolpretolerance=\count115
\full@width=\dimen125
\page@free=\dimen126
\premulticols=\dimen127
\postmulticols=\dimen128
\multicolsep=\skip54
\multicolbaselineskip=\skip55
\partial@page=\box40
\last@line=\box41
\maxbalancingoverflow=\dimen129
\mult@rightbox=\box42
\mult@grightbox=\box43
\mult@gfirstbox=\box44
\mult@firstbox=\box45
\@tempa=\box46
\@tempa=\box47
\@tempa=\box48
\@tempa=\box49
\@tempa=\box50
\@tempa=\box51
\@tempa=\box52
\@tempa=\box53
\@tempa=\box54
\@tempa=\box55
\@tempa=\box56
\@tempa=\box57
\@tempa=\box58
\@tempa=\box59
\@tempa=\box60
\@tempa=\box61
\@tempa=\box62
\c@minrows=\count116
\c@columnbadness=\count117
\c@finalcolumnbadness=\count118
\last@try=\dimen130
\multicolovershoot=\dimen131
\multicolundershoot=\dimen132
\mult@nat@firstbox=\box63
\colbreak@box=\box64
\mc@col@check@num=\count119
)
("C:\Users\Pc\AppData\Local\Programs\MiKTeX 2.9\tex/latex/multirow\multirow.sty
"
Package: multirow 2019/05/31 v2.5 Span multiple rows of a table
\multirow@colwidth=\skip56
\multirow@cntb=\count120
\multirow@dima=\skip57
\bigstrutjot=\dimen133
) ("C:\Users\Pc\AppData\Local\Programs\MiKTeX 2.9\tex/latex/hanging\hanging.sty
"
Package: hanging 2009/09/02 v1.2b hanging paragraphs and punctuation
\h@ngcommawd=\skip58
\h@ngfstopwd=\skip59
\h@ngquotewd=\skip60
\h@ngdquotewd=\skip61
\h@ngquerywd=\skip62
\h@ngexclwd=\skip63
\h@ngcolonwd=\skip64
\h@ngscolonwd=\skip65
) ("C:\Users\Pc\AppData\Local\Programs\MiKTeX 2.9\tex/generic/iftex\ifpdf.sty"
Package: ifpdf 2019/10/25 v3.4 ifpdf legacy package. Use iftex instead.
 ("C:\Users\Pc\AppData\Local\Programs\MiKTeX 2.9\tex/generic/iftex\iftex.sty"
Package: iftex 2019/11/07 v1.0c TeX engine tests
))
("C:\Users\Pc\AppData\Local\Programs\MiKTeX 2.9\tex/latex/adjustbox\adjustbox.s
ty"
Package: adjustbox 2019/01/04 v1.2 Adjusting TeX boxes (trim, clip, ...)

("C:\Users\Pc\AppData\Local\Programs\MiKTeX 2.9\tex/latex/xkeyval\xkeyval.sty"
Package: xkeyval 2014/12/03 v2.7a package option processing (HA)

("C:\Users\Pc\AppData\Local\Programs\MiKTeX 2.9\tex/generic/xkeyval\xkeyval.tex
"
("C:\Users\Pc\AppData\Local\Programs\MiKTeX 2.9\tex/generic/xkeyval\xkvutils.te
x"
\XKV@toks=\toks25
\XKV@tempa@toks=\toks26
)
\XKV@depth=\count121
File: xkeyval.tex 2014/12/03 v2.7a key=value parser (HA)
))
("C:\Users\Pc\AppData\Local\Programs\MiKTeX 2.9\tex/latex/adjustbox\adjcalc.sty
"
Package: adjcalc 2012/05/16 v1.1 Provides advanced setlength with multiple back
-ends (calc, etex, pgfmath)
)
("C:\Users\Pc\AppData\Local\Programs\MiKTeX 2.9\tex/latex/adjustbox\trimclip.st
y"
Package: trimclip 2018/04/08 v1.1 Trim and clip general TeX material

("C:\Users\Pc\AppData\Local\Programs\MiKTeX 2.9\tex/latex/graphics\graphicx.sty
"
Package: graphicx 2017/06/01 v1.1a Enhanced LaTeX Graphics (DPC,SPQR)

("C:\Users\Pc\AppData\Local\Programs\MiKTeX 2.9\tex/latex/graphics\graphics.sty
"
Package: graphics 2019/11/01 v1.3d Standard LaTeX Graphics (DPC,SPQR)
 ("C:\Users\Pc\AppData\Local\Programs\MiKTeX 2.9\tex/latex/graphics\trig.sty"
Package: trig 2016/01/03 v1.10 sin cos tan (DPC)
)
("C:\Users\Pc\AppData\Local\Programs\MiKTeX 2.9\tex/latex/graphics-cfg\graphics
.cfg"
File: graphics.cfg 2016/06/04 v1.11 sample graphics configuration
)
Package graphics Info: Driver file: pdftex.def on input line 105.
)
\Gin@req@height=\dimen134
\Gin@req@width=\dimen135
)
("C:\Users\Pc\AppData\Local\Programs\MiKTeX 2.9\tex/latex/collectbox\collectbox
.sty"
Package: collectbox 2012/05/17 v0.4b Collect macro arguments as boxes
\collectedbox=\box65
)
\tc@llx=\dimen136
\tc@lly=\dimen137
\tc@urx=\dimen138
\tc@ury=\dimen139
Package trimclip Info: Using driver 'tc-pdftex.def'.

("C:\Users\Pc\AppData\Local\Programs\MiKTeX 2.9\tex/latex/adjustbox\tc-pdftex.d
ef"
File: tc-pdftex.def 2019/01/04 v2.2 Clipping driver for pdftex
))
\adjbox@Width=\dimen140
\adjbox@Height=\dimen141
\adjbox@Depth=\dimen142
\adjbox@Totalheight=\dimen143
\adjbox@pwidth=\dimen144
\adjbox@pheight=\dimen145
\adjbox@pdepth=\dimen146
\adjbox@ptotalheight=\dimen147

("C:\Users\Pc\AppData\Local\Programs\MiKTeX 2.9\tex/latex/ifoddpage\ifoddpage.s
ty"
Package: ifoddpage 2016/04/23 v1.1 Conditionals for odd/even page detection
\c@checkoddpage=\count122
))
("C:\Users\Pc\AppData\Local\Programs\MiKTeX 2.9\tex/latex/amsfonts\amssymb.sty"
Package: amssymb 2013/01/14 v3.01 AMS font symbols
("C:\Users\Pc\AppData\Local\Programs\MiKTeX 2.9\tex/latex/amsfonts\amsfonts.sty
"
Package: amsfonts 2013/01/14 v3.01 Basic AMSFonts support
\@emptytoks=\toks27
\symAMSa=\mathgroup4
\symAMSb=\mathgroup5
LaTeX Font Info:    Redeclaring math symbol \hbar on input line 98.
LaTeX Font Info:    Overwriting math alphabet `\mathfrak' in version `bold'
(Font)                  U/euf/m/n --> U/euf/b/n on input line 106.
))
("C:\Users\Pc\AppData\Local\Programs\MiKTeX 2.9\tex/latex/stackengine\stackengi
ne.sty"
Package: stackengine 2017/02/13 v4.01\ Stacking text and objects in convenient 
ways

("C:\Users\Pc\AppData\Local\Programs\MiKTeX 2.9\tex/latex/etoolbox\etoolbox.sty
"
Package: etoolbox 2019/09/21 v2.5h e-TeX tools for LaTeX (JAW)
\etb@tempcnta=\count123
)
("C:\Users\Pc\AppData\Local\Programs\MiKTeX 2.9\tex/latex/listofitems\listofite
ms.sty"
("C:\Users\Pc\AppData\Local\Programs\MiKTeX 2.9\tex/generic/listofitems\listofi
tems.tex"
\loi_cnt_foreach_nest=\count124
\loi_nestcnt=\count125
)
Package: listofitems 2019/08/21 v1.63 Grab items in lists using user-specified 
sep char (CT)
)
\c@@stackindex=\count126
\@boxshift=\skip66
\stack@tmplength=\skip67
\temp@stkl=\skip68
\@stackedboxwidth=\skip69
\@addedbox=\box66
\@anchorbox=\box67
\stackedbox=\box68
\@centerbox=\box69
\c@ROWcellindex@=\count127
)
("C:\Users\Pc\AppData\Local\Programs\MiKTeX 2.9\tex/latex/enumitem\enumitem.sty
"
Package: enumitem 2019/06/20 v3.9 Customized lists
\labelindent=\skip70
\enit@outerparindent=\dimen148
\enit@toks=\toks28
\enit@inbox=\box70
\enit@count@id=\count128
\enitdp@description=\count129
)
("C:\Users\Pc\AppData\Local\Programs\MiKTeX 2.9\tex/generic/oberdiek\alphalph.s
ty"
Package: alphalph 2016/05/16 v2.5 Convert numbers to letters (HO)

("C:\Users\Pc\AppData\Local\Programs\MiKTeX 2.9\tex/generic/oberdiek\infwarerr.
sty"
Package: infwarerr 2016/05/16 v1.4 Providing info/warning/error messages (HO)
)
("C:\Users\Pc\AppData\Local\Programs\MiKTeX 2.9\tex/generic/oberdiek\intcalc.st
y"
Package: intcalc 2016/05/16 v1.2 Expandable calculations with integers (HO)
)) ("C:\Users\Pc\AppData\Local\Programs\MiKTeX 2.9\tex/latex/ulem\ulem.sty"
\UL@box=\box71
\UL@hyphenbox=\box72
\UL@skip=\skip71
\UL@hook=\toks29
\UL@height=\dimen149
\UL@pe=\count130
\UL@pixel=\dimen150
\ULC@box=\box73
Package: ulem 2019/11/18
\ULdepth=\dimen151
)
\xrefbox=\box74
\xreflength=\skip72
\CodeWidthChar=\skip73
\CodeHeightChar=\skip74
\DoxyCodeWidth=\skip75
\c@DoxyEnumeratei=\count131
\c@DoxyEnumerateii=\count132
\c@DoxyEnumerateiii=\count133
\c@DoxyEnumerateiv=\count134
\c@DoxyEnumeratev=\count135
\c@DoxyEnumeratevi=\count136
\c@DoxyEnumeratevii=\count137
\c@DoxyEnumerateviii=\count138
\c@DoxyEnumerateix=\count139
\c@DoxyEnumeratex=\count140
\c@DoxyEnumeratexi=\count141
\c@DoxyEnumeratexii=\count142
\enitdp@DoxyEnumerate=\count143
\enitdp@DoxyItemize=\count144
) ("C:\Users\Pc\AppData\Local\Programs\MiKTeX 2.9\tex/latex/base\inputenc.sty"
Package: inputenc 2018/08/11 v1.3c Input encoding file
\inpenc@prehook=\toks30
\inpenc@posthook=\toks31
)
("C:\Users\Pc\AppData\Local\Programs\MiKTeX 2.9\tex/latex/base\makeidx.sty"
Package: makeidx 2014/09/29 v1.0m Standard LaTeX package
)
("C:\Users\Pc\AppData\Local\Programs\MiKTeX 2.9\tex/latex/base\textcomp.sty"
Package: textcomp 2018/08/11 v2.0j Standard LaTeX package
Package textcomp Info: Sub-encoding information:
(textcomp)               5 = only ISO-Adobe without \textcurrency
(textcomp)               4 = 5 + \texteuro
(textcomp)               3 = 4 + \textohm
(textcomp)               2 = 3 + \textestimated + \textcurrency
(textcomp)               1 = TS1 - \textcircled - \t
(textcomp)               0 = TS1 (full)
(textcomp)             Font families with sub-encoding setting implement
(textcomp)             only a restricted character set as indicated.
(textcomp)             Family '?' is the default used for unknown fonts.
(textcomp)             See the documentation for details.
Package textcomp Info: Setting ? sub-encoding to TS1/1 on input line 79.

("C:\Users\Pc\AppData\Local\Programs\MiKTeX 2.9\tex/latex/base\ts1enc.def"
File: ts1enc.def 2001/06/05 v3.0e (jk/car/fm) Standard LaTeX file
Now handling font encoding TS1 ...
... processing UTF-8 mapping file for font encoding TS1

("C:\Users\Pc\AppData\Local\Programs\MiKTeX 2.9\tex/latex/base\ts1enc.dfu"
File: ts1enc.dfu 2019/07/11 v1.2j UTF-8 support for inputenc
   defining Unicode char U+00A2 (decimal 162)
   defining Unicode char U+00A3 (decimal 163)
   defining Unicode char U+00A4 (decimal 164)
   defining Unicode char U+00A5 (decimal 165)
   defining Unicode char U+00A6 (decimal 166)
   defining Unicode char U+00A7 (decimal 167)
   defining Unicode char U+00A8 (decimal 168)
   defining Unicode char U+00A9 (decimal 169)
   defining Unicode char U+00AA (decimal 170)
   defining Unicode char U+00AC (decimal 172)
   defining Unicode char U+00AE (decimal 174)
   defining Unicode char U+00AF (decimal 175)
   defining Unicode char U+00B0 (decimal 176)
   defining Unicode char U+00B1 (decimal 177)
   defining Unicode char U+00B2 (decimal 178)
   defining Unicode char U+00B3 (decimal 179)
   defining Unicode char U+00B4 (decimal 180)
   defining Unicode char U+00B5 (decimal 181)
   defining Unicode char U+00B6 (decimal 182)
   defining Unicode char U+00B7 (decimal 183)
   defining Unicode char U+00B9 (decimal 185)
   defining Unicode char U+00BA (decimal 186)
   defining Unicode char U+00BC (decimal 188)
   defining Unicode char U+00BD (decimal 189)
   defining Unicode char U+00BE (decimal 190)
   defining Unicode char U+00D7 (decimal 215)
   defining Unicode char U+00F7 (decimal 247)
   defining Unicode char U+0192 (decimal 402)
   defining Unicode char U+02C7 (decimal 711)
   defining Unicode char U+02D8 (decimal 728)
   defining Unicode char U+02DD (decimal 733)
   defining Unicode char U+0E3F (decimal 3647)
   defining Unicode char U+2016 (decimal 8214)
   defining Unicode char U+2020 (decimal 8224)
   defining Unicode char U+2021 (decimal 8225)
   defining Unicode char U+2022 (decimal 8226)
   defining Unicode char U+2030 (decimal 8240)
   defining Unicode char U+2031 (decimal 8241)
   defining Unicode char U+203B (decimal 8251)
   defining Unicode char U+203D (decimal 8253)
   defining Unicode char U+2044 (decimal 8260)
   defining Unicode char U+204E (decimal 8270)
   defining Unicode char U+2052 (decimal 8274)
   defining Unicode char U+20A1 (decimal 8353)
   defining Unicode char U+20A4 (decimal 8356)
   defining Unicode char U+20A6 (decimal 8358)
   defining Unicode char U+20A9 (decimal 8361)
   defining Unicode char U+20AB (decimal 8363)
   defining Unicode char U+20AC (decimal 8364)
   defining Unicode char U+20B1 (decimal 8369)
   defining Unicode char U+2103 (decimal 8451)
   defining Unicode char U+2116 (decimal 8470)
   defining Unicode char U+2117 (decimal 8471)
   defining Unicode char U+211E (decimal 8478)
   defining Unicode char U+2120 (decimal 8480)
   defining Unicode char U+2122 (decimal 8482)
   defining Unicode char U+2126 (decimal 8486)
   defining Unicode char U+2127 (decimal 8487)
   defining Unicode char U+212E (decimal 8494)
   defining Unicode char U+2190 (decimal 8592)
   defining Unicode char U+2191 (decimal 8593)
   defining Unicode char U+2192 (decimal 8594)
   defining Unicode char U+2193 (decimal 8595)
   defining Unicode char U+2329 (decimal 9001)
   defining Unicode char U+232A (decimal 9002)
   defining Unicode char U+2422 (decimal 9250)
   defining Unicode char U+25E6 (decimal 9702)
   defining Unicode char U+25EF (decimal 9711)
   defining Unicode char U+266A (decimal 9834)
   defining Unicode char U+27E8 (decimal 10216)
   defining Unicode char U+27E9 (decimal 10217)
   defining Unicode char U+FEFF (decimal 65279)
))
LaTeX Info: Redefining \oldstylenums on input line 334.
Package textcomp Info: Setting cmr sub-encoding to TS1/0 on input line 349.
Package textcomp Info: Setting cmss sub-encoding to TS1/0 on input line 350.
Package textcomp Info: Setting cmtt sub-encoding to TS1/0 on input line 351.
Package textcomp Info: Setting cmvtt sub-encoding to TS1/0 on input line 352.
Package textcomp Info: Setting cmbr sub-encoding to TS1/0 on input line 353.
Package textcomp Info: Setting cmtl sub-encoding to TS1/0 on input line 354.
Package textcomp Info: Setting ccr sub-encoding to TS1/0 on input line 355.
Package textcomp Info: Setting ptm sub-encoding to TS1/4 on input line 356.
Package textcomp Info: Setting pcr sub-encoding to TS1/4 on input line 357.
Package textcomp Info: Setting phv sub-encoding to TS1/4 on input line 358.
Package textcomp Info: Setting ppl sub-encoding to TS1/3 on input line 359.
Package textcomp Info: Setting pag sub-encoding to TS1/4 on input line 360.
Package textcomp Info: Setting pbk sub-encoding to TS1/4 on input line 361.
Package textcomp Info: Setting pnc sub-encoding to TS1/4 on input line 362.
Package textcomp Info: Setting pzc sub-encoding to TS1/4 on input line 363.
Package textcomp Info: Setting bch sub-encoding to TS1/4 on input line 364.
Package textcomp Info: Setting put sub-encoding to TS1/5 on input line 365.
Package textcomp Info: Setting uag sub-encoding to TS1/5 on input line 366.
Package textcomp Info: Setting ugq sub-encoding to TS1/5 on input line 367.
Package textcomp Info: Setting ul8 sub-encoding to TS1/4 on input line 368.
Package textcomp Info: Setting ul9 sub-encoding to TS1/4 on input line 369.
Package textcomp Info: Setting augie sub-encoding to TS1/5 on input line 370.
Package textcomp Info: Setting dayrom sub-encoding to TS1/3 on input line 371.
Package textcomp Info: Setting dayroms sub-encoding to TS1/3 on input line 372.

Package textcomp Info: Setting pxr sub-encoding to TS1/0 on input line 373.
Package textcomp Info: Setting pxss sub-encoding to TS1/0 on input line 374.
Package textcomp Info: Setting pxtt sub-encoding to TS1/0 on input line 375.
Package textcomp Info: Setting txr sub-encoding to TS1/0 on input line 376.
Package textcomp Info: Setting txss sub-encoding to TS1/0 on input line 377.
Package textcomp Info: Setting txtt sub-encoding to TS1/0 on input line 378.
Package textcomp Info: Setting lmr sub-encoding to TS1/0 on input line 379.
Package textcomp Info: Setting lmdh sub-encoding to TS1/0 on input line 380.
Package textcomp Info: Setting lmss sub-encoding to TS1/0 on input line 381.
Package textcomp Info: Setting lmssq sub-encoding to TS1/0 on input line 382.
Package textcomp Info: Setting lmvtt sub-encoding to TS1/0 on input line 383.
Package textcomp Info: Setting lmtt sub-encoding to TS1/0 on input line 384.
Package textcomp Info: Setting qhv sub-encoding to TS1/0 on input line 385.
Package textcomp Info: Setting qag sub-encoding to TS1/0 on input line 386.
Package textcomp Info: Setting qbk sub-encoding to TS1/0 on input line 387.
Package textcomp Info: Setting qcr sub-encoding to TS1/0 on input line 388.
Package textcomp Info: Setting qcs sub-encoding to TS1/0 on input line 389.
Package textcomp Info: Setting qpl sub-encoding to TS1/0 on input line 390.
Package textcomp Info: Setting qtm sub-encoding to TS1/0 on input line 391.
Package textcomp Info: Setting qzc sub-encoding to TS1/0 on input line 392.
Package textcomp Info: Setting qhvc sub-encoding to TS1/0 on input line 393.
Package textcomp Info: Setting futs sub-encoding to TS1/4 on input line 394.
Package textcomp Info: Setting futx sub-encoding to TS1/4 on input line 395.
Package textcomp Info: Setting futj sub-encoding to TS1/4 on input line 396.
Package textcomp Info: Setting hlh sub-encoding to TS1/3 on input line 397.
Package textcomp Info: Setting hls sub-encoding to TS1/3 on input line 398.
Package textcomp Info: Setting hlst sub-encoding to TS1/3 on input line 399.
Package textcomp Info: Setting hlct sub-encoding to TS1/5 on input line 400.
Package textcomp Info: Setting hlx sub-encoding to TS1/5 on input line 401.
Package textcomp Info: Setting hlce sub-encoding to TS1/5 on input line 402.
Package textcomp Info: Setting hlcn sub-encoding to TS1/5 on input line 403.
Package textcomp Info: Setting hlcw sub-encoding to TS1/5 on input line 404.
Package textcomp Info: Setting hlcf sub-encoding to TS1/5 on input line 405.
Package textcomp Info: Setting pplx sub-encoding to TS1/3 on input line 406.
Package textcomp Info: Setting pplj sub-encoding to TS1/3 on input line 407.
Package textcomp Info: Setting ptmx sub-encoding to TS1/4 on input line 408.
Package textcomp Info: Setting ptmj sub-encoding to TS1/4 on input line 409.
)
("C:\Users\Pc\AppData\Local\Programs\MiKTeX 2.9\tex/latex/wasysym\wasysym.sty"
Package: wasysym 2020/01/19 v2.4 Wasy-2 symbol support package
\symwasy=\mathgroup6
LaTeX Font Info:    Overwriting symbol font `wasy' in version `bold'
(Font)                  U/wasy/m/n --> U/wasy/b/n on input line 93.
) ("C:\Users\Pc\AppData\Local\Programs\MiKTeX 2.9\tex/generic/iftex\ifxetex.sty
"
Package: ifxetex 2019/10/25 v0.7 ifxetex legacy package. Use iftex instead.
) ("C:\Users\Pc\AppData\Local\Programs\MiKTeX 2.9\tex/latex/base\fontenc.sty"
Package: fontenc 2018/08/11 v2.0j Standard LaTeX package

("C:\Users\Pc\AppData\Local\Programs\MiKTeX 2.9\tex/latex/base\t1enc.def"
File: t1enc.def 2018/08/11 v2.0j Standard LaTeX file
LaTeX Font Info:    Redeclaring font encoding T1 on input line 48.
))
("C:\Users\Pc\AppData\Local\Programs\MiKTeX 2.9\tex/latex/psnfss\helvet.sty"
Package: helvet 2005/04/12 PSNFSS-v9.2a (WaS) 
)
("C:\Users\Pc\AppData\Local\Programs\MiKTeX 2.9\tex/latex/psnfss\courier.sty"
Package: courier 2005/04/12 PSNFSS-v9.2a (WaS) 
)
("C:\Users\Pc\AppData\Local\Programs\MiKTeX 2.9\tex/latex/sectsty\sectsty.sty"
Package: sectsty 2002/02/25 v2.0.2 Commands to change all sectional heading sty
les


LaTeX Warning: Command \underbar  has changed.
               Check if current package is valid.


LaTeX Warning: Command \underline  has changed.
               Check if current package is valid.

)
("C:\Users\Pc\AppData\Local\Programs\MiKTeX 2.9\tex/latex/geometry\geometry.sty
"
Package: geometry 2020/01/02 v5.9 Page Geometry
 ("C:\Users\Pc\AppData\Local\Programs\MiKTeX 2.9\tex/generic/iftex\ifvtex.sty"
Package: ifvtex 2019/10/25 v1.7 ifvtex legacy package. Use iftex instead.
)
\Gm@cnth=\count145
\Gm@cntv=\count146
\c@Gm@tempcnt=\count147
\Gm@bindingoffset=\dimen152
\Gm@wd@mp=\dimen153
\Gm@odd@mp=\dimen154
\Gm@even@mp=\dimen155
\Gm@layoutwidth=\dimen156
\Gm@layoutheight=\dimen157
\Gm@layouthoffset=\dimen158
\Gm@layoutvoffset=\dimen159
\Gm@dimlist=\toks32

("C:\Users\Pc\AppData\Local\Programs\MiKTeX 2.9\tex/latex/geometry\geometry.cfg
"))
("C:\Users\Pc\AppData\Local\Programs\MiKTeX 2.9\tex/latex/changepage\changepage
.sty"
Package: changepage 2009/10/20 v1.0c check page and change page layout
\c@cp@cntr=\count148
\cp@tempcnt=\count149
LaTeX Info: Redefining \checkoddpage on input line 59.
)
("C:\Users\Pc\AppData\Local\Programs\MiKTeX 2.9\tex/latex/fancyhdr\fancyhdr.sty
"
Package: fancyhdr 2019/01/31 v3.10 Extensive control of page headers and footer
s
\f@nch@headwidth=\skip76
\f@nch@O@elh=\skip77
\f@nch@O@erh=\skip78
\f@nch@O@olh=\skip79
\f@nch@O@orh=\skip80
\f@nch@O@elf=\skip81
\f@nch@O@erf=\skip82
\f@nch@O@olf=\skip83
\f@nch@O@orf=\skip84
) ("C:\Users\Pc\AppData\Local\Programs\MiKTeX 2.9\tex/latex/natbib\natbib.sty"
Package: natbib 2010/09/13 8.31b (PWD, AO)
\bibhang=\skip85
\bibsep=\skip86
LaTeX Info: Redefining \cite on input line 694.
\c@NAT@ctr=\count150
) ("C:\Users\Pc\AppData\Local\Programs\MiKTeX 2.9\tex/latex/tocloft\tocloft.sty
"
Package: tocloft 2017/08/31 v2.3i parameterised ToC, etc., typesetting
Package tocloft Info: The document has chapter divisions on input line 51.
\cftparskip=\skip87
\cftbeforetoctitleskip=\skip88
\cftaftertoctitleskip=\skip89
\cftbeforepartskip=\skip90
\cftpartnumwidth=\skip91
\cftpartindent=\skip92
\cftbeforechapskip=\skip93
\cftchapindent=\skip94
\cftchapnumwidth=\skip95
\cftbeforesecskip=\skip96
\cftsecindent=\skip97
\cftsecnumwidth=\skip98
\cftbeforesubsecskip=\skip99
\cftsubsecindent=\skip100
\cftsubsecnumwidth=\skip101
\cftbeforesubsubsecskip=\skip102
\cftsubsubsecindent=\skip103
\cftsubsubsecnumwidth=\skip104
\cftbeforeparaskip=\skip105
\cftparaindent=\skip106
\cftparanumwidth=\skip107
\cftbeforesubparaskip=\skip108
\cftsubparaindent=\skip109
\cftsubparanumwidth=\skip110
\cftbeforeloftitleskip=\skip111
\cftafterloftitleskip=\skip112
\cftbeforefigskip=\skip113
\cftfigindent=\skip114
\cftfignumwidth=\skip115
\c@lofdepth=\count151
\c@lotdepth=\count152
\cftbeforelottitleskip=\skip116
\cftafterlottitleskip=\skip117
\cftbeforetabskip=\skip118
\cfttabindent=\skip119
\cfttabnumwidth=\skip120
)
\@indexfile=\write4
\openout4 = `refman.idx'.


Writing index file refman.idx

("C:\Users\Pc\AppData\Local\Programs\MiKTeX 2.9\tex/latex/newunicodechar\newuni
codechar.sty"
Package: newunicodechar 2018/04/08 v1.2 Defining Unicode characters
)

Package newunicodechar Warning: Redefining Unicode character on input line 117.



Package newunicodechar Warning: Redefining Unicode character on input line 118.


("C:\Users\Pc\AppData\Local\Programs\MiKTeX 2.9\tex/latex/hyperref\hyperref.sty
"
Package: hyperref 2019/11/10 v7.00c Hypertext links for LaTeX

("C:\Users\Pc\AppData\Local\Programs\MiKTeX 2.9\tex/generic/oberdiek\ltxcmds.st
y"
Package: ltxcmds 2016/05/16 v1.23 LaTeX kernel commands for general use (HO)
)
("C:\Users\Pc\AppData\Local\Programs\MiKTeX 2.9\tex/latex/pdftexcmds\pdftexcmds
.sty"
Package: pdftexcmds 2019/11/24 v0.31 Utility functions of pdfTeX for LuaTeX (HO
)
Package pdftexcmds Info: \pdf@primitive is available.
Package pdftexcmds Info: \pdf@ifprimitive is available.
Package pdftexcmds Info: \pdfdraftmode found.
)
("C:\Users\Pc\AppData\Local\Programs\MiKTeX 2.9\tex/generic/oberdiek\kvsetkeys.
sty"
Package: kvsetkeys 2016/05/16 v1.17 Key value parser (HO)

("C:\Users\Pc\AppData\Local\Programs\MiKTeX 2.9\tex/generic/oberdiek\etexcmds.s
ty"
Package: etexcmds 2016/05/16 v1.6 Avoid name clashes with e-TeX commands (HO)

("C:\Users\Pc\AppData\Local\Programs\MiKTeX 2.9\tex/generic/iftex\ifluatex.sty"
Package: ifluatex 2019/10/25 v1.5 ifluatex legacy package. Use iftex instead.
)))
("C:\Users\Pc\AppData\Local\Programs\MiKTeX 2.9\tex/generic/oberdiek\kvdefineke
ys.sty"
Package: kvdefinekeys 2016/05/16 v1.4 Define keys (HO)
)
("C:\Users\Pc\AppData\Local\Programs\MiKTeX 2.9\tex/generic/oberdiek\pdfescape.
sty"
Package: pdfescape 2016/05/16 v1.14 Implements pdfTeX's escape features (HO)
)
("C:\Users\Pc\AppData\Local\Programs\MiKTeX 2.9\tex/latex/oberdiek\hycolor.sty"
Package: hycolor 2016/05/16 v1.8 Color options for hyperref/bookmark (HO)

("C:\Users\Pc\AppData\Local\Programs\MiKTeX 2.9\tex/latex/oberdiek\xcolor-patch
.sty"
Package: xcolor-patch 2016/05/16 xcolor patch

("C:\Users\Pc\AppData\Local\Programs\MiKTeX 2.9\tex/latex/oberdiek\hopatch.sty"
Package: hopatch 2016/05/16 v1.3 Wrapper for package hooks (HO)
)))
("C:\Users\Pc\AppData\Local\Programs\MiKTeX 2.9\tex/latex/oberdiek\letltxmacro.
sty"
Package: letltxmacro 2016/05/16 v1.5 Let assignment for LaTeX macros (HO)
)
("C:\Users\Pc\AppData\Local\Programs\MiKTeX 2.9\tex/latex/oberdiek\auxhook.sty"
Package: auxhook 2016/05/16 v1.4 Hooks for auxiliary files (HO)
)
("C:\Users\Pc\AppData\Local\Programs\MiKTeX 2.9\tex/latex/oberdiek\kvoptions.st
y"
Package: kvoptions 2016/05/16 v3.12 Key value format for package options (HO)
)
\@linkdim=\dimen160
\Hy@linkcounter=\count153
\Hy@pagecounter=\count154

("C:\Users\Pc\AppData\Local\Programs\MiKTeX 2.9\tex/latex/hyperref\pd1enc.def"
File: pd1enc.def 2019/11/10 v7.00c Hyperref: PDFDocEncoding definition (HO)
Now handling font encoding PD1 ...
... no UTF-8 mapping file for font encoding PD1
)
\Hy@SavedSpaceFactor=\count155
("C:\Users\Pc\AppData\Local\Programs\MiKTeX 2.9\tex/latex/00miktex\hyperref.cfg
"
File: hyperref.cfg 2002/06/06 v1.2 hyperref configuration of TeXLive
)
Package hyperref Info: Hyper figures OFF on input line 4535.
Package hyperref Info: Link nesting OFF on input line 4540.
Package hyperref Info: Hyper index ON on input line 4543.
Package hyperref Info: Plain pages OFF on input line 4550.
Package hyperref Info: Backreferencing ON on input line 4553.
Package hyperref Info: Implicit mode ON; LaTeX internals redefined.
Package hyperref Info: Bookmarks ON on input line 4788.

("C:\Users\Pc\AppData\Local\Programs\MiKTeX 2.9\tex/latex/hyperref\backref.sty"
Package: backref 2016/05/21 v1.39 Bibliographical back referencing

("C:\Users\Pc\AppData\Local\Programs\MiKTeX 2.9\tex/latex/oberdiek\rerunfileche
ck.sty"
Package: rerunfilecheck 2016/05/16 v1.8 Rerun checks for auxiliary files (HO)

("C:\Users\Pc\AppData\Local\Programs\MiKTeX 2.9\tex/latex/oberdiek\atveryend.st
y"
Package: atveryend 2016/05/16 v1.9 Hooks at the very end of document (HO)
)
("C:\Users\Pc\AppData\Local\Programs\MiKTeX 2.9\tex/generic/oberdiek\uniquecoun
ter.sty"
Package: uniquecounter 2016/05/16 v1.3 Provide unlimited unique counter (HO)

("C:\Users\Pc\AppData\Local\Programs\MiKTeX 2.9\tex/generic/oberdiek\bigintcalc
.sty"
Package: bigintcalc 2016/05/16 v1.4 Expandable calculations on big integers (HO
)
))
Package uniquecounter Info: New unique counter `rerunfilecheck' on input line 2
85.
))
\c@Hy@tempcnt=\count156
 ("C:\Users\Pc\AppData\Local\Programs\MiKTeX 2.9\tex/latex/url\url.sty"
\Urlmuskip=\muskip10
Package: url 2013/09/16  ver 3.4  Verb mode for urls, etc.
)
LaTeX Info: Redefining \url on input line 5147.
\XeTeXLinkMargin=\dimen161

("C:\Users\Pc\AppData\Local\Programs\MiKTeX 2.9\tex/generic/oberdiek\bitset.sty
"
Package: bitset 2016/05/16 v1.2 Handle bit-vector datatype (HO)
)
\Fld@menulength=\count157
\Field@Width=\dimen162
\Fld@charsize=\dimen163
Package hyperref Info: Hyper figures OFF on input line 6418.
Package hyperref Info: Link nesting OFF on input line 6423.
Package hyperref Info: Hyper index ON on input line 6426.
Package hyperref Info: backreferencing ON on input line 6431.
Package hyperref Info: Link coloring OFF on input line 6438.
Package hyperref Info: Link coloring with OCG OFF on input line 6443.
Package hyperref Info: PDF/A mode OFF on input line 6448.
LaTeX Info: Redefining \ref on input line 6488.
LaTeX Info: Redefining \pageref on input line 6492.

("C:\Users\Pc\AppData\Local\Programs\MiKTeX 2.9\tex/generic/oberdiek\atbegshi.s
ty"
Package: atbegshi 2016/06/09 v1.18 At begin shipout hook (HO)
)
\Hy@abspage=\count158
\c@Item=\count159
\c@Hfootnote=\count160
)
Package hyperref Info: Driver: hpdftex.

("C:\Users\Pc\AppData\Local\Programs\MiKTeX 2.9\tex/latex/hyperref\hpdftex.def"
File: hpdftex.def 2019/11/10 v7.00c Hyperref driver for pdfTeX
\Fld@listcount=\count161
\c@bookmark@seq@number=\count162
\Hy@SectionHShift=\skip121
)
Package hyperref Info: Option `colorlinks' set `true' on input line 137.
Package hyperref Info: Option `unicode' set `true' on input line 137.
 ("C:\Users\Pc\AppData\Local\Programs\MiKTeX 2.9\tex/latex/hyperref\puenc.def"
File: puenc.def 2019/11/10 v7.00c Hyperref: PDF Unicode definition (HO)
Now handling font encoding PU ...
... no UTF-8 mapping file for font encoding PU
) ("C:\Users\Pc\AppData\Local\Programs\MiKTeX 2.9\tex/latex/caption\caption.sty
"
Package: caption 2020/01/03 v3.4h Customizing captions (AR)
 ("C:\Users\Pc\AppData\Local\Programs\MiKTeX 2.9\tex/latex/caption\caption3.sty
"
Package: caption3 2020/01/03 v1.8h caption3 kernel (AR)
Package caption3 Info: TeX engine: e-TeX on input line 61.
\captionmargin=\dimen164
\captionmargin@=\dimen165
\captionwidth=\dimen166
\caption@tempdima=\dimen167
\caption@indent=\dimen168
\caption@parindent=\dimen169
\caption@hangindent=\dimen170
Package caption Info: Standard document class detected.
)
\c@caption@flags=\count163
\c@continuedfloat=\count164
Package caption Info: float package is loaded.
Package caption Info: hyperref package is loaded.
Package caption Info: longtable package is loaded.

("C:\Users\Pc\AppData\Local\Programs\MiKTeX 2.9\tex/latex/caption\ltcaption.sty
"
Package: ltcaption 2018/08/26 v1.4a longtable captions (AR)
)) ("C:\Users\Pc\AppData\Local\Programs\MiKTeX 2.9\tex/latex/etoc\etoc.sty"
Package: etoc 2019/11/17 v1.09b Completely customisable TOCs (JFB)
\Etoc@toctoks=\toks33
\c@etoc@tocid=\count165
\c@etoc@tocdepth=\count166
\etoc@framed@titlebox=\box75
\etoc@framed@contentsbox=\box76
)
(refman.aux)
\openout1 = `refman.aux'.

LaTeX Font Info:    Checking defaults for OML/cmm/m/it on input line 153.
LaTeX Font Info:    ... okay on input line 153.
LaTeX Font Info:    Checking defaults for T1/cmr/m/n on input line 153.
LaTeX Font Info:    ... okay on input line 153.
LaTeX Font Info:    Checking defaults for OT1/cmr/m/n on input line 153.
LaTeX Font Info:    ... okay on input line 153.
LaTeX Font Info:    Checking defaults for OMS/cmsy/m/n on input line 153.
LaTeX Font Info:    ... okay on input line 153.
LaTeX Font Info:    Checking defaults for OMX/cmex/m/n on input line 153.
LaTeX Font Info:    ... okay on input line 153.
LaTeX Font Info:    Checking defaults for U/cmr/m/n on input line 153.
LaTeX Font Info:    ... okay on input line 153.
LaTeX Font Info:    Checking defaults for TS1/cmr/m/n on input line 153.
LaTeX Font Info:    Trying to load font information for TS1+cmr on input line 1
53.

("C:\Users\Pc\AppData\Local\Programs\MiKTeX 2.9\tex/latex/base\ts1cmr.fd"
File: ts1cmr.fd 2014/09/29 v2.5h Standard LaTeX font definitions
)
LaTeX Font Info:    ... okay on input line 153.
LaTeX Font Info:    Checking defaults for PD1/pdf/m/n on input line 153.
LaTeX Font Info:    ... okay on input line 153.
LaTeX Font Info:    Checking defaults for PU/pdf/m/n on input line 153.
LaTeX Font Info:    ... okay on input line 153.
LaTeX Font Info:    Trying to load font information for T1+phv on input line 15
3.

("C:\Users\Pc\AppData\Local\Programs\MiKTeX 2.9\tex/latex/psnfss\t1phv.fd"
File: t1phv.fd 2001/06/04 scalable font definitions for T1/phv.
)
LaTeX Font Info:    Font shape `T1/phv/m/n' will be
(Font)              scaled to size 8.99994pt on input line 153.

("C:\Users\Pc\AppData\Local\Programs\MiKTeX 2.9\tex/context/base/mkii\supp-pdf.
mkii"
[Loading MPS to PDF converter (version 2006.09.02).]
\scratchcounter=\count167
\scratchdimen=\dimen171
\scratchbox=\box77
\nofMPsegments=\count168
\nofMParguments=\count169
\everyMPshowfont=\toks34
\MPscratchCnt=\count170
\MPscratchDim=\dimen172
\MPnumerator=\count171
\makeMPintoPDFobject=\count172
\everyMPtoPDFconversion=\toks35
)
("C:\Users\Pc\AppData\Local\Programs\MiKTeX 2.9\tex/latex/epstopdf-pkg\epstopdf
-base.sty"
Package: epstopdf-base 2019/11/24 v2.7 Base part for package epstopdf

("C:\Users\Pc\AppData\Local\Programs\MiKTeX 2.9\tex/latex/oberdiek\grfext.sty"
Package: grfext 2016/05/16 v1.2 Manage graphics extensions (HO)
)
Package epstopdf-base Info: Redefining graphics rule for `.eps' on input line 4
42.
Package grfext Info: Graphics extension search list:
(grfext)             [.pdf,.png,.jpg,.mps,.jpeg,.jbig2,.jb2,.PDF,.PNG,.JPG,.JPE
G,.JBIG2,.JB2,.eps]
(grfext)             \AppendGraphicsExtensions on input line 460.
)
*geometry* driver: auto-detecting
*geometry* detected driver: pdftex
*geometry* verbose mode - [ preamble ] result:
* driver: pdftex
* paper: a4paper
* layout: <same size as paper>
* layoutoffset:(h,v)=(0.0pt,0.0pt)
* modes: twoside 
* h-part:(L,W,R)=(71.13188pt, 455.24411pt, 71.13188pt)
* v-part:(T,H,B)=(71.13188pt, 702.78308pt, 71.13188pt)
* \paperwidth=597.50787pt
* \paperheight=845.04684pt
* \textwidth=455.24411pt
* \textheight=702.78308pt
* \oddsidemargin=-1.1381pt
* \evensidemargin=-1.1381pt
* \topmargin=-31.2056pt
* \headheight=12.0pt
* \headsep=18.06749pt
* \topskip=10.0pt
* \footskip=25.29494pt
* \marginparwidth=125.0pt
* \marginparsep=7.0pt
* \columnsep=10.0pt
* \skip\footins=9.0pt plus 4.0pt minus 2.0pt
* \hoffset=0.0pt
* \voffset=0.0pt
* \mag=1000
* \@twocolumnfalse
* \@twosidetrue
* \@mparswitchtrue
* \@reversemarginfalse
* (1in=72.27pt=25.4mm, 1cm=28.453pt)

Package backref Info: ** backref set up for natbib ** on input line 153.
\AtBeginShipoutBox=\box78
Package hyperref Info: Link coloring ON on input line 153.
("C:\Users\Pc\AppData\Local\Programs\MiKTeX 2.9\tex/latex/hyperref\nameref.sty"
Package: nameref 2019/09/16 v2.46 Cross-referencing by name of section
("C:\Users\Pc\AppData\Local\Programs\MiKTeX 2.9\tex/latex/oberdiek\refcount.sty
"
Package: refcount 2016/05/16 v3.5 Data extraction from label references (HO)
)
("C:\Users\Pc\AppData\Local\Programs\MiKTeX 2.9\tex/generic/oberdiek\gettitlest
ring.sty"
Package: gettitlestring 2016/05/16 v1.5 Cleanup title references (HO)
)
\c@section@level=\count173
)
LaTeX Info: Redefining \ref on input line 153.
LaTeX Info: Redefining \pageref on input line 153.
LaTeX Info: Redefining \nameref on input line 153.
 (refman.out) (refman.out)
\@outlinefile=\write5
\openout5 = `refman.out'.

Package caption Info: Begin \AtBeginDocument code.
Package caption Info: End \AtBeginDocument code.
\Etoc@tf=\read3
Package hyperref Info: Option `pageanchor' set `false' on input line 161.
Package hyperref Info: Option `bookmarksnumbered' set `true' on input line 161.

Package hyperref Info: Option `unicode' set `true' on input line 161.
LaTeX Font Info:    Font shape `T1/phv/m/n' will be
(Font)              scaled to size 12.9599pt on input line 166.
LaTeX Font Info:    Font shape `T1/phv/m/n' will be
(Font)              scaled to size 10.79993pt on input line 168.
 [1


{C:/Users/Pc/AppData/Local/MiKTeX/2.9/pdftex/config/pdftex.map}] [2

]
\tf@toc=\write6
\openout6 = `refman.toc'.

LaTeX Font Info:    Font shape `T1/phv/bx/n' in size <10> not available
(Font)              Font shape `T1/phv/b/n' tried instead on input line 174.
LaTeX Font Info:    Font shape `T1/phv/b/n' will be
(Font)              scaled to size 8.99994pt on input line 174.
LaTeX Font Info:    Trying to load font information for U+msa on input line 174
.

("C:\Users\Pc\AppData\Local\Programs\MiKTeX 2.9\tex/latex/amsfonts\umsa.fd"
File: umsa.fd 2013/01/14 v3.01 AMS symbols A
)
LaTeX Font Info:    Trying to load font information for U+msb on input line 174
.

("C:\Users\Pc\AppData\Local\Programs\MiKTeX 2.9\tex/latex/amsfonts\umsb.fd"
File: umsb.fd 2013/01/14 v3.01 AMS symbols B
)
LaTeX Font Info:    Trying to load font information for U+wasy on input line 17
4.

("C:\Users\Pc\AppData\Local\Programs\MiKTeX 2.9\tex/latex/wasysym\uwasy.fd"
File: uwasy.fd 2020/01/19 v2.4 Wasy-2 symbol font definitions
)
LaTeX Font Info:    Font shape `T1/phv/m/n' will be
(Font)              scaled to size 6.29996pt on input line 174.
LaTeX Font Info:    Font shape `T1/phv/bx/n' in size <7> not available
(Font)              Font shape `T1/phv/b/n' tried instead on input line 174.
LaTeX Font Info:    Font shape `T1/phv/b/n' will be
(Font)              scaled to size 6.29996pt on input line 174.

[1] [2]
LaTeX Font Info:    Font shape `T1/phv/m/n' will be
(Font)              scaled to size 7.19995pt on input line 174.
LaTeX Font Info:    Trying to load font information for T1+pcr on input line 17
4.

("C:\Users\Pc\AppData\Local\Programs\MiKTeX 2.9\tex/latex/psnfss\t1pcr.fd"
File: t1pcr.fd 2001/06/04 font definitions for T1/pcr.
)
[3] [4] [5] [6] [7] [8] [9] [10] [11] [12

]
Package hyperref Info: Option `pageanchor' set `true' on input line 177.

Chapter 1.
LaTeX Font Info:    Font shape `T1/phv/m/n' will be
(Font)              scaled to size 18.66588pt on input line 179.
LaTeX Font Info:    Font shape `T1/phv/bx/n' in size <20.74> not available
(Font)              Font shape `T1/phv/b/n' tried instead on input line 179.
LaTeX Font Info:    Font shape `T1/phv/b/n' will be
(Font)              scaled to size 18.66588pt on input line 179.
LaTeX Font Info:    Font shape `T1/phv/bc/n' will be
(Font)              scaled to size 18.66588pt on input line 179.
LaTeX Font Info:    Font shape `T1/phv/m/n' will be
(Font)              scaled to size 22.39185pt on input line 179.
LaTeX Font Info:    Font shape `T1/phv/bx/n' in size <24.88> not available
(Font)              Font shape `T1/phv/b/n' tried instead on input line 179.
LaTeX Font Info:    Font shape `T1/phv/b/n' will be
(Font)              scaled to size 22.39185pt on input line 179.
LaTeX Font Info:    Font shape `T1/phv/bc/n' will be
(Font)              scaled to size 22.39185pt on input line 179.
(namespaces.tex
LaTeX Font Info:    Font shape `T1/phv/bx/n' in size <14.4> not available
(Font)              Font shape `T1/phv/b/n' tried instead on input line 1.
LaTeX Font Info:    Font shape `T1/phv/b/n' will be
(Font)              scaled to size 12.9599pt on input line 1.
) [1

] [2

]
Chapter 2.
(hierarchy.tex [3]) [4]
Chapter 3.
(annotated.tex [5

] [6]) [7] [8

]
Chapter 4.
(files.tex [9]) [10]
Chapter 5.
(namespace_bars_elements.tex
LaTeX Font Info:    Font shape `T1/phv/bx/n' in size <12> not available
(Font)              Font shape `T1/phv/b/n' tried instead on input line 3.
LaTeX Font Info:    Font shape `T1/phv/b/n' will be
(Font)              scaled to size 10.79993pt on input line 3.
LaTeX Font Info:    Trying to load font information for TS1+phv on input line 6
.

("C:\Users\Pc\AppData\Local\Programs\MiKTeX 2.9\tex/latex/psnfss\ts1phv.fd"
File: ts1phv.fd 2001/06/04 scalable font definitions for TS1/phv.
)
LaTeX Font Info:    Font shape `TS1/phv/m/n' will be
(Font)              scaled to size 8.99994pt on input line 6.
LaTeX Font Info:    Font shape `T1/phv/m/n' will be
(Font)              scaled to size 8.09995pt on input line 7.
LaTeX Font Info:    Font shape `T1/phv/m/it' in size <9> not available
(Font)              Font shape `T1/phv/m/sl' tried instead on input line 7.
LaTeX Font Info:    Font shape `T1/phv/m/sl' will be
(Font)              scaled to size 8.09995pt on input line 7.
)
[11

] [12

]
Chapter 6.
(class_a_i_data.tex

pdfTeX warning: pdflatex (file ./class_a_i_data.pdf): PDF inclusion: found PDF 
version <1.7>, but at most version <1.5> allowed
 <./class_a_i_data.pdf>
<class_a_i_data.pdf, id=2621, 501.875pt x 365.365pt>
File: class_a_i_data.pdf Graphic file (type pdf)
<use class_a_i_data.pdf>
Package pdftex.def Info: class_a_i_data.pdf  used on input line 11.
(pdftex.def)             Requested size: 78.16505pt x 56.9055pt.
 [13]
LaTeX Font Info:    Font shape `T1/phv/bc/n' will be
(Font)              scaled to size 8.99994pt on input line 44.

Underfull \hbox (badness 10000) detected at line 44
[][][]
 []

) (class_ammo_pick_up.tex

pdfTeX warning: pdflatex (file ./class_ammo_pick_up.pdf): PDF inclusion: found 
PDF version <1.7>, but at most version <1.5> allowed
 <./class_ammo_pick_up.pdf>
<class_ammo_pick_up.pdf, id=2643, 501.875pt x 548.0475pt>
File: class_ammo_pick_up.pdf Graphic file (type pdf)
<use class_ammo_pick_up.pdf>
Package pdftex.def Info: class_ammo_pick_up.pdf  used on input line 6.
(pdftex.def)             Requested size: 78.16505pt x 85.35826pt.
 [14]
LaTeX Font Info:    Font shape `T1/pcr/m/it' in size <8> not available
(Font)              Font shape `T1/pcr/m/sl' tried instead on input line 25.
LaTeX Font Info:    Font shape `T1/pcr/m/it' in size <7> not available
(Font)              Font shape `T1/pcr/m/sl' tried instead on input line 25.

Underfull \hbox (badness 10000) detected at line 36
[][][]
 []

) (class_bars_elements_1_1_bar.tex

pdfTeX warning: pdflatex (file ./class_bars_elements_1_1_bar.pdf): PDF inclusio
n: found PDF version <1.7>, but at most version <1.5> allowed
 <./class_bars_elements_1_1_bar.pdf>
<class_bars_elements_1_1_bar.pdf, id=2661, 501.875pt x 113.42375pt>
File: class_bars_elements_1_1_bar.pdf Graphic file (type pdf)
<use class_bars_elements_1_1_bar.pdf>
Package pdftex.def Info: class_bars_elements_1_1_bar.pdf  used on input line 11
.
(pdftex.def)             Requested size: 251.79457pt x 56.9055pt.
 [15] [16]) (class_chest_controller.tex

pdfTeX warning: pdflatex (file ./class_chest_controller.pdf): PDF inclusion: fo
und PDF version <1.7>, but at most version <1.5> allowed
 <./class_chest_controller.pdf>
<class_chest_controller.pdf, id=2696, 501.875pt x 365.365pt>
File: class_chest_controller.pdf Graphic file (type pdf)
<use class_chest_controller.pdf>
Package pdftex.def Info: class_chest_controller.pdf  used on input line 11.
(pdftex.def)             Requested size: 78.16505pt x 56.9055pt.
 [17] [18]) (class_context_solver.tex

pdfTeX warning: pdflatex (file ./class_context_solver.pdf): PDF inclusion: foun
d PDF version <1.7>, but at most version <1.5> allowed
 <./class_context_solver.pdf>
<class_context_solver.pdf, id=2729, 501.875pt x 365.365pt>
File: class_context_solver.pdf Graphic file (type pdf)
<use class_context_solver.pdf>
Package pdftex.def Info: class_context_solver.pdf  used on input line 11.
(pdftex.def)             Requested size: 78.16505pt x 56.9055pt.
 [19]
Underfull \hbox (badness 10000) detected at line 42
[][][]
 []

) (class_detector.tex

pdfTeX warning: pdflatex (file ./class_detector.pdf): PDF inclusion: found PDF 
version <1.7>, but at most version <1.5> allowed
 <./class_detector.pdf>
<class_detector.pdf, id=2746, 501.875pt x 242.9075pt>
File: class_detector.pdf Graphic file (type pdf)
<use class_detector.pdf>
Package pdftex.def Info: class_detector.pdf  used on input line 11.
(pdftex.def)             Requested size: 176.35574pt x 85.35826pt.
 [20]) (class_doors_controller.tex

pdfTeX warning: pdflatex (file ./class_doors_controller.pdf): PDF inclusion: fo
und PDF version <1.7>, but at most version <1.5> allowed
 <./class_doors_controller.pdf>
<class_doors_controller.pdf, id=2766, 501.875pt x 365.365pt>
File: class_doors_controller.pdf Graphic file (type pdf)
<use class_doors_controller.pdf>
Package pdftex.def Info: class_doors_controller.pdf  used on input line 11.
(pdftex.def)             Requested size: 78.16505pt x 56.9055pt.
 [21]) (class_enemy_hit_checker.tex

pdfTeX warning: pdflatex (file ./class_enemy_hit_checker.pdf): PDF inclusion: f
ound PDF version <1.7>, but at most version <1.5> allowed
 <./class_enemy_hit_checker.pdf>
<class_enemy_hit_checker.pdf, id=2789, 501.875pt x 332.24126pt>
File: class_enemy_hit_checker.pdf Graphic file (type pdf)
<use class_enemy_hit_checker.pdf>
Package pdftex.def Info: class_enemy_hit_checker.pdf  used on input line 11.
(pdftex.def)             Requested size: 85.95323pt x 56.9055pt.
) (class_game_state_controller.tex

pdfTeX warning: pdflatex (file ./class_game_state_controller.pdf): PDF inclusio
n: found PDF version <1.7>, but at most version <1.5> allowed
 <./class_game_state_controller.pdf>
<class_game_state_controller.pdf, id=2796, 501.875pt x 296.10625pt>
File: class_game_state_controller.pdf Graphic file (type pdf)
<use class_game_state_controller.pdf>
Package pdftex.def Info: class_game_state_controller.pdf  used on input line 11
.
(pdftex.def)             Requested size: 96.44467pt x 56.9055pt.
 [22] [23] [24] [25])
(class_health_pick_up.tex

pdfTeX warning: pdflatex (file ./class_health_pick_up.pdf): PDF inclusion: foun
d PDF version <1.7>, but at most version <1.5> allowed
 <./class_health_pick_up.pdf>
<class_health_pick_up.pdf, id=2863, 501.875pt x 548.0475pt>
File: class_health_pick_up.pdf Graphic file (type pdf)
<use class_health_pick_up.pdf>
Package pdftex.def Info: class_health_pick_up.pdf  used on input line 11.
(pdftex.def)             Requested size: 78.16505pt x 85.35826pt.
 [26]
Underfull \hbox (badness 10000) detected at line 44
[][][]
 []

) (class_ice_rune_controler.tex

pdfTeX warning: pdflatex (file ./class_ice_rune_controler.pdf): PDF inclusion: 
found PDF version <1.7>, but at most version <1.5> allowed
 <./class_ice_rune_controler.pdf>
<class_ice_rune_controler.pdf, id=2881, 501.875pt x 338.26375pt>
File: class_ice_rune_controler.pdf Graphic file (type pdf)
<use class_ice_rune_controler.pdf>
Package pdftex.def Info: class_ice_rune_controler.pdf  used on input line 11.
(pdftex.def)             Requested size: 84.42929pt x 56.9055pt.
 [27]) (interface_i_dammageable.tex

pdfTeX warning: pdflatex (file ./interface_i_dammageable.pdf): PDF inclusion: f
ound PDF version <1.7>, but at most version <1.5> allowed
 <./interface_i_dammageable.pdf>
<interface_i_dammageable.pdf, id=2896, 501.875pt x 179.67125pt>
File: interface_i_dammageable.pdf Graphic file (type pdf)
<use interface_i_dammageable.pdf>
Package pdftex.def Info: interface_i_dammageable.pdf  used on input line 11.
(pdftex.def)             Requested size: 158.94914pt x 56.9055pt.
LaTeX Font Info:    Font shape `T1/phv/bx/n' in size <8> not available
(Font)              Font shape `T1/phv/b/n' tried instead on input line 35.
LaTeX Font Info:    Font shape `T1/phv/b/n' will be
(Font)              scaled to size 7.19995pt on input line 35.
LaTeX Font Info:    Font shape `T1/pcr/bx/n' in size <8> not available
(Font)              Font shape `T1/pcr/b/n' tried instead on input line 35.
 [28]) (class_inventory_slot.tex

pdfTeX warning: pdflatex (file ./class_inventory_slot.pdf): PDF inclusion: foun
d PDF version <1.7>, but at most version <1.5> allowed
 <./class_inventory_slot.pdf>
<class_inventory_slot.pdf, id=2923, 501.875pt x 406.51875pt>
File: class_inventory_slot.pdf Graphic file (type pdf)
<use class_inventory_slot.pdf>
Package pdftex.def Info: class_inventory_slot.pdf  used on input line 6.
(pdftex.def)             Requested size: 70.2467pt x 56.9055pt.
 [29]) (class_item_s_o.tex

pdfTeX warning: pdflatex (file ./class_item_s_o.pdf): PDF inclusion: found PDF 
version <1.7>, but at most version <1.5> allowed
 <./class_item_s_o.pdf>
<class_item_s_o.pdf, id=2947, 501.875pt x 352.31625pt>
File: class_item_s_o.pdf Graphic file (type pdf)
<use class_item_s_o.pdf>
Package pdftex.def Info: class_item_s_o.pdf  used on input line 11.
(pdftex.def)             Requested size: 81.05977pt x 56.9055pt.
 [30] [31]) (class_item_spawn_rate.tex [32])
(interface_i_tile_kind.tex [33] [34]
Underfull \hbox (badness 10000) detected at line 43
[][][]
 []

) (class_map_generation.tex

pdfTeX warning: pdflatex (file ./class_map_generation.pdf): PDF inclusion: foun
d PDF version <1.7>, but at most version <1.5> allowed
 <./class_map_generation.pdf>
<class_map_generation.pdf, id=3008, 501.875pt x 365.365pt>
File: class_map_generation.pdf Graphic file (type pdf)
<use class_map_generation.pdf>
Package pdftex.def Info: class_map_generation.pdf  used on input line 11.
(pdftex.def)             Requested size: 78.16505pt x 56.9055pt.
 [35] [36]) (class_map_matrix.tex [37]
Overfull \vbox (0.23994pt too high) has occurred while \output is active []


[38]
Underfull \hbox (badness 10000) detected at line 45
[][][]
 []

LaTeX Font Info:    Font shape `T1/phv/bx/it' in size <10> not available
(Font)              Font shape `T1/phv/b/it' tried instead on input line 46.
LaTeX Font Info:    Font shape `T1/phv/b/it' in size <10> not available
(Font)              Font shape `T1/phv/b/sl' tried instead on input line 46.
LaTeX Font Info:    Font shape `T1/phv/b/sl' will be
(Font)              scaled to size 8.99994pt on input line 46.
LaTeX Font Info:    Font shape `T1/phv/bx/it' in size <7> not available
(Font)              Font shape `T1/phv/b/it' tried instead on input line 46.
LaTeX Font Info:    Font shape `T1/phv/b/it' in size <7> not available
(Font)              Font shape `T1/phv/b/sl' tried instead on input line 46.
LaTeX Font Info:    Font shape `T1/phv/b/sl' will be
(Font)              scaled to size 6.29996pt on input line 46.
[39]
Underfull \hbox (badness 10000) detected at line 102
[][][]
 []


Underfull \hbox (badness 10000) detected at line 115
[][][]
 []


Underfull \hbox (badness 10000) detected at line 135
[][][]
 []

[40]
Underfull \hbox (badness 10000) detected at line 194
[][][]
 []

) (class_monster_damage.tex

pdfTeX warning: pdflatex (file ./class_monster_damage.pdf): PDF inclusion: foun
d PDF version <1.7>, but at most version <1.5> allowed
 <./class_monster_damage.pdf>
<class_monster_damage.pdf, id=3144, 501.875pt x 179.67125pt>
File: class_monster_damage.pdf Graphic file (type pdf)
<use class_monster_damage.pdf>
Package pdftex.def Info: class_monster_damage.pdf  used on input line 11.
(pdftex.def)             Requested size: 158.94914pt x 56.9055pt.
LaTeX Font Info:    Font shape `TS1/phv/m/it' in size <9> not available
(Font)              Font shape `TS1/phv/m/sl' tried instead on input line 22.
LaTeX Font Info:    Font shape `TS1/phv/m/sl' will be
(Font)              scaled to size 8.09995pt on input line 22.
 [41] [42]
Underfull \hbox (badness 10000) detected at line 102
[][][]
 []

[43]) (class_monster_dictionary_pair.tex) (class_monster_s_o.tex

pdfTeX warning: pdflatex (file ./class_monster_s_o.pdf): PDF inclusion: found P
DF version <1.7>, but at most version <1.5> allowed
 <./class_monster_s_o.pdf>
<class_monster_s_o.pdf, id=3191, 501.875pt x 129.48375pt>
File: class_monster_s_o.pdf Graphic file (type pdf)
<use class_monster_s_o.pdf>
Package pdftex.def Info: class_monster_s_o.pdf  used on input line 11.
(pdftex.def)             Requested size: 220.5653pt x 56.9055pt.
 [44] [45]
Underfull \hbox (badness 10000) detected at line 62
[][][]
 []

) (class_obstacle_avoiding_behaviour.tex

pdfTeX warning: pdflatex (file ./class_obstacle_avoiding_behaviour.pdf): PDF in
clusion: found PDF version <1.7>, but at most version <1.5> allowed
 <./class_obstacle_avoiding_behaviour.pdf>
<class_obstacle_avoiding_behaviour.pdf, id=3247, 501.875pt x 339.2675pt>
File: class_obstacle_avoiding_behaviour.pdf Graphic file (type pdf)
<use class_obstacle_avoiding_behaviour.pdf>
Package pdftex.def Info: class_obstacle_avoiding_behaviour.pdf  used on input l
ine 6.
(pdftex.def)             Requested size: 126.26486pt x 85.35826pt.
 [46] [47] [48]
Underfull \hbox (badness 10000) detected at line 47
[][][]
 []

) (class_obstacle_dictionary_pair.tex) (class_obstacles_detector.tex

pdfTeX warning: pdflatex (file ./class_obstacles_detector.pdf): PDF inclusion: 
found PDF version <1.7>, but at most version <1.5> allowed
 <./class_obstacles_detector.pdf>
<class_obstacles_detector.pdf, id=3291, 501.875pt x 485.815pt>
File: class_obstacles_detector.pdf Graphic file (type pdf)
<use class_obstacles_detector.pdf>
Package pdftex.def Info: class_obstacles_detector.pdf  used on input line 11.
(pdftex.def)             Requested size: 88.17404pt x 85.35826pt.
 [49] [50]) (class_obstacle_s_o.tex

pdfTeX warning: pdflatex (file ./class_obstacle_s_o.pdf): PDF inclusion: found 
PDF version <1.7>, but at most version <1.5> allowed
 <./class_obstacle_s_o.pdf>
<class_obstacle_s_o.pdf, id=3319, 501.875pt x 125.46875pt>
File: class_obstacle_s_o.pdf Graphic file (type pdf)
<use class_obstacle_s_o.pdf>
Package pdftex.def Info: class_obstacle_s_o.pdf  used on input line 11.
(pdftex.def)             Requested size: 227.62596pt x 56.9055pt.
 [51]
Underfull \hbox (badness 10000) detected at line 64
[][][]
 []

[52]) (class_pick_up.tex

pdfTeX warning: pdflatex (file ./class_pick_up.pdf): PDF inclusion: found PDF v
ersion <1.7>, but at most version <1.5> allowed
 <./class_pick_up.pdf>
<class_pick_up.pdf, id=3377, 501.875pt x 274.02374pt>
File: class_pick_up.pdf Graphic file (type pdf)
<use class_pick_up.pdf>
Package pdftex.def Info: class_pick_up.pdf  used on input line 11.
(pdftex.def)             Requested size: 156.33777pt x 85.35826pt.
 [53]
Underfull \hbox (badness 10000) detected at line 40
[][][]
 []

) (class_player_controller.tex [54]

pdfTeX warning: pdflatex (file ./class_player_controller.pdf): PDF inclusion: f
ound PDF version <1.7>, but at most version <1.5> allowed
 <./class_player_controller.pdf>
<class_player_controller.pdf, id=3401, 501.875pt x 355.3275pt>
File: class_player_controller.pdf Graphic file (type pdf)
<use class_player_controller.pdf>
Package pdftex.def Info: class_player_controller.pdf  used on input line 11.
(pdftex.def)             Requested size: 80.37056pt x 56.9055pt.
) (class_player_damage.tex

pdfTeX warning: pdflatex (file ./class_player_damage.pdf): PDF inclusion: found
 PDF version <1.7>, but at most version <1.5> allowed
 <./class_player_damage.pdf>
<class_player_damage.pdf, id=3408, 501.875pt x 182.6825pt>
File: class_player_damage.pdf Graphic file (type pdf)
<use class_player_damage.pdf>
Package pdftex.def Info: class_player_damage.pdf  used on input line 11.
(pdftex.def)             Requested size: 156.33012pt x 56.9055pt.
 [55] [56]
Underfull \hbox (badness 10000) detected at line 100
[][][]
 []

) (class_player_data_save.tex [57]) (class_player_s_o.tex

pdfTeX warning: pdflatex (file ./class_player_s_o.pdf): PDF inclusion: found PD
F version <1.7>, but at most version <1.5> allowed
 <./class_player_s_o.pdf>
<class_player_s_o.pdf, id=3457, 501.875pt x 352.31625pt>
File: class_player_s_o.pdf Graphic file (type pdf)
<use class_player_s_o.pdf>
Package pdftex.def Info: class_player_s_o.pdf  used on input line 11.
(pdftex.def)             Requested size: 81.05977pt x 56.9055pt.
 [58] [59] [60] [61])
(class_player_stats_controller.tex

pdfTeX warning: pdflatex (file ./class_player_stats_controller.pdf): PDF inclus
ion: found PDF version <1.7>, but at most version <1.5> allowed
 <./class_player_stats_controller.pdf>
<class_player_stats_controller.pdf, id=3519, 501.875pt x 287.0725pt>
File: class_player_stats_controller.pdf Graphic file (type pdf)
<use class_player_stats_controller.pdf>
Package pdftex.def Info: class_player_stats_controller.pdf  used on input line 
11.
(pdftex.def)             Requested size: 99.4849pt x 56.9055pt.
 [62]
Underfull \hbox (badness 10000) detected at line 54
[][][]
 []

[63]
Underfull \hbox (badness 10000) detected at line 67
[][][]
 []


Underfull \hbox (badness 10000) detected at line 80
[][][]
 []


Underfull \hbox (badness 10000) detected at line 93
[][][]
 []

[64]
Underfull \hbox (badness 10000) detected at line 150
[][][]
 []

) (class_projectile_controller.tex

pdfTeX warning: pdflatex (file ./class_projectile_controller.pdf): PDF inclusio
n: found PDF version <1.7>, but at most version <1.5> allowed
 <./class_projectile_controller.pdf>
<class_projectile_controller.pdf, id=3561, 501.875pt x 312.16624pt>
File: class_projectile_controller.pdf Graphic file (type pdf)
<use class_projectile_controller.pdf>
Package pdftex.def Info: class_projectile_controller.pdf  used on input line 11
.
(pdftex.def)             Requested size: 91.48228pt x 56.9055pt.
 [65]) (class_room.tex [66] [67]
Underfull \hbox (badness 10000) detected at line 70
[][][]
 []

) (class_rooms_data_save.tex [68] [69]) (class_room_s_o.tex

pdfTeX warning: pdflatex (file ./class_room_s_o.pdf): PDF inclusion: found PDF 
version <1.7>, but at most version <1.5> allowed
 <./class_room_s_o.pdf>
<class_room_s_o.pdf, id=3652, 501.875pt x 142.5325pt>
File: class_room_s_o.pdf Graphic file (type pdf)
<use class_room_s_o.pdf>
Package pdftex.def Info: class_room_s_o.pdf  used on input line 11.
(pdftex.def)             Requested size: 200.3712pt x 56.9055pt.
 [70]
Underfull \hbox (badness 10000) detected at line 58
[][][]
 []

[71]) (class_save_data.tex [72] [73]) (class_secondary_attack.tex

pdfTeX warning: pdflatex (file ./class_secondary_attack.pdf): PDF inclusion: fo
und PDF version <1.7>, but at most version <1.5> allowed
 <./class_secondary_attack.pdf>
<class_secondary_attack.pdf, id=3723, 501.875pt x 343.2825pt>
File: class_secondary_attack.pdf Graphic file (type pdf)
<use class_secondary_attack.pdf>
Package pdftex.def Info: class_secondary_attack.pdf  used on input line 11.
(pdftex.def)             Requested size: 83.18869pt x 56.9055pt.
) (class_seek_behaviour.tex

pdfTeX warning: pdflatex (file ./class_seek_behaviour.pdf): PDF inclusion: foun
d PDF version <1.7>, but at most version <1.5> allowed
 <./class_seek_behaviour.pdf>
<class_seek_behaviour.pdf, id=3730, 501.875pt x 481.8pt>
File: class_seek_behaviour.pdf Graphic file (type pdf)
<use class_seek_behaviour.pdf>
Package pdftex.def Info: class_seek_behaviour.pdf  used on input line 11.
(pdftex.def)             Requested size: 88.90921pt x 85.35826pt.
 [74] [75]
Underfull \hbox (badness 10000) detected at line 55
[][][]
 []

) (class_serialization_manager.tex
Underfull \hbox (badness 10000) detected at line 33
[][][]
 []

[76]
Underfull \hbox (badness 10000) detected at line 51
[][][]
 []


Underfull \hbox (badness 10000) detected at line 71
[][][]
 []

) (class_slimes_a_i.tex

pdfTeX warning: pdflatex (file ./class_slimes_a_i.pdf): PDF inclusion: found PD
F version <1.7>, but at most version <1.5> allowed
 <./class_slimes_a_i.pdf>
<class_slimes_a_i.pdf, id=3775, 501.875pt x 365.365pt>
File: class_slimes_a_i.pdf Graphic file (type pdf)
<use class_slimes_a_i.pdf>
Package pdftex.def Info: class_slimes_a_i.pdf  used on input line 11.
(pdftex.def)             Requested size: 78.16505pt x 56.9055pt.
) (class_spawn_rate.tex [77])
(class_sprite_switcher_on_step.tex

pdfTeX warning: pdflatex (file ./class_sprite_switcher_on_step.pdf): PDF inclus
ion: found PDF version <1.7>, but at most version <1.5> allowed
 <./class_sprite_switcher_on_step.pdf>
<class_sprite_switcher_on_step.pdf, id=3795, 501.875pt x 279.0425pt>
File: class_sprite_switcher_on_step.pdf Graphic file (type pdf)
<use class_sprite_switcher_on_step.pdf>
Package pdftex.def Info: class_sprite_switcher_on_step.pdf  used on input line 
11.
(pdftex.def)             Requested size: 102.34897pt x 56.9055pt.
) (class_steering_behaviour.tex [78]

pdfTeX warning: pdflatex (file ./class_steering_behaviour.pdf): PDF inclusion: 
found PDF version <1.7>, but at most version <1.5> allowed
 <./class_steering_behaviour.pdf>
<class_steering_behaviour.pdf, id=3810, 501.875pt x 169.63374pt>
File: class_steering_behaviour.pdf Graphic file (type pdf)
<use class_steering_behaviour.pdf>
Package pdftex.def Info: class_steering_behaviour.pdf  used on input line 11.
(pdftex.def)             Requested size: 252.5374pt x 85.35826pt.
 [79] [80]
Underfull \hbox (badness 10000) detected at line 58
[][][]
 []

) (class_sword_hitbox.tex

pdfTeX warning: pdflatex (file ./class_sword_hitbox.pdf): PDF inclusion: found 
PDF version <1.7>, but at most version <1.5> allowed
 <./class_sword_hitbox.pdf>
<class_sword_hitbox.pdf, id=3833, 501.875pt x 365.365pt>
File: class_sword_hitbox.pdf Graphic file (type pdf)
<use class_sword_hitbox.pdf>
Package pdftex.def Info: class_sword_hitbox.pdf  used on input line 11.
(pdftex.def)             Requested size: 78.16505pt x 56.9055pt.
 [81]) (class_target_detector.tex

pdfTeX warning: pdflatex (file ./class_target_detector.pdf): PDF inclusion: fou
nd PDF version <1.7>, but at most version <1.5> allowed
 <./class_target_detector.pdf>
<class_target_detector.pdf, id=3856, 501.875pt x 548.0475pt>
File: class_target_detector.pdf Graphic file (type pdf)
<use class_target_detector.pdf>
Package pdftex.def Info: class_target_detector.pdf  used on input line 11.
(pdftex.def)             Requested size: 78.16505pt x 85.35826pt.
 [82]) (class_tile_dictionary_pair.tex [83])
(class_tile_side_descriptions_s_o.tex

pdfTeX warning: pdflatex (file ./class_tile_side_descriptions_s_o.pdf): PDF inc
lusion: found PDF version <1.7>, but at most version <1.5> allowed
 <./class_tile_side_descriptions_s_o.pdf>
<class_tile_side_descriptions_s_o.pdf, id=3892, 501.875pt x 262.9825pt>
File: class_tile_side_descriptions_s_o.pdf Graphic file (type pdf)
<use class_tile_side_descriptions_s_o.pdf>
Package pdftex.def Info: class_tile_side_descriptions_s_o.pdf  used on input li
ne 11.
(pdftex.def)             Requested size: 108.59789pt x 56.9055pt.
 [84]) (class_tile_s_o.tex

pdfTeX warning: pdflatex (file ./class_tile_s_o.pdf): PDF inclusion: found PDF 
version <1.7>, but at most version <1.5> allowed
 <./class_tile_s_o.pdf>
<class_tile_s_o.pdf, id=3913, 501.875pt x 154.5775pt>
File: class_tile_s_o.pdf Graphic file (type pdf)
<use class_tile_s_o.pdf>
Package pdftex.def Info: class_tile_s_o.pdf  used on input line 11.
(pdftex.def)             Requested size: 184.75656pt x 56.9055pt.
 [85] [86]
Underfull \hbox (badness 10000) detected at line 72
[][][]
 []

[87]) (class_bars_elements_1_1_bar_1_1_uxml_factory.tex)
(class_bars_elements_1_1_bar_1_1_uxml_traits.tex [88]

pdfTeX warning: pdflatex (file ./class_bars_elements_1_1_bar_1_1_uxml_traits.pd
f): PDF inclusion: found PDF version <1.7>, but at most version <1.5> allowed
 <./class_bars_elements_1_1_bar_1_1_uxml_traits.pdf>
<class_bars_elements_1_1_bar_1_1_uxml_traits.pdf, id=3995, 501.875pt x 221.8287
5pt>
File: class_bars_elements_1_1_bar_1_1_uxml_traits.pdf Graphic file (type pdf)
<use class_bars_elements_1_1_bar_1_1_uxml_traits.pdf>
Package pdftex.def Info: class_bars_elements_1_1_bar_1_1_uxml_traits.pdf  used 
on input line 11.
(pdftex.def)             Requested size: 128.73839pt x 56.9055pt.

Underfull \hbox (badness 10000) in paragraph at lines 43--44
\T1/pcr/m/n/8 override IEnumerable$\OML/cmm/m/it/8 <$\T1/pcr/m/n/8 Uxml[]Child[
]Element[]Description$\OML/cmm/m/it/8 >$ \T1/pcr/m/n/8 Bars[]Elements.[]Bar.[]U
xml[]Traits.[]uxml[]Child[]
 []

[89]) (class_water_elemental_controller.tex

pdfTeX warning: pdflatex (file ./class_water_elemental_controller.pdf): PDF inc
lusion: found PDF version <1.7>, but at most version <1.5> allowed
 <./class_water_elemental_controller.pdf>
<class_water_elemental_controller.pdf, id=4014, 501.875pt x 246.9225pt>
File: class_water_elemental_controller.pdf Graphic file (type pdf)
<use class_water_elemental_controller.pdf>
Package pdftex.def Info: class_water_elemental_controller.pdf  used on input li
ne 11.
(pdftex.def)             Requested size: 115.65855pt x 56.9055pt.
 [90]) [91] [92

]
Chapter 7.
(_inventory_slot_8cs.tex) (_i_dammageable_8cs.tex) (_bar_8cs.tex)
(_direction_8cs.tex [93]) (_game_state_controller_8cs.tex)
(_helper_functions_8cs.tex) (_ammo_pick_up_8cs.tex [94])
(_health_pick_up_8cs.tex) (_pick_up_8cs.tex) (_doors_controller_8cs.tex)
(_i_tile_kind_8cs.tex) (_map_generation_8cs.tex) (_map_matrix_8cs.tex)
(_obstacle_dictionary_pair_8cs.tex [95]) (_chest_controller_8cs.tex)
(_ice_rune_controler_8cs.tex) (_item_spawn_rate_8cs.tex)
(_sprite_switcher_on_step_8cs.tex) (_obstacle_s_o_8cs.tex [96])
(_obstacle_type_8cs.tex
Overfull \vbox (16.75941pt too high) has occurred while \output is active []


[97]) (_side_description_8cs.tex) (_spawn_rate_8cs.tex)
(_tile_dictionary_pair_8cs.tex [98]) (_tile_side_descriptions_s_o_8cs.tex)
(_tile_s_o_8cs.tex) (_monster_damage_8cs.tex) (_monster_dictionary_pair_8cs.tex
) (_monster_s_o_8cs.tex) (_monster_type_8cs.tex [99])
(_projectile_controller_8cs.tex) (_a_i_data_8cs.tex) (_context_solver_8cs.tex
[100]) (_detector_8cs.tex) (_obstacle_avoiding_behaviour_8cs.tex)
(_obstacles_detector_8cs.tex) (_seek_behaviour_8cs.tex) (_slimes_a_i_8cs.tex)
(_steering_behaviour_8cs.tex [101]) (_target_detector_8cs.tex)
(_water_elemental_controller_8cs.tex) (_enemy_hit_checker_8cs.tex)
(_item_s_o_8cs.tex) (_player_controller_8cs.tex [102]) (_player_damage_8cs.tex)
(_player_s_o_8cs.tex) (_player_stats_controller_8cs.tex)
(_secondary_attack_8cs.tex) (_sword_hitbox_8cs.tex) (_room_8cs.tex [103])
(_room_s_o_8cs.tex) (_player_data_save_8cs.tex) (_rooms_data_save_8cs.tex)
(_save_data_8cs.tex) (_serialization_manager_8cs.tex) [104] (refman.ind
Underfull \hbox (badness 10000) in paragraph at lines 32--34
[]\T1/phv/m/n/10 Assets/Scripts/MapScripts/ObstacleDictionaryPair.cs,
 []


Overfull \hbox (29.54382pt too wide) in paragraph at lines 40--42
[]\T1/phv/m/n/10 Assets/Scripts/MapScripts/Obstacles/SpriteSwitcherOnStep.cs,
 []


Underfull \hbox (badness 10000) in paragraph at lines 48--50
[]\T1/phv/m/n/10 Assets/Scripts/MapScripts/TileSideDescriptionsSO.cs,
 []


Underfull \hbox (badness 10000) in paragraph at lines 57--59
[]\T1/phv/m/n/10 Assets/Scripts/MonsterScripts/ProjectileController.cs,
 []


Underfull \hbox (badness 10000) in paragraph at lines 63--65
[]\T1/phv/m/n/10 Assets/Scripts/MonsterScripts/SlimesAI/Detector.cs,
 []


Overfull \hbox (61.01654pt too wide) in paragraph at lines 65--67
[]\T1/phv/m/n/10 Assets/Scripts/MonsterScripts/SlimesAI/ObstacleAvoidingBehavio
ur.cs,
 []


Overfull \hbox (25.26007pt too wide) in paragraph at lines 67--69
[]\T1/phv/m/n/10 Assets/Scripts/MonsterScripts/SlimesAI/ObstaclesDetector.cs,
 []


Underfull \hbox (badness 10000) in paragraph at lines 71--73
[]\T1/phv/m/n/10 Assets/Scripts/MonsterScripts/SlimesAI/SlimesAI.cs,
 []


Overfull \hbox (25.2239pt too wide) in paragraph at lines 73--75
[]\T1/phv/m/n/10 Assets/Scripts/MonsterScripts/SlimesAI/SteeringBehaviour.cs,
 []


Overfull \hbox (15.89119pt too wide) in paragraph at lines 77--79
[]\T1/phv/m/n/10 Assets/Scripts/MonsterScripts/WaterElementalController.cs,
 []


Underfull \hbox (badness 10000) in paragraph at lines 86--88
[]\T1/phv/m/n/10 Assets/Scripts/PlayerScripts/PlayerStatsController.cs,
 []

[105



] [106] [107] [108] [109] [110] [111])
Package atveryend Info: Empty hook `BeforeClearDocument' on input line 305.
Package atveryend Info: Empty hook `AfterLastShipout' on input line 305.
 (refman.aux)
Package atveryend Info: Executing hook `AtVeryEndDocument' on input line 305.
Package atveryend Info: Executing hook `AtEndAfterFileList' on input line 305.
Package rerunfilecheck Info: File `refman.out' has not changed.
(rerunfilecheck)             Checksum: 4496268BD4A47A13D99E48D915B07E4A;96031.
 ) 
Here is how much of TeX's memory you used:
 19809 strings out of 492484
 323869 string characters out of 3122960
 491860 words of memory out of 3000000
 22509 multiletter control sequences out of 15000+200000
 69874 words of font info for 96 fonts, out of 3000000 for 9000
 1141 hyphenation exceptions out of 8191
 55i,16n,96p,897b,627s stack positions out of 5000i,500n,10000p,200000b,50000s
{C:/Users/Pc/AppData/Local/Programs/MiKTeX 2.9/fonts/enc/dvips/base/8r.enc}<C
:/Users/Pc/AppData/Local/Programs/MiKTeX 2.9/fonts/type1/public/amsfonts/cm/cmm
i10.pfb><C:/Users/Pc/AppData/Local/Programs/MiKTeX 2.9/fonts/type1/public/amsfo
nts/cm/cmmi12.pfb><C:/Users/Pc/AppData/Local/Programs/MiKTeX 2.9/fonts/type1/pu
blic/amsfonts/cm/cmmi7.pfb><C:/Users/Pc/AppData/Local/Programs/MiKTeX 2.9/fonts
/type1/public/amsfonts/cm/cmmi8.pfb><C:/Users/Pc/AppData/Local/Programs/MiKTeX 
2.9/fonts/type1/public/amsfonts/cm/cmsy7.pfb><C:/Users/Pc/AppData/Local/Program
s/MiKTeX 2.9/fonts/type1/urw/courier/ucrb8a.pfb><C:/Users/Pc/AppData/Local/Prog
rams/MiKTeX 2.9/fonts/type1/urw/courier/ucrr8a.pfb><C:/Users/Pc/AppData/Local/P
rograms/MiKTeX 2.9/fonts/type1/urw/courier/ucrro8a.pfb><C:/Users/Pc/AppData/Loc
al/Programs/MiKTeX 2.9/fonts/type1/urw/helvetic/uhvb8a.pfb><C:/Users/Pc/AppData
/Local/Programs/MiKTeX 2.9/fonts/type1/urw/helvetic/uhvb8ac.pfb><C:/Users/Pc/Ap
pData/Local/Programs/MiKTeX 2.9/fonts/type1/urw/helvetic/uhvbo8a.pfb><C:/Users/
Pc/AppData/Local/Programs/MiKTeX 2.9/fonts/type1/urw/helvetic/uhvr8a.pfb><C:/Us
ers/Pc/AppData/Local/Programs/MiKTeX 2.9/fonts/type1/urw/helvetic/uhvro8a.pfb>
Output written on refman.pdf (125 pages, 1123377 bytes).
PDF statistics:
 5142 PDF objects out of 5155 (max. 8388607)
 1088 named destinations out of 1200 (max. 500000)
 3599 words of extra memory for PDF output out of 10000 (max. 10000000)

