\BOOKMARK [0][-]{chapter.1}{\376\377\0001\000\040\000N\000a\000m\000e\000s\000p\000a\000c\000e\000\040\000I\000n\000d\000e\000x}{}% 1
\BOOKMARK [1][-]{section.1.1}{\376\377\0001\000.\0001\000\040\000P\000a\000c\000k\000a\000g\000e\000\040\000L\000i\000s\000t}{chapter.1}% 2
\BOOKMARK [0][-]{chapter.2}{\376\377\0002\000\040\000H\000i\000e\000r\000a\000r\000c\000h\000i\000c\000a\000l\000\040\000I\000n\000d\000e\000x}{}% 3
\BOOKMARK [1][-]{section.2.1}{\376\377\0002\000.\0001\000\040\000C\000l\000a\000s\000s\000\040\000H\000i\000e\000r\000a\000r\000c\000h\000y}{chapter.2}% 4
\BOOKMARK [0][-]{chapter.3}{\376\377\0003\000\040\000C\000l\000a\000s\000s\000\040\000I\000n\000d\000e\000x}{}% 5
\BOOKMARK [1][-]{section.3.1}{\376\377\0003\000.\0001\000\040\000C\000l\000a\000s\000s\000\040\000L\000i\000s\000t}{chapter.3}% 6
\BOOKMARK [0][-]{chapter.4}{\376\377\0004\000\040\000F\000i\000l\000e\000\040\000I\000n\000d\000e\000x}{}% 7
\BOOKMARK [1][-]{section.4.1}{\376\377\0004\000.\0001\000\040\000F\000i\000l\000e\000\040\000L\000i\000s\000t}{chapter.4}% 8
\BOOKMARK [0][-]{chapter.5}{\376\377\0005\000\040\000N\000a\000m\000e\000s\000p\000a\000c\000e\000\040\000D\000o\000c\000u\000m\000e\000n\000t\000a\000t\000i\000o\000n}{}% 9
\BOOKMARK [1][-]{section.5.1}{\376\377\0005\000.\0001\000\040\000B\000a\000r\000s\000E\000l\000e\000m\000e\000n\000t\000s\000\040\000N\000a\000m\000e\000s\000p\000a\000c\000e\000\040\000R\000e\000f\000e\000r\000e\000n\000c\000e}{chapter.5}% 10
\BOOKMARK [0][-]{chapter.6}{\376\377\0006\000\040\000C\000l\000a\000s\000s\000\040\000D\000o\000c\000u\000m\000e\000n\000t\000a\000t\000i\000o\000n}{}% 11
\BOOKMARK [1][-]{section.6.1}{\376\377\0006\000.\0001\000\040\000A\000I\000D\000a\000t\000a\000\040\000C\000l\000a\000s\000s\000\040\000R\000e\000f\000e\000r\000e\000n\000c\000e}{chapter.6}% 12
\BOOKMARK [2][-]{subsection.6.1.1}{\376\377\0006\000.\0001\000.\0001\000\040\000D\000e\000t\000a\000i\000l\000e\000d\000\040\000D\000e\000s\000c\000r\000i\000p\000t\000i\000o\000n}{section.6.1}% 13
\BOOKMARK [2][-]{subsection.6.1.2}{\376\377\0006\000.\0001\000.\0002\000\040\000M\000e\000m\000b\000e\000r\000\040\000F\000u\000n\000c\000t\000i\000o\000n\000\040\000D\000o\000c\000u\000m\000e\000n\000t\000a\000t\000i\000o\000n}{section.6.1}% 14
\BOOKMARK [3][-]{subsubsection.6.1.2.1}{\376\377\0006\000.\0001\000.\0002\000.\0001\000\040\000G\000e\000t\000T\000a\000r\000g\000e\000t\000s\000C\000o\000u\000n\000t\000\050\000\051}{subsection.6.1.2}% 15
\BOOKMARK [2][-]{subsection.6.1.3}{\376\377\0006\000.\0001\000.\0003\000\040\000P\000r\000o\000p\000e\000r\000t\000y\000\040\000D\000o\000c\000u\000m\000e\000n\000t\000a\000t\000i\000o\000n}{section.6.1}% 16
\BOOKMARK [3][-]{subsubsection.6.1.3.1}{\376\377\0006\000.\0001\000.\0003\000.\0001\000\040\000C\000u\000r\000r\000e\000n\000t\000T\000a\000r\000g\000e\000t}{subsection.6.1.3}% 17
\BOOKMARK [3][-]{subsubsection.6.1.3.2}{\376\377\0006\000.\0001\000.\0003\000.\0002\000\040\000O\000b\000s\000t\000a\000c\000l\000e\000s}{subsection.6.1.3}% 18
\BOOKMARK [3][-]{subsubsection.6.1.3.3}{\376\377\0006\000.\0001\000.\0003\000.\0003\000\040\000T\000a\000r\000g\000e\000t\000s}{subsection.6.1.3}% 19
\BOOKMARK [1][-]{section.6.2}{\376\377\0006\000.\0002\000\040\000A\000m\000m\000o\000P\000i\000c\000k\000U\000p\000\040\000C\000l\000a\000s\000s\000\040\000R\000e\000f\000e\000r\000e\000n\000c\000e}{chapter.6}% 20
\BOOKMARK [2][-]{subsection.6.2.1}{\376\377\0006\000.\0002\000.\0001\000\040\000M\000e\000m\000b\000e\000r\000\040\000F\000u\000n\000c\000t\000i\000o\000n\000\040\000D\000o\000c\000u\000m\000e\000n\000t\000a\000t\000i\000o\000n}{section.6.2}% 21
\BOOKMARK [3][-]{subsubsection.6.2.1.1}{\376\377\0006\000.\0002\000.\0001\000.\0001\000\040\000O\000n\000P\000i\000c\000k\000U\000p\000\050\000\051}{subsection.6.2.1}% 22
\BOOKMARK [1][-]{section.6.3}{\376\377\0006\000.\0003\000\040\000B\000a\000r\000s\000E\000l\000e\000m\000e\000n\000t\000s\000.\000B\000a\000r\000\040\000C\000l\000a\000s\000s\000\040\000R\000e\000f\000e\000r\000e\000n\000c\000e}{chapter.6}% 23
\BOOKMARK [2][-]{subsection.6.3.1}{\376\377\0006\000.\0003\000.\0001\000\040\000D\000e\000t\000a\000i\000l\000e\000d\000\040\000D\000e\000s\000c\000r\000i\000p\000t\000i\000o\000n}{section.6.3}% 24
\BOOKMARK [2][-]{subsection.6.3.2}{\376\377\0006\000.\0003\000.\0002\000\040\000M\000e\000m\000b\000e\000r\000\040\000F\000u\000n\000c\000t\000i\000o\000n\000\040\000D\000o\000c\000u\000m\000e\000n\000t\000a\000t\000i\000o\000n}{section.6.3}% 25
\BOOKMARK [3][-]{subsubsection.6.3.2.1}{\376\377\0006\000.\0003\000.\0002\000.\0001\000\040\000S\000e\000t\000V\000a\000l\000u\000e\000W\000i\000t\000h\000o\000u\000t\000N\000o\000t\000i\000f\000y\000\050\000\051}{subsection.6.3.2}% 26
\BOOKMARK [2][-]{subsection.6.3.3}{\376\377\0006\000.\0003\000.\0003\000\040\000P\000r\000o\000p\000e\000r\000t\000y\000\040\000D\000o\000c\000u\000m\000e\000n\000t\000a\000t\000i\000o\000n}{section.6.3}% 27
\BOOKMARK [3][-]{subsubsection.6.3.3.1}{\376\377\0006\000.\0003\000.\0003\000.\0001\000\040\000s\000p\000r\000i\000t\000e\000B\000a\000s\000e\000N\000a\000m\000e}{subsection.6.3.3}% 28
\BOOKMARK [3][-]{subsubsection.6.3.3.2}{\376\377\0006\000.\0003\000.\0003\000.\0002\000\040\000s\000p\000r\000i\000t\000e\000N\000a\000m\000e}{subsection.6.3.3}% 29
\BOOKMARK [3][-]{subsubsection.6.3.3.3}{\376\377\0006\000.\0003\000.\0003\000.\0003\000\040\000v\000a\000l\000u\000e}{subsection.6.3.3}% 30
\BOOKMARK [1][-]{section.6.4}{\376\377\0006\000.\0004\000\040\000C\000h\000e\000s\000t\000C\000o\000n\000t\000r\000o\000l\000l\000e\000r\000\040\000C\000l\000a\000s\000s\000\040\000R\000e\000f\000e\000r\000e\000n\000c\000e}{chapter.6}% 31
\BOOKMARK [2][-]{subsection.6.4.1}{\376\377\0006\000.\0004\000.\0001\000\040\000D\000e\000t\000a\000i\000l\000e\000d\000\040\000D\000e\000s\000c\000r\000i\000p\000t\000i\000o\000n}{section.6.4}% 32
\BOOKMARK [2][-]{subsection.6.4.2}{\376\377\0006\000.\0004\000.\0002\000\040\000M\000e\000m\000b\000e\000r\000\040\000F\000u\000n\000c\000t\000i\000o\000n\000\040\000D\000o\000c\000u\000m\000e\000n\000t\000a\000t\000i\000o\000n}{section.6.4}% 33
\BOOKMARK [3][-]{subsubsection.6.4.2.1}{\376\377\0006\000.\0004\000.\0002\000.\0001\000\040\000C\000h\000a\000n\000g\000e\000S\000p\000r\000i\000t\000e\000\050\000\051}{subsection.6.4.2}% 34
\BOOKMARK [3][-]{subsubsection.6.4.2.2}{\376\377\0006\000.\0004\000.\0002\000.\0002\000\040\000O\000p\000e\000n\000C\000h\000e\000s\000t\000\050\000\051}{subsection.6.4.2}% 35
\BOOKMARK [3][-]{subsubsection.6.4.2.3}{\376\377\0006\000.\0004\000.\0002\000.\0003\000\040\000S\000p\000a\000w\000n\000I\000t\000e\000m\000\050\000\051}{subsection.6.4.2}% 36
\BOOKMARK [2][-]{subsection.6.4.3}{\376\377\0006\000.\0004\000.\0003\000\040\000M\000e\000m\000b\000e\000r\000\040\000D\000a\000t\000a\000\040\000D\000o\000c\000u\000m\000e\000n\000t\000a\000t\000i\000o\000n}{section.6.4}% 37
\BOOKMARK [3][-]{subsubsection.6.4.3.1}{\376\377\0006\000.\0004\000.\0003\000.\0001\000\040\000x}{subsection.6.4.3}% 38
\BOOKMARK [2][-]{subsection.6.4.4}{\376\377\0006\000.\0004\000.\0004\000\040\000P\000r\000o\000p\000e\000r\000t\000y\000\040\000D\000o\000c\000u\000m\000e\000n\000t\000a\000t\000i\000o\000n}{section.6.4}% 39
\BOOKMARK [3][-]{subsubsection.6.4.4.1}{\376\377\0006\000.\0004\000.\0004\000.\0001\000\040\000\137\000i\000s\000C\000h\000e\000s\000t\000O\000p\000e\000n}{subsection.6.4.4}% 40
\BOOKMARK [3][-]{subsubsection.6.4.4.2}{\376\377\0006\000.\0004\000.\0004\000.\0002\000\040\000c\000h\000e\000s\000t\000P\000o\000s}{subsection.6.4.4}% 41
\BOOKMARK [1][-]{section.6.5}{\376\377\0006\000.\0005\000\040\000C\000o\000n\000t\000e\000x\000t\000S\000o\000l\000v\000e\000r\000\040\000C\000l\000a\000s\000s\000\040\000R\000e\000f\000e\000r\000e\000n\000c\000e}{chapter.6}% 42
\BOOKMARK [2][-]{subsection.6.5.1}{\376\377\0006\000.\0005\000.\0001\000\040\000D\000e\000t\000a\000i\000l\000e\000d\000\040\000D\000e\000s\000c\000r\000i\000p\000t\000i\000o\000n}{section.6.5}% 43
\BOOKMARK [2][-]{subsection.6.5.2}{\376\377\0006\000.\0005\000.\0002\000\040\000M\000e\000m\000b\000e\000r\000\040\000F\000u\000n\000c\000t\000i\000o\000n\000\040\000D\000o\000c\000u\000m\000e\000n\000t\000a\000t\000i\000o\000n}{section.6.5}% 44
\BOOKMARK [3][-]{subsubsection.6.5.2.1}{\376\377\0006\000.\0005\000.\0002\000.\0001\000\040\000G\000e\000t\000D\000i\000r\000e\000c\000t\000i\000o\000n\000T\000o\000M\000o\000v\000e\000\050\000\051}{subsection.6.5.2}% 45
\BOOKMARK [1][-]{section.6.6}{\376\377\0006\000.\0006\000\040\000D\000e\000t\000e\000c\000t\000o\000r\000\040\000C\000l\000a\000s\000s\000\040\000R\000e\000f\000e\000r\000e\000n\000c\000e}{chapter.6}% 46
\BOOKMARK [2][-]{subsection.6.6.1}{\376\377\0006\000.\0006\000.\0001\000\040\000D\000e\000t\000a\000i\000l\000e\000d\000\040\000D\000e\000s\000c\000r\000i\000p\000t\000i\000o\000n}{section.6.6}% 47
\BOOKMARK [2][-]{subsection.6.6.2}{\376\377\0006\000.\0006\000.\0002\000\040\000M\000e\000m\000b\000e\000r\000\040\000F\000u\000n\000c\000t\000i\000o\000n\000\040\000D\000o\000c\000u\000m\000e\000n\000t\000a\000t\000i\000o\000n}{section.6.6}% 48
\BOOKMARK [3][-]{subsubsection.6.6.2.1}{\376\377\0006\000.\0006\000.\0002\000.\0001\000\040\000D\000e\000t\000e\000c\000t\000\050\000\051}{subsection.6.6.2}% 49
\BOOKMARK [1][-]{section.6.7}{\376\377\0006\000.\0007\000\040\000D\000o\000o\000r\000s\000C\000o\000n\000t\000r\000o\000l\000l\000e\000r\000\040\000C\000l\000a\000s\000s\000\040\000R\000e\000f\000e\000r\000e\000n\000c\000e}{chapter.6}% 50
\BOOKMARK [2][-]{subsection.6.7.1}{\376\377\0006\000.\0007\000.\0001\000\040\000D\000e\000t\000a\000i\000l\000e\000d\000\040\000D\000e\000s\000c\000r\000i\000p\000t\000i\000o\000n}{section.6.7}% 51
\BOOKMARK [2][-]{subsection.6.7.2}{\376\377\0006\000.\0007\000.\0002\000\040\000P\000r\000o\000p\000e\000r\000t\000y\000\040\000D\000o\000c\000u\000m\000e\000n\000t\000a\000t\000i\000o\000n}{section.6.7}% 52
\BOOKMARK [3][-]{subsubsection.6.7.2.1}{\376\377\0006\000.\0007\000.\0002\000.\0001\000\040\000d\000i\000r}{subsection.6.7.2}% 53
\BOOKMARK [1][-]{section.6.8}{\376\377\0006\000.\0008\000\040\000E\000n\000e\000m\000y\000H\000i\000t\000C\000h\000e\000c\000k\000e\000r\000\040\000C\000l\000a\000s\000s\000\040\000R\000e\000f\000e\000r\000e\000n\000c\000e}{chapter.6}% 54
\BOOKMARK [2][-]{subsection.6.8.1}{\376\377\0006\000.\0008\000.\0001\000\040\000D\000e\000t\000a\000i\000l\000e\000d\000\040\000D\000e\000s\000c\000r\000i\000p\000t\000i\000o\000n}{section.6.8}% 55
\BOOKMARK [1][-]{section.6.9}{\376\377\0006\000.\0009\000\040\000G\000a\000m\000e\000S\000t\000a\000t\000e\000C\000o\000n\000t\000r\000o\000l\000l\000e\000r\000\040\000C\000l\000a\000s\000s\000\040\000R\000e\000f\000e\000r\000e\000n\000c\000e}{chapter.6}% 56
\BOOKMARK [2][-]{subsection.6.9.1}{\376\377\0006\000.\0009\000.\0001\000\040\000D\000e\000t\000a\000i\000l\000e\000d\000\040\000D\000e\000s\000c\000r\000i\000p\000t\000i\000o\000n}{section.6.9}% 57
\BOOKMARK [2][-]{subsection.6.9.2}{\376\377\0006\000.\0009\000.\0002\000\040\000M\000e\000m\000b\000e\000r\000\040\000F\000u\000n\000c\000t\000i\000o\000n\000\040\000D\000o\000c\000u\000m\000e\000n\000t\000a\000t\000i\000o\000n}{section.6.9}% 58
\BOOKMARK [3][-]{subsubsection.6.9.2.1}{\376\377\0006\000.\0009\000.\0002\000.\0001\000\040\000E\000x\000i\000t\000\050\000\051}{subsection.6.9.2}% 59
\BOOKMARK [3][-]{subsubsection.6.9.2.2}{\376\377\0006\000.\0009\000.\0002\000.\0002\000\040\000L\000o\000a\000d\000G\000a\000m\000e\000\050\000\051}{subsection.6.9.2}% 60
\BOOKMARK [3][-]{subsubsection.6.9.2.3}{\376\377\0006\000.\0009\000.\0002\000.\0003\000\040\000L\000o\000a\000d\000M\000a\000i\000n\000M\000e\000n\000u\000\050\000\051}{subsection.6.9.2}% 61
\BOOKMARK [3][-]{subsubsection.6.9.2.4}{\376\377\0006\000.\0009\000.\0002\000.\0004\000\040\000L\000o\000a\000d\000P\000a\000u\000s\000e\000M\000e\000n\000u\000\050\000\051}{subsection.6.9.2}% 62
\BOOKMARK [3][-]{subsubsection.6.9.2.5}{\376\377\0006\000.\0009\000.\0002\000.\0005\000\040\000M\000a\000p\000C\000l\000e\000a\000r\000\050\000\051}{subsection.6.9.2}% 63
\BOOKMARK [3][-]{subsubsection.6.9.2.6}{\376\377\0006\000.\0009\000.\0002\000.\0006\000\040\000N\000e\000w\000G\000a\000m\000e\000\050\000\051}{subsection.6.9.2}% 64
\BOOKMARK [3][-]{subsubsection.6.9.2.7}{\376\377\0006\000.\0009\000.\0002\000.\0007\000\040\000O\000n\000G\000a\000m\000e\000E\000n\000d\000\050\000\051}{subsection.6.9.2}% 65
\BOOKMARK [3][-]{subsubsection.6.9.2.8}{\376\377\0006\000.\0009\000.\0002\000.\0008\000\040\000S\000a\000v\000e\000G\000a\000m\000e\000\050\000\051}{subsection.6.9.2}% 66
\BOOKMARK [3][-]{subsubsection.6.9.2.9}{\376\377\0006\000.\0009\000.\0002\000.\0009\000\040\000S\000w\000i\000t\000c\000h\000R\000o\000o\000m\000s\000\050\000\051}{subsection.6.9.2}% 67
\BOOKMARK [3][-]{subsubsection.6.9.2.10}{\376\377\0006\000.\0009\000.\0002\000.\0001\0000\000\040\000U\000n\000l\000o\000a\000d\000P\000a\000u\000s\000e\000M\000e\000n\000u\000\050\000\051}{subsection.6.9.2}% 68
\BOOKMARK [2][-]{subsection.6.9.3}{\376\377\0006\000.\0009\000.\0003\000\040\000P\000r\000o\000p\000e\000r\000t\000y\000\040\000D\000o\000c\000u\000m\000e\000n\000t\000a\000t\000i\000o\000n}{section.6.9}% 69
\BOOKMARK [3][-]{subsubsection.6.9.3.1}{\376\377\0006\000.\0009\000.\0003\000.\0001\000\040\000c\000u\000r\000r\000e\000n\000t\000R\000o\000o\000m}{subsection.6.9.3}% 70
\BOOKMARK [3][-]{subsubsection.6.9.3.2}{\376\377\0006\000.\0009\000.\0003\000.\0002\000\040\000i\000n\000s\000t\000a\000n\000c\000e}{subsection.6.9.3}% 71
\BOOKMARK [3][-]{subsubsection.6.9.3.3}{\376\377\0006\000.\0009\000.\0003\000.\0003\000\040\000i\000s\000P\000a\000u\000s\000e\000d}{subsection.6.9.3}% 72
\BOOKMARK [3][-]{subsubsection.6.9.3.4}{\376\377\0006\000.\0009\000.\0003\000.\0004\000\040\000i\000s\000S\000w\000i\000t\000c\000h\000i\000n\000g\000R\000o\000o\000m}{subsection.6.9.3}% 73
\BOOKMARK [3][-]{subsubsection.6.9.3.5}{\376\377\0006\000.\0009\000.\0003\000.\0005\000\040\000r\000o\000o\000m\000s}{subsection.6.9.3}% 74
\BOOKMARK [1][-]{section.6.10}{\376\377\0006\000.\0001\0000\000\040\000H\000e\000a\000l\000t\000h\000P\000i\000c\000k\000U\000p\000\040\000C\000l\000a\000s\000s\000\040\000R\000e\000f\000e\000r\000e\000n\000c\000e}{chapter.6}% 75
\BOOKMARK [2][-]{subsection.6.10.1}{\376\377\0006\000.\0001\0000\000.\0001\000\040\000D\000e\000t\000a\000i\000l\000e\000d\000\040\000D\000e\000s\000c\000r\000i\000p\000t\000i\000o\000n}{section.6.10}% 76
\BOOKMARK [2][-]{subsection.6.10.2}{\376\377\0006\000.\0001\0000\000.\0002\000\040\000M\000e\000m\000b\000e\000r\000\040\000F\000u\000n\000c\000t\000i\000o\000n\000\040\000D\000o\000c\000u\000m\000e\000n\000t\000a\000t\000i\000o\000n}{section.6.10}% 77
\BOOKMARK [3][-]{subsubsection.6.10.2.1}{\376\377\0006\000.\0001\0000\000.\0002\000.\0001\000\040\000O\000n\000P\000i\000c\000k\000U\000p\000\050\000\051}{subsection.6.10.2}% 78
\BOOKMARK [1][-]{section.6.11}{\376\377\0006\000.\0001\0001\000\040\000I\000c\000e\000R\000u\000n\000e\000C\000o\000n\000t\000r\000o\000l\000e\000r\000\040\000C\000l\000a\000s\000s\000\040\000R\000e\000f\000e\000r\000e\000n\000c\000e}{chapter.6}% 79
\BOOKMARK [2][-]{subsection.6.11.1}{\376\377\0006\000.\0001\0001\000.\0001\000\040\000D\000e\000t\000a\000i\000l\000e\000d\000\040\000D\000e\000s\000c\000r\000i\000p\000t\000i\000o\000n}{section.6.11}% 80
\BOOKMARK [1][-]{section.6.12}{\376\377\0006\000.\0001\0002\000\040\000I\000D\000a\000m\000m\000a\000g\000e\000a\000b\000l\000e\000\040\000I\000n\000t\000e\000r\000f\000a\000c\000e\000\040\000R\000e\000f\000e\000r\000e\000n\000c\000e}{chapter.6}% 81
\BOOKMARK [2][-]{subsection.6.12.1}{\376\377\0006\000.\0001\0002\000.\0001\000\040\000D\000e\000t\000a\000i\000l\000e\000d\000\040\000D\000e\000s\000c\000r\000i\000p\000t\000i\000o\000n}{section.6.12}% 82
\BOOKMARK [2][-]{subsection.6.12.2}{\376\377\0006\000.\0001\0002\000.\0002\000\040\000M\000e\000m\000b\000e\000r\000\040\000F\000u\000n\000c\000t\000i\000o\000n\000\040\000D\000o\000c\000u\000m\000e\000n\000t\000a\000t\000i\000o\000n}{section.6.12}% 83
\BOOKMARK [3][-]{subsubsection.6.12.2.1}{\376\377\0006\000.\0001\0002\000.\0002\000.\0001\000\040\000O\000n\000H\000i\000t\000\050\000\051\000\040\000[\0001\000/\0002\000]}{subsection.6.12.2}% 84
\BOOKMARK [3][-]{subsubsection.6.12.2.2}{\376\377\0006\000.\0001\0002\000.\0002\000.\0002\000\040\000O\000n\000H\000i\000t\000\050\000\051\000\040\000[\0002\000/\0002\000]}{subsection.6.12.2}% 85
\BOOKMARK [2][-]{subsection.6.12.3}{\376\377\0006\000.\0001\0002\000.\0003\000\040\000P\000r\000o\000p\000e\000r\000t\000y\000\040\000D\000o\000c\000u\000m\000e\000n\000t\000a\000t\000i\000o\000n}{section.6.12}% 86
\BOOKMARK [3][-]{subsubsection.6.12.3.1}{\376\377\0006\000.\0001\0002\000.\0003\000.\0001\000\040\000T\000a\000r\000g\000e\000t\000a\000b\000l\000e}{subsection.6.12.3}% 87
\BOOKMARK [1][-]{section.6.13}{\376\377\0006\000.\0001\0003\000\040\000I\000n\000v\000e\000n\000t\000o\000r\000y\000S\000l\000o\000t\000\040\000C\000l\000a\000s\000s\000\040\000R\000e\000f\000e\000r\000e\000n\000c\000e}{chapter.6}% 88
\BOOKMARK [2][-]{subsection.6.13.1}{\376\377\0006\000.\0001\0003\000.\0001\000\040\000C\000o\000n\000s\000t\000r\000u\000c\000t\000o\000r\000\040\000\046\000\040\000D\000e\000s\000t\000r\000u\000c\000t\000o\000r\000\040\000D\000o\000c\000u\000m\000e\000n\000t\000a\000t\000i\000o\000n}{section.6.13}% 89
\BOOKMARK [3][-]{subsubsection.6.13.1.1}{\376\377\0006\000.\0001\0003\000.\0001\000.\0001\000\040\000I\000n\000v\000e\000n\000t\000o\000r\000y\000S\000l\000o\000t\000\050\000\051}{subsection.6.13.1}% 90
\BOOKMARK [2][-]{subsection.6.13.2}{\376\377\0006\000.\0001\0003\000.\0002\000\040\000M\000e\000m\000b\000e\000r\000\040\000D\000a\000t\000a\000\040\000D\000o\000c\000u\000m\000e\000n\000t\000a\000t\000i\000o\000n}{section.6.13}% 91
\BOOKMARK [3][-]{subsubsection.6.13.2.1}{\376\377\0006\000.\0001\0003\000.\0002\000.\0001\000\040\000I\000c\000o\000n}{subsection.6.13.2}% 92
\BOOKMARK [3][-]{subsubsection.6.13.2.2}{\376\377\0006\000.\0001\0003\000.\0002\000.\0002\000\040\000I\000t\000e\000m\000G\000u\000i\000d}{subsection.6.13.2}% 93
\BOOKMARK [1][-]{section.6.14}{\376\377\0006\000.\0001\0004\000\040\000I\000t\000e\000m\000S\000O\000\040\000C\000l\000a\000s\000s\000\040\000R\000e\000f\000e\000r\000e\000n\000c\000e}{chapter.6}% 94
\BOOKMARK [2][-]{subsection.6.14.1}{\376\377\0006\000.\0001\0004\000.\0001\000\040\000D\000e\000t\000a\000i\000l\000e\000d\000\040\000D\000e\000s\000c\000r\000i\000p\000t\000i\000o\000n}{section.6.14}% 95
\BOOKMARK [2][-]{subsection.6.14.2}{\376\377\0006\000.\0001\0004\000.\0002\000\040\000M\000e\000m\000b\000e\000r\000\040\000D\000a\000t\000a\000\040\000D\000o\000c\000u\000m\000e\000n\000t\000a\000t\000i\000o\000n}{section.6.14}% 96
\BOOKMARK [3][-]{subsubsection.6.14.2.1}{\376\377\0006\000.\0001\0004\000.\0002\000.\0001\000\040\000a\000t\000t\000a\000c\000k\000S\000p\000e\000e\000d\000S\000t\000a\000t}{subsection.6.14.2}% 97
\BOOKMARK [3][-]{subsubsection.6.14.2.2}{\376\377\0006\000.\0001\0004\000.\0002\000.\0002\000\040\000a\000t\000t\000a\000c\000k\000S\000t\000a\000t}{subsection.6.14.2}% 98
\BOOKMARK [3][-]{subsubsection.6.14.2.3}{\376\377\0006\000.\0001\0004\000.\0002\000.\0003\000\040\000b\000l\000e\000s\000s\000i\000n\000g}{subsection.6.14.2}% 99
\BOOKMARK [3][-]{subsubsection.6.14.2.4}{\376\377\0006\000.\0001\0004\000.\0002\000.\0004\000\040\000d\000e\000f\000e\000n\000c\000e\000S\000t\000a\000t}{subsection.6.14.2}% 100
\BOOKMARK [3][-]{subsubsection.6.14.2.5}{\376\377\0006\000.\0001\0004\000.\0002\000.\0005\000\040\000s\000p\000e\000e\000d\000S\000t\000a\000t}{subsection.6.14.2}% 101
\BOOKMARK [3][-]{subsubsection.6.14.2.6}{\376\377\0006\000.\0001\0004\000.\0002\000.\0006\000\040\000s\000p\000r\000i\000t\000e}{subsection.6.14.2}% 102
\BOOKMARK [1][-]{section.6.15}{\376\377\0006\000.\0001\0005\000\040\000I\000t\000e\000m\000S\000p\000a\000w\000n\000R\000a\000t\000e\000\040\000C\000l\000a\000s\000s\000\040\000R\000e\000f\000e\000r\000e\000n\000c\000e}{chapter.6}% 103
\BOOKMARK [2][-]{subsection.6.15.1}{\376\377\0006\000.\0001\0005\000.\0001\000\040\000D\000e\000t\000a\000i\000l\000e\000d\000\040\000D\000e\000s\000c\000r\000i\000p\000t\000i\000o\000n}{section.6.15}% 104
\BOOKMARK [2][-]{subsection.6.15.2}{\376\377\0006\000.\0001\0005\000.\0002\000\040\000M\000e\000m\000b\000e\000r\000\040\000D\000a\000t\000a\000\040\000D\000o\000c\000u\000m\000e\000n\000t\000a\000t\000i\000o\000n}{section.6.15}% 105
\BOOKMARK [3][-]{subsubsection.6.15.2.1}{\376\377\0006\000.\0001\0005\000.\0002\000.\0001\000\040\000c\000h\000a\000n\000c\000e}{subsection.6.15.2}% 106
\BOOKMARK [3][-]{subsubsection.6.15.2.2}{\376\377\0006\000.\0001\0005\000.\0002\000.\0002\000\040\000i\000t\000e\000m}{subsection.6.15.2}% 107
\BOOKMARK [1][-]{section.6.16}{\376\377\0006\000.\0001\0006\000\040\000I\000T\000i\000l\000e\000K\000i\000n\000d\000<\000\040\000T\000\040\000>\000\040\000I\000n\000t\000e\000r\000f\000a\000c\000e\000\040\000T\000e\000m\000p\000l\000a\000t\000e\000\040\000R\000e\000f\000e\000r\000e\000n\000c\000e}{chapter.6}% 108
\BOOKMARK [2][-]{subsection.6.16.1}{\376\377\0006\000.\0001\0006\000.\0001\000\040\000D\000e\000t\000a\000i\000l\000e\000d\000\040\000D\000e\000s\000c\000r\000i\000p\000t\000i\000o\000n}{section.6.16}% 109
\BOOKMARK [2][-]{subsection.6.16.2}{\376\377\0006\000.\0001\0006\000.\0002\000\040\000M\000e\000m\000b\000e\000r\000\040\000F\000u\000n\000c\000t\000i\000o\000n\000\040\000D\000o\000c\000u\000m\000e\000n\000t\000a\000t\000i\000o\000n}{section.6.16}% 110
\BOOKMARK [3][-]{subsubsection.6.16.2.1}{\376\377\0006\000.\0001\0006\000.\0002\000.\0001\000\040\000F\000i\000l\000t\000e\000r\000T\000i\000l\000e\000s\000\050\000\051}{subsection.6.16.2}% 111
\BOOKMARK [1][-]{section.6.17}{\376\377\0006\000.\0001\0007\000\040\000M\000a\000p\000G\000e\000n\000e\000r\000a\000t\000i\000o\000n\000\040\000C\000l\000a\000s\000s\000\040\000R\000e\000f\000e\000r\000e\000n\000c\000e}{chapter.6}% 112
\BOOKMARK [2][-]{subsection.6.17.1}{\376\377\0006\000.\0001\0007\000.\0001\000\040\000D\000e\000t\000a\000i\000l\000e\000d\000\040\000D\000e\000s\000c\000r\000i\000p\000t\000i\000o\000n}{section.6.17}% 113
\BOOKMARK [2][-]{subsection.6.17.2}{\376\377\0006\000.\0001\0007\000.\0002\000\040\000M\000e\000m\000b\000e\000r\000\040\000F\000u\000n\000c\000t\000i\000o\000n\000\040\000D\000o\000c\000u\000m\000e\000n\000t\000a\000t\000i\000o\000n}{section.6.17}% 114
\BOOKMARK [3][-]{subsubsection.6.17.2.1}{\376\377\0006\000.\0001\0007\000.\0002\000.\0001\000\040\000C\000l\000e\000a\000r\000M\000a\000p\000\050\000\051}{subsection.6.17.2}% 115
\BOOKMARK [3][-]{subsubsection.6.17.2.2}{\376\377\0006\000.\0001\0007\000.\0002\000.\0002\000\040\000G\000e\000n\000e\000r\000a\000t\000e\000R\000o\000o\000m\000\050\000\051}{subsection.6.17.2}% 116
\BOOKMARK [2][-]{subsection.6.17.3}{\376\377\0006\000.\0001\0007\000.\0003\000\040\000M\000e\000m\000b\000e\000r\000\040\000D\000a\000t\000a\000\040\000D\000o\000c\000u\000m\000e\000n\000t\000a\000t\000i\000o\000n}{section.6.17}% 117
\BOOKMARK [3][-]{subsubsection.6.17.3.1}{\376\377\0006\000.\0001\0007\000.\0003\000.\0001\000\040\000i\000n\000s\000t\000a\000n\000c\000e}{subsection.6.17.3}% 118
\BOOKMARK [3][-]{subsubsection.6.17.3.2}{\376\377\0006\000.\0001\0007\000.\0003\000.\0002\000\040\000s\000e\000e\000d}{subsection.6.17.3}% 119
\BOOKMARK [3][-]{subsubsection.6.17.3.3}{\376\377\0006\000.\0001\0007\000.\0003\000.\0003\000\040\000x}{subsection.6.17.3}% 120
\BOOKMARK [3][-]{subsubsection.6.17.3.4}{\376\377\0006\000.\0001\0007\000.\0003\000.\0004\000\040\000y}{subsection.6.17.3}% 121
\BOOKMARK [2][-]{subsection.6.17.4}{\376\377\0006\000.\0001\0007\000.\0004\000\040\000P\000r\000o\000p\000e\000r\000t\000y\000\040\000D\000o\000c\000u\000m\000e\000n\000t\000a\000t\000i\000o\000n}{section.6.17}% 122
\BOOKMARK [3][-]{subsubsection.6.17.4.1}{\376\377\0006\000.\0001\0007\000.\0004\000.\0001\000\040\000i\000s\000C\000h\000e\000s\000t\000O\000p\000e\000n}{subsection.6.17.4}% 123
\BOOKMARK [3][-]{subsubsection.6.17.4.2}{\376\377\0006\000.\0001\0007\000.\0004\000.\0002\000\040\000i\000s\000D\000o\000n\000e}{subsection.6.17.4}% 124
\BOOKMARK [3][-]{subsubsection.6.17.4.3}{\376\377\0006\000.\0001\0007\000.\0004\000.\0003\000\040\000I\000s\000D\000o\000o\000r\000O\000n\000S\000i\000d\000e}{subsection.6.17.4}% 125
\BOOKMARK [1][-]{section.6.18}{\376\377\0006\000.\0001\0008\000\040\000M\000a\000p\000M\000a\000t\000r\000i\000x\000<\000\040\000T\000\040\000>\000\040\000C\000l\000a\000s\000s\000\040\000T\000e\000m\000p\000l\000a\000t\000e\000\040\000R\000e\000f\000e\000r\000e\000n\000c\000e}{chapter.6}% 126
\BOOKMARK [2][-]{subsection.6.18.1}{\376\377\0006\000.\0001\0008\000.\0001\000\040\000D\000e\000t\000a\000i\000l\000e\000d\000\040\000D\000e\000s\000c\000r\000i\000p\000t\000i\000o\000n}{section.6.18}% 127
\BOOKMARK [2][-]{subsection.6.18.2}{\376\377\0006\000.\0001\0008\000.\0002\000\040\000C\000o\000n\000s\000t\000r\000u\000c\000t\000o\000r\000\040\000\046\000\040\000D\000e\000s\000t\000r\000u\000c\000t\000o\000r\000\040\000D\000o\000c\000u\000m\000e\000n\000t\000a\000t\000i\000o\000n}{section.6.18}% 128
\BOOKMARK [3][-]{subsubsection.6.18.2.1}{\376\377\0006\000.\0001\0008\000.\0002\000.\0001\000\040\000M\000a\000p\000M\000a\000t\000r\000i\000x\000\050\000\051\000\040\000[\0001\000/\0002\000]}{subsection.6.18.2}% 129
\BOOKMARK [3][-]{subsubsection.6.18.2.2}{\376\377\0006\000.\0001\0008\000.\0002\000.\0002\000\040\000M\000a\000p\000M\000a\000t\000r\000i\000x\000\050\000\051\000\040\000[\0002\000/\0002\000]}{subsection.6.18.2}% 130
\BOOKMARK [2][-]{subsection.6.18.3}{\376\377\0006\000.\0001\0008\000.\0003\000\040\000M\000e\000m\000b\000e\000r\000\040\000F\000u\000n\000c\000t\000i\000o\000n\000\040\000D\000o\000c\000u\000m\000e\000n\000t\000a\000t\000i\000o\000n}{section.6.18}% 131
\BOOKMARK [3][-]{subsubsection.6.18.3.1}{\376\377\0006\000.\0001\0008\000.\0003\000.\0001\000\040\000A\000r\000e\000A\000l\000l\000T\000i\000l\000e\000s\000S\000e\000t\000\050\000\051}{subsection.6.18.3}% 132
\BOOKMARK [3][-]{subsubsection.6.18.3.2}{\376\377\0006\000.\0001\0008\000.\0003\000.\0002\000\040\000G\000e\000t\000L\000o\000w\000e\000s\000t\000C\000o\000u\000n\000t\000L\000i\000s\000t\000\050\000\051}{subsection.6.18.3}% 133
\BOOKMARK [3][-]{subsubsection.6.18.3.3}{\376\377\0006\000.\0001\0008\000.\0003\000.\0003\000\040\000G\000e\000t\000T\000i\000l\000e\000\050\000\051}{subsection.6.18.3}% 134
\BOOKMARK [3][-]{subsubsection.6.18.3.4}{\376\377\0006\000.\0001\0008\000.\0003\000.\0004\000\040\000P\000i\000c\000k\000R\000a\000n\000d\000o\000m\000T\000i\000l\000e\000\050\000\051}{subsection.6.18.3}% 135
\BOOKMARK [3][-]{subsubsection.6.18.3.5}{\376\377\0006\000.\0001\0008\000.\0003\000.\0005\000\040\000P\000i\000c\000k\000T\000i\000l\000e\000V\000a\000l\000u\000e\000\050\000\051}{subsection.6.18.3}% 136
\BOOKMARK [3][-]{subsubsection.6.18.3.6}{\376\377\0006\000.\0001\0008\000.\0003\000.\0006\000\040\000R\000e\000m\000o\000v\000e\000I\000m\000p\000o\000s\000i\000b\000l\000e\000P\000a\000i\000r\000s\000\050\000\051}{subsection.6.18.3}% 137
\BOOKMARK [3][-]{subsubsection.6.18.3.7}{\376\377\0006\000.\0001\0008\000.\0003\000.\0007\000\040\000R\000e\000s\000o\000l\000v\000e\000M\000a\000t\000r\000i\000x\000\050\000\051}{subsection.6.18.3}% 138
\BOOKMARK [2][-]{subsection.6.18.4}{\376\377\0006\000.\0001\0008\000.\0004\000\040\000M\000e\000m\000b\000e\000r\000\040\000D\000a\000t\000a\000\040\000D\000o\000c\000u\000m\000e\000n\000t\000a\000t\000i\000o\000n}{section.6.18}% 139
\BOOKMARK [3][-]{subsubsection.6.18.4.1}{\376\377\0006\000.\0001\0008\000.\0004\000.\0001\000\040\000i\000n\000t}{subsection.6.18.4}% 140
\BOOKMARK [1][-]{section.6.19}{\376\377\0006\000.\0001\0009\000\040\000M\000o\000n\000s\000t\000e\000r\000D\000a\000m\000a\000g\000e\000\040\000C\000l\000a\000s\000s\000\040\000R\000e\000f\000e\000r\000e\000n\000c\000e}{chapter.6}% 141
\BOOKMARK [2][-]{subsection.6.19.1}{\376\377\0006\000.\0001\0009\000.\0001\000\040\000D\000e\000t\000a\000i\000l\000e\000d\000\040\000D\000e\000s\000c\000r\000i\000p\000t\000i\000o\000n}{section.6.19}% 142
\BOOKMARK [2][-]{subsection.6.19.2}{\376\377\0006\000.\0001\0009\000.\0002\000\040\000M\000e\000m\000b\000e\000r\000\040\000F\000u\000n\000c\000t\000i\000o\000n\000\040\000D\000o\000c\000u\000m\000e\000n\000t\000a\000t\000i\000o\000n}{section.6.19}% 143
\BOOKMARK [3][-]{subsubsection.6.19.2.1}{\376\377\0006\000.\0001\0009\000.\0002\000.\0001\000\040\000O\000n\000H\000i\000t\000\050\000\051\000\040\000[\0001\000/\0002\000]}{subsection.6.19.2}% 144
\BOOKMARK [3][-]{subsubsection.6.19.2.2}{\376\377\0006\000.\0001\0009\000.\0002\000.\0002\000\040\000O\000n\000H\000i\000t\000\050\000\051\000\040\000[\0002\000/\0002\000]}{subsection.6.19.2}% 145
\BOOKMARK [3][-]{subsubsection.6.19.2.3}{\376\377\0006\000.\0001\0009\000.\0002\000.\0003\000\040\000T\000r\000y\000M\000o\000v\000e\000\050\000\051}{subsection.6.19.2}% 146
\BOOKMARK [2][-]{subsection.6.19.3}{\376\377\0006\000.\0001\0009\000.\0003\000\040\000P\000r\000o\000p\000e\000r\000t\000y\000\040\000D\000o\000c\000u\000m\000e\000n\000t\000a\000t\000i\000o\000n}{section.6.19}% 147
\BOOKMARK [3][-]{subsubsection.6.19.3.1}{\376\377\0006\000.\0001\0009\000.\0003\000.\0001\000\040\000H\000e\000a\000l\000t\000h}{subsection.6.19.3}% 148
\BOOKMARK [3][-]{subsubsection.6.19.3.2}{\376\377\0006\000.\0001\0009\000.\0003\000.\0002\000\040\000T\000a\000r\000g\000e\000t\000a\000b\000l\000e}{subsection.6.19.3}% 149
\BOOKMARK [1][-]{section.6.20}{\376\377\0006\000.\0002\0000\000\040\000M\000o\000n\000s\000t\000e\000r\000D\000i\000c\000t\000i\000o\000n\000a\000r\000y\000P\000a\000i\000r\000\040\000C\000l\000a\000s\000s\000\040\000R\000e\000f\000e\000r\000e\000n\000c\000e}{chapter.6}% 150
\BOOKMARK [2][-]{subsection.6.20.1}{\376\377\0006\000.\0002\0000\000.\0001\000\040\000D\000e\000t\000a\000i\000l\000e\000d\000\040\000D\000e\000s\000c\000r\000i\000p\000t\000i\000o\000n}{section.6.20}% 151
\BOOKMARK [2][-]{subsection.6.20.2}{\376\377\0006\000.\0002\0000\000.\0002\000\040\000M\000e\000m\000b\000e\000r\000\040\000D\000a\000t\000a\000\040\000D\000o\000c\000u\000m\000e\000n\000t\000a\000t\000i\000o\000n}{section.6.20}% 152
\BOOKMARK [3][-]{subsubsection.6.20.2.1}{\376\377\0006\000.\0002\0000\000.\0002\000.\0001\000\040\000c\000h\000a\000n\000c\000e}{subsection.6.20.2}% 153
\BOOKMARK [3][-]{subsubsection.6.20.2.2}{\376\377\0006\000.\0002\0000\000.\0002\000.\0002\000\040\000m\000o\000n\000s\000t\000e\000r}{subsection.6.20.2}% 154
\BOOKMARK [1][-]{section.6.21}{\376\377\0006\000.\0002\0001\000\040\000M\000o\000n\000s\000t\000e\000r\000S\000O\000\040\000C\000l\000a\000s\000s\000\040\000R\000e\000f\000e\000r\000e\000n\000c\000e}{chapter.6}% 155
\BOOKMARK [2][-]{subsection.6.21.1}{\376\377\0006\000.\0002\0001\000.\0001\000\040\000D\000e\000t\000a\000i\000l\000e\000d\000\040\000D\000e\000s\000c\000r\000i\000p\000t\000i\000o\000n}{section.6.21}% 156
\BOOKMARK [2][-]{subsection.6.21.2}{\376\377\0006\000.\0002\0001\000.\0002\000\040\000M\000e\000m\000b\000e\000r\000\040\000F\000u\000n\000c\000t\000i\000o\000n\000\040\000D\000o\000c\000u\000m\000e\000n\000t\000a\000t\000i\000o\000n}{section.6.21}% 157
\BOOKMARK [3][-]{subsubsection.6.21.2.1}{\376\377\0006\000.\0002\0001\000.\0002\000.\0001\000\040\000F\000i\000l\000t\000e\000r\000T\000i\000l\000e\000s\000\050\000\051}{subsection.6.21.2}% 158
\BOOKMARK [2][-]{subsection.6.21.3}{\376\377\0006\000.\0002\0001\000.\0003\000\040\000M\000e\000m\000b\000e\000r\000\040\000D\000a\000t\000a\000\040\000D\000o\000c\000u\000m\000e\000n\000t\000a\000t\000i\000o\000n}{section.6.21}% 159
\BOOKMARK [3][-]{subsubsection.6.21.3.1}{\376\377\0006\000.\0002\0001\000.\0003\000.\0001\000\040\000D\000o\000w\000n\000R\000e\000s\000t\000r\000i\000c\000t\000i\000o\000n\000s}{subsection.6.21.3}% 160
\BOOKMARK [3][-]{subsubsection.6.21.3.2}{\376\377\0006\000.\0002\0001\000.\0003\000.\0002\000\040\000L\000e\000f\000t\000R\000e\000s\000t\000r\000i\000c\000t\000i\000o\000n\000s}{subsection.6.21.3}% 161
\BOOKMARK [3][-]{subsubsection.6.21.3.3}{\376\377\0006\000.\0002\0001\000.\0003\000.\0003\000\040\000M\000o\000n\000s\000t\000e\000r}{subsection.6.21.3}% 162
\BOOKMARK [3][-]{subsubsection.6.21.3.4}{\376\377\0006\000.\0002\0001\000.\0003\000.\0004\000\040\000M\000o\000n\000s\000t\000e\000r\000T\000y\000p\000e}{subsection.6.21.3}% 163
\BOOKMARK [3][-]{subsubsection.6.21.3.5}{\376\377\0006\000.\0002\0001\000.\0003\000.\0005\000\040\000R\000i\000g\000h\000t\000R\000e\000s\000t\000r\000i\000c\000t\000i\000o\000n\000s}{subsection.6.21.3}% 164
\BOOKMARK [3][-]{subsubsection.6.21.3.6}{\376\377\0006\000.\0002\0001\000.\0003\000.\0006\000\040\000U\000p\000R\000e\000s\000t\000r\000i\000c\000t\000i\000o\000n\000s}{subsection.6.21.3}% 165
\BOOKMARK [1][-]{section.6.22}{\376\377\0006\000.\0002\0002\000\040\000O\000b\000s\000t\000a\000c\000l\000e\000A\000v\000o\000i\000d\000i\000n\000g\000B\000e\000h\000a\000v\000i\000o\000u\000r\000\040\000C\000l\000a\000s\000s\000\040\000R\000e\000f\000e\000r\000e\000n\000c\000e}{chapter.6}% 166
\BOOKMARK [2][-]{subsection.6.22.1}{\376\377\0006\000.\0002\0002\000.\0001\000\040\000M\000e\000m\000b\000e\000r\000\040\000F\000u\000n\000c\000t\000i\000o\000n\000\040\000D\000o\000c\000u\000m\000e\000n\000t\000a\000t\000i\000o\000n}{section.6.22}% 167
\BOOKMARK [3][-]{subsubsection.6.22.1.1}{\376\377\0006\000.\0002\0002\000.\0001\000.\0001\000\040\000o\000v\000e\000r\000r\000i\000d\000e\000\050\000\051}{subsection.6.22.1}% 168
\BOOKMARK [1][-]{section.6.23}{\376\377\0006\000.\0002\0003\000\040\000O\000b\000s\000t\000a\000c\000l\000e\000D\000i\000c\000t\000i\000o\000n\000a\000r\000y\000P\000a\000i\000r\000\040\000C\000l\000a\000s\000s\000\040\000R\000e\000f\000e\000r\000e\000n\000c\000e}{chapter.6}% 169
\BOOKMARK [2][-]{subsection.6.23.1}{\376\377\0006\000.\0002\0003\000.\0001\000\040\000D\000e\000t\000a\000i\000l\000e\000d\000\040\000D\000e\000s\000c\000r\000i\000p\000t\000i\000o\000n}{section.6.23}% 170
\BOOKMARK [2][-]{subsection.6.23.2}{\376\377\0006\000.\0002\0003\000.\0002\000\040\000M\000e\000m\000b\000e\000r\000\040\000D\000a\000t\000a\000\040\000D\000o\000c\000u\000m\000e\000n\000t\000a\000t\000i\000o\000n}{section.6.23}% 171
\BOOKMARK [3][-]{subsubsection.6.23.2.1}{\376\377\0006\000.\0002\0003\000.\0002\000.\0001\000\040\000c\000h\000a\000n\000c\000e}{subsection.6.23.2}% 172
\BOOKMARK [3][-]{subsubsection.6.23.2.2}{\376\377\0006\000.\0002\0003\000.\0002\000.\0002\000\040\000o\000b\000s\000t\000a\000c\000l\000e}{subsection.6.23.2}% 173
\BOOKMARK [1][-]{section.6.24}{\376\377\0006\000.\0002\0004\000\040\000O\000b\000s\000t\000a\000c\000l\000e\000s\000D\000e\000t\000e\000c\000t\000o\000r\000\040\000C\000l\000a\000s\000s\000\040\000R\000e\000f\000e\000r\000e\000n\000c\000e}{chapter.6}% 174
\BOOKMARK [2][-]{subsection.6.24.1}{\376\377\0006\000.\0002\0004\000.\0001\000\040\000D\000e\000t\000a\000i\000l\000e\000d\000\040\000D\000e\000s\000c\000r\000i\000p\000t\000i\000o\000n}{section.6.24}% 175
\BOOKMARK [2][-]{subsection.6.24.2}{\376\377\0006\000.\0002\0004\000.\0002\000\040\000M\000e\000m\000b\000e\000r\000\040\000F\000u\000n\000c\000t\000i\000o\000n\000\040\000D\000o\000c\000u\000m\000e\000n\000t\000a\000t\000i\000o\000n}{section.6.24}% 176
\BOOKMARK [3][-]{subsubsection.6.24.2.1}{\376\377\0006\000.\0002\0004\000.\0002\000.\0001\000\040\000D\000e\000t\000e\000c\000t\000\050\000\051}{subsection.6.24.2}% 177
\BOOKMARK [1][-]{section.6.25}{\376\377\0006\000.\0002\0005\000\040\000O\000b\000s\000t\000a\000c\000l\000e\000S\000O\000\040\000C\000l\000a\000s\000s\000\040\000R\000e\000f\000e\000r\000e\000n\000c\000e}{chapter.6}% 178
\BOOKMARK [2][-]{subsection.6.25.1}{\376\377\0006\000.\0002\0005\000.\0001\000\040\000D\000e\000t\000a\000i\000l\000e\000d\000\040\000D\000e\000s\000c\000r\000i\000p\000t\000i\000o\000n}{section.6.25}% 179
\BOOKMARK [2][-]{subsection.6.25.2}{\376\377\0006\000.\0002\0005\000.\0002\000\040\000M\000e\000m\000b\000e\000r\000\040\000F\000u\000n\000c\000t\000i\000o\000n\000\040\000D\000o\000c\000u\000m\000e\000n\000t\000a\000t\000i\000o\000n}{section.6.25}% 180
\BOOKMARK [3][-]{subsubsection.6.25.2.1}{\376\377\0006\000.\0002\0005\000.\0002\000.\0001\000\040\000F\000i\000l\000t\000e\000r\000T\000i\000l\000e\000s\000\050\000\051}{subsection.6.25.2}% 181
\BOOKMARK [2][-]{subsection.6.25.3}{\376\377\0006\000.\0002\0005\000.\0003\000\040\000M\000e\000m\000b\000e\000r\000\040\000D\000a\000t\000a\000\040\000D\000o\000c\000u\000m\000e\000n\000t\000a\000t\000i\000o\000n}{section.6.25}% 182
\BOOKMARK [3][-]{subsubsection.6.25.3.1}{\376\377\0006\000.\0002\0005\000.\0003\000.\0001\000\040\000D\000o\000w\000n\000R\000e\000s\000t\000r\000i\000c\000t\000i\000o\000n\000s}{subsection.6.25.3}% 183
\BOOKMARK [3][-]{subsubsection.6.25.3.2}{\376\377\0006\000.\0002\0005\000.\0003\000.\0002\000\040\000L\000e\000f\000t\000R\000e\000s\000t\000r\000i\000c\000t\000i\000o\000n\000s}{subsection.6.25.3}% 184
\BOOKMARK [3][-]{subsubsection.6.25.3.3}{\376\377\0006\000.\0002\0005\000.\0003\000.\0003\000\040\000o\000b\000s\000t\000a\000c\000l\000e\000T\000y\000p\000e}{subsection.6.25.3}% 185
\BOOKMARK [3][-]{subsubsection.6.25.3.4}{\376\377\0006\000.\0002\0005\000.\0003\000.\0004\000\040\000R\000i\000g\000h\000t\000R\000e\000s\000t\000r\000i\000c\000t\000i\000o\000n\000s}{subsection.6.25.3}% 186
\BOOKMARK [3][-]{subsubsection.6.25.3.5}{\376\377\0006\000.\0002\0005\000.\0003\000.\0005\000\040\000s\000p\000a\000w\000n\000a\000b\000l\000e\000M\000o\000n\000s\000t\000e\000r\000s}{subsection.6.25.3}% 187
\BOOKMARK [3][-]{subsubsection.6.25.3.6}{\376\377\0006\000.\0002\0005\000.\0003\000.\0006\000\040\000t\000i\000l\000e}{subsection.6.25.3}% 188
\BOOKMARK [3][-]{subsubsection.6.25.3.7}{\376\377\0006\000.\0002\0005\000.\0003\000.\0007\000\040\000U\000p\000R\000e\000s\000t\000r\000i\000c\000t\000i\000o\000n\000s}{subsection.6.25.3}% 189
\BOOKMARK [1][-]{section.6.26}{\376\377\0006\000.\0002\0006\000\040\000P\000i\000c\000k\000U\000p\000\040\000C\000l\000a\000s\000s\000\040\000R\000e\000f\000e\000r\000e\000n\000c\000e}{chapter.6}% 190
\BOOKMARK [2][-]{subsection.6.26.1}{\376\377\0006\000.\0002\0006\000.\0001\000\040\000D\000e\000t\000a\000i\000l\000e\000d\000\040\000D\000e\000s\000c\000r\000i\000p\000t\000i\000o\000n}{section.6.26}% 191
\BOOKMARK [2][-]{subsection.6.26.2}{\376\377\0006\000.\0002\0006\000.\0002\000\040\000M\000e\000m\000b\000e\000r\000\040\000F\000u\000n\000c\000t\000i\000o\000n\000\040\000D\000o\000c\000u\000m\000e\000n\000t\000a\000t\000i\000o\000n}{section.6.26}% 192
\BOOKMARK [3][-]{subsubsection.6.26.2.1}{\376\377\0006\000.\0002\0006\000.\0002\000.\0001\000\040\000O\000n\000P\000i\000c\000k\000U\000p\000\050\000\051}{subsection.6.26.2}% 193
\BOOKMARK [1][-]{section.6.27}{\376\377\0006\000.\0002\0007\000\040\000P\000l\000a\000y\000e\000r\000C\000o\000n\000t\000r\000o\000l\000l\000e\000r\000\040\000C\000l\000a\000s\000s\000\040\000R\000e\000f\000e\000r\000e\000n\000c\000e}{chapter.6}% 194
\BOOKMARK [2][-]{subsection.6.27.1}{\376\377\0006\000.\0002\0007\000.\0001\000\040\000D\000e\000t\000a\000i\000l\000e\000d\000\040\000D\000e\000s\000c\000r\000i\000p\000t\000i\000o\000n}{section.6.27}% 195
\BOOKMARK [1][-]{section.6.28}{\376\377\0006\000.\0002\0008\000\040\000P\000l\000a\000y\000e\000r\000D\000a\000m\000a\000g\000e\000\040\000C\000l\000a\000s\000s\000\040\000R\000e\000f\000e\000r\000e\000n\000c\000e}{chapter.6}% 196
\BOOKMARK [2][-]{subsection.6.28.1}{\376\377\0006\000.\0002\0008\000.\0001\000\040\000D\000e\000t\000a\000i\000l\000e\000d\000\040\000D\000e\000s\000c\000r\000i\000p\000t\000i\000o\000n}{section.6.28}% 197
\BOOKMARK [2][-]{subsection.6.28.2}{\376\377\0006\000.\0002\0008\000.\0002\000\040\000M\000e\000m\000b\000e\000r\000\040\000F\000u\000n\000c\000t\000i\000o\000n\000\040\000D\000o\000c\000u\000m\000e\000n\000t\000a\000t\000i\000o\000n}{section.6.28}% 198
\BOOKMARK [3][-]{subsubsection.6.28.2.1}{\376\377\0006\000.\0002\0008\000.\0002\000.\0001\000\040\000O\000n\000H\000i\000t\000\050\000\051\000\040\000[\0001\000/\0002\000]}{subsection.6.28.2}% 199
\BOOKMARK [3][-]{subsubsection.6.28.2.2}{\376\377\0006\000.\0002\0008\000.\0002\000.\0002\000\040\000O\000n\000H\000i\000t\000\050\000\051\000\040\000[\0002\000/\0002\000]}{subsection.6.28.2}% 200
\BOOKMARK [3][-]{subsubsection.6.28.2.3}{\376\377\0006\000.\0002\0008\000.\0002\000.\0003\000\040\000T\000r\000y\000M\000o\000v\000e\000\050\000\051}{subsection.6.28.2}% 201
\BOOKMARK [2][-]{subsection.6.28.3}{\376\377\0006\000.\0002\0008\000.\0003\000\040\000P\000r\000o\000p\000e\000r\000t\000y\000\040\000D\000o\000c\000u\000m\000e\000n\000t\000a\000t\000i\000o\000n}{section.6.28}% 202
\BOOKMARK [3][-]{subsubsection.6.28.3.1}{\376\377\0006\000.\0002\0008\000.\0003\000.\0001\000\040\000T\000a\000r\000g\000e\000t\000a\000b\000l\000e}{subsection.6.28.3}% 203
\BOOKMARK [1][-]{section.6.29}{\376\377\0006\000.\0002\0009\000\040\000P\000l\000a\000y\000e\000r\000D\000a\000t\000a\000S\000a\000v\000e\000\040\000C\000l\000a\000s\000s\000\040\000R\000e\000f\000e\000r\000e\000n\000c\000e}{chapter.6}% 204
\BOOKMARK [2][-]{subsection.6.29.1}{\376\377\0006\000.\0002\0009\000.\0001\000\040\000D\000e\000t\000a\000i\000l\000e\000d\000\040\000D\000e\000s\000c\000r\000i\000p\000t\000i\000o\000n}{section.6.29}% 205
\BOOKMARK [2][-]{subsection.6.29.2}{\376\377\0006\000.\0002\0009\000.\0002\000\040\000P\000r\000o\000p\000e\000r\000t\000y\000\040\000D\000o\000c\000u\000m\000e\000n\000t\000a\000t\000i\000o\000n}{section.6.29}% 206
\BOOKMARK [3][-]{subsubsection.6.29.2.1}{\376\377\0006\000.\0002\0009\000.\0002\000.\0001\000\040\000H\000e\000a\000l\000t\000h}{subsection.6.29.2}% 207
\BOOKMARK [3][-]{subsubsection.6.29.2.2}{\376\377\0006\000.\0002\0009\000.\0002\000.\0002\000\040\000P\000l\000a\000y\000e\000r\000P\000o\000s\000x}{subsection.6.29.2}% 208
\BOOKMARK [3][-]{subsubsection.6.29.2.3}{\376\377\0006\000.\0002\0009\000.\0002\000.\0003\000\040\000P\000l\000a\000y\000e\000r\000P\000o\000s\000y}{subsection.6.29.2}% 209
\BOOKMARK [3][-]{subsubsection.6.29.2.4}{\376\377\0006\000.\0002\0009\000.\0002\000.\0004\000\040\000S\000e\000c\000o\000n\000d\000a\000r\000y\000A\000m\000m\000o}{subsection.6.29.2}% 210
\BOOKMARK [1][-]{section.6.30}{\376\377\0006\000.\0003\0000\000\040\000P\000l\000a\000y\000e\000r\000S\000O\000\040\000C\000l\000a\000s\000s\000\040\000R\000e\000f\000e\000r\000e\000n\000c\000e}{chapter.6}% 211
\BOOKMARK [2][-]{subsection.6.30.1}{\376\377\0006\000.\0003\0000\000.\0001\000\040\000D\000e\000t\000a\000i\000l\000e\000d\000\040\000D\000e\000s\000c\000r\000i\000p\000t\000i\000o\000n}{section.6.30}% 212
\BOOKMARK [2][-]{subsection.6.30.2}{\376\377\0006\000.\0003\0000\000.\0002\000\040\000M\000e\000m\000b\000e\000r\000\040\000D\000a\000t\000a\000\040\000D\000o\000c\000u\000m\000e\000n\000t\000a\000t\000i\000o\000n}{section.6.30}% 213
\BOOKMARK [3][-]{subsubsection.6.30.2.1}{\376\377\0006\000.\0003\0000\000.\0002\000.\0001\000\040\000a\000t\000t\000a\000c\000k}{subsection.6.30.2}% 214
\BOOKMARK [3][-]{subsubsection.6.30.2.2}{\376\377\0006\000.\0003\0000\000.\0002\000.\0002\000\040\000a\000t\000t\000a\000c\000k\000S\000p\000e\000e\000d}{subsection.6.30.2}% 215
\BOOKMARK [3][-]{subsubsection.6.30.2.3}{\376\377\0006\000.\0003\0000\000.\0002\000.\0003\000\040\000b\000a\000s\000e\000A\000t\000t\000a\000c\000k}{subsection.6.30.2}% 216
\BOOKMARK [3][-]{subsubsection.6.30.2.4}{\376\377\0006\000.\0003\0000\000.\0002\000.\0004\000\040\000b\000a\000s\000e\000A\000t\000t\000a\000c\000k\000S\000p\000e\000e\000d}{subsection.6.30.2}% 217
\BOOKMARK [3][-]{subsubsection.6.30.2.5}{\376\377\0006\000.\0003\0000\000.\0002\000.\0005\000\040\000b\000a\000s\000e\000K\000n\000o\000c\000b\000a\000c\000k\000M\000u\000l\000t\000i\000p\000l\000i\000e\000r}{subsection.6.30.2}% 218
\BOOKMARK [3][-]{subsubsection.6.30.2.6}{\376\377\0006\000.\0003\0000\000.\0002\000.\0006\000\040\000b\000a\000s\000e\000S\000p\000e\000e\000d}{subsection.6.30.2}% 219
\BOOKMARK [3][-]{subsubsection.6.30.2.7}{\376\377\0006\000.\0003\0000\000.\0002\000.\0007\000\040\000C\000u\000r\000r\000e\000n\000t\000H\000e\000a\000l\000t\000h}{subsection.6.30.2}% 220
\BOOKMARK [3][-]{subsubsection.6.30.2.8}{\376\377\0006\000.\0003\0000\000.\0002\000.\0008\000\040\000e\000q\000S\000p\000a\000c\000e}{subsection.6.30.2}% 221
\BOOKMARK [3][-]{subsubsection.6.30.2.9}{\376\377\0006\000.\0003\0000\000.\0002\000.\0009\000\040\000e\000q\000u\000i\000p\000m\000e\000n\000t}{subsection.6.30.2}% 222
\BOOKMARK [3][-]{subsubsection.6.30.2.10}{\376\377\0006\000.\0003\0000\000.\0002\000.\0001\0000\000\040\000i\000n\000v\000e\000n\000t\000o\000r\000y}{subsection.6.30.2}% 223
\BOOKMARK [3][-]{subsubsection.6.30.2.11}{\376\377\0006\000.\0003\0000\000.\0002\000.\0001\0001\000\040\000i\000s\000S\000p\000e\000e\000d\000C\000h\000a\000n\000g\000e\000d}{subsection.6.30.2}% 224
\BOOKMARK [3][-]{subsubsection.6.30.2.12}{\376\377\0006\000.\0003\0000\000.\0002\000.\0001\0002\000\040\000k\000n\000o\000c\000b\000a\000c\000k\000M\000u\000l\000t\000i\000p\000l\000i\000e\000r}{subsection.6.30.2}% 225
\BOOKMARK [3][-]{subsubsection.6.30.2.13}{\376\377\0006\000.\0003\0000\000.\0002\000.\0001\0003\000\040\000M\000a\000x\000H\000e\000a\000l\000t\000h}{subsection.6.30.2}% 226
\BOOKMARK [3][-]{subsubsection.6.30.2.14}{\376\377\0006\000.\0003\0000\000.\0002\000.\0001\0004\000\040\000m\000a\000x\000S\000e\000c\000o\000n\000d\000a\000r\000y\000A\000m\000m\000o}{subsection.6.30.2}% 227
\BOOKMARK [3][-]{subsubsection.6.30.2.15}{\376\377\0006\000.\0003\0000\000.\0002\000.\0001\0005\000\040\000s\000e\000c\000o\000n\000d\000a\000r\000y\000A\000m\000m\000o}{subsection.6.30.2}% 228
\BOOKMARK [3][-]{subsubsection.6.30.2.16}{\376\377\0006\000.\0003\0000\000.\0002\000.\0001\0006\000\040\000s\000p\000e\000e\000d}{subsection.6.30.2}% 229
\BOOKMARK [1][-]{section.6.31}{\376\377\0006\000.\0003\0001\000\040\000P\000l\000a\000y\000e\000r\000S\000t\000a\000t\000s\000C\000o\000n\000t\000r\000o\000l\000l\000e\000r\000\040\000C\000l\000a\000s\000s\000\040\000R\000e\000f\000e\000r\000e\000n\000c\000e}{chapter.6}% 230
\BOOKMARK [2][-]{subsection.6.31.1}{\376\377\0006\000.\0003\0001\000.\0001\000\040\000D\000e\000t\000a\000i\000l\000e\000d\000\040\000D\000e\000s\000c\000r\000i\000p\000t\000i\000o\000n}{section.6.31}% 231
\BOOKMARK [2][-]{subsection.6.31.2}{\376\377\0006\000.\0003\0001\000.\0002\000\040\000M\000e\000m\000b\000e\000r\000\040\000F\000u\000n\000c\000t\000i\000o\000n\000\040\000D\000o\000c\000u\000m\000e\000n\000t\000a\000t\000i\000o\000n}{section.6.31}% 232
\BOOKMARK [3][-]{subsubsection.6.31.2.1}{\376\377\0006\000.\0003\0001\000.\0002\000.\0001\000\040\000A\000m\000m\000o\000P\000i\000c\000k\000U\000p\000\050\000\051}{subsection.6.31.2}% 233
\BOOKMARK [3][-]{subsubsection.6.31.2.2}{\376\377\0006\000.\0003\0001\000.\0002\000.\0002\000\040\000G\000e\000t\000A\000m\000m\000o\000\050\000\051}{subsection.6.31.2}% 234
\BOOKMARK [3][-]{subsubsection.6.31.2.3}{\376\377\0006\000.\0003\0001\000.\0002\000.\0003\000\040\000G\000e\000t\000H\000e\000a\000l\000t\000h\000\050\000\051}{subsection.6.31.2}% 235
\BOOKMARK [3][-]{subsubsection.6.31.2.4}{\376\377\0006\000.\0003\0001\000.\0002\000.\0004\000\040\000H\000e\000a\000l\000\050\000\051}{subsection.6.31.2}% 236
\BOOKMARK [3][-]{subsubsection.6.31.2.5}{\376\377\0006\000.\0003\0001\000.\0002\000.\0005\000\040\000S\000e\000t\000P\000l\000a\000y\000e\000r\000B\000e\000g\000g\000i\000n\000n\000i\000n\000g\000S\000t\000a\000t\000s\000\050\000\051}{subsection.6.31.2}% 237
\BOOKMARK [3][-]{subsubsection.6.31.2.6}{\376\377\0006\000.\0003\0001\000.\0002\000.\0006\000\040\000S\000e\000t\000P\000l\000a\000y\000e\000r\000C\000o\000r\000d\000s\000\050\000\051}{subsection.6.31.2}% 238
\BOOKMARK [3][-]{subsubsection.6.31.2.7}{\376\377\0006\000.\0003\0001\000.\0002\000.\0007\000\040\000S\000e\000t\000P\000l\000a\000y\000e\000r\000L\000o\000a\000d\000e\000d\000S\000t\000a\000t\000s\000\050\000\051}{subsection.6.31.2}% 239
\BOOKMARK [3][-]{subsubsection.6.31.2.8}{\376\377\0006\000.\0003\0001\000.\0002\000.\0008\000\040\000U\000s\000e\000S\000e\000c\000o\000n\000d\000a\000r\000y\000\050\000\051}{subsection.6.31.2}% 240
\BOOKMARK [2][-]{subsection.6.31.3}{\376\377\0006\000.\0003\0001\000.\0003\000\040\000M\000e\000m\000b\000e\000r\000\040\000D\000a\000t\000a\000\040\000D\000o\000c\000u\000m\000e\000n\000t\000a\000t\000i\000o\000n}{section.6.31}% 241
\BOOKMARK [3][-]{subsubsection.6.31.3.1}{\376\377\0006\000.\0003\0001\000.\0003\000.\0001\000\040\000I\000n\000s\000t\000a\000n\000c\000e}{subsection.6.31.3}% 242
\BOOKMARK [1][-]{section.6.32}{\376\377\0006\000.\0003\0002\000\040\000P\000r\000o\000j\000e\000c\000t\000i\000l\000e\000C\000o\000n\000t\000r\000o\000l\000l\000e\000r\000\040\000C\000l\000a\000s\000s\000\040\000R\000e\000f\000e\000r\000e\000n\000c\000e}{chapter.6}% 243
\BOOKMARK [2][-]{subsection.6.32.1}{\376\377\0006\000.\0003\0002\000.\0001\000\040\000D\000e\000t\000a\000i\000l\000e\000d\000\040\000D\000e\000s\000c\000r\000i\000p\000t\000i\000o\000n}{section.6.32}% 244
\BOOKMARK [2][-]{subsection.6.32.2}{\376\377\0006\000.\0003\0002\000.\0002\000\040\000P\000r\000o\000p\000e\000r\000t\000y\000\040\000D\000o\000c\000u\000m\000e\000n\000t\000a\000t\000i\000o\000n}{section.6.32}% 245
\BOOKMARK [3][-]{subsubsection.6.32.2.1}{\376\377\0006\000.\0003\0002\000.\0002\000.\0001\000\040\000T\000a\000r\000g\000e\000t}{subsection.6.32.2}% 246
\BOOKMARK [1][-]{section.6.33}{\376\377\0006\000.\0003\0003\000\040\000R\000o\000o\000m\000\040\000C\000l\000a\000s\000s\000\040\000R\000e\000f\000e\000r\000e\000n\000c\000e}{chapter.6}% 247
\BOOKMARK [2][-]{subsection.6.33.1}{\376\377\0006\000.\0003\0003\000.\0001\000\040\000D\000e\000t\000a\000i\000l\000e\000d\000\040\000D\000e\000s\000c\000r\000i\000p\000t\000i\000o\000n}{section.6.33}% 248
\BOOKMARK [2][-]{subsection.6.33.2}{\376\377\0006\000.\0003\0003\000.\0002\000\040\000C\000o\000n\000s\000t\000r\000u\000c\000t\000o\000r\000\040\000\046\000\040\000D\000e\000s\000t\000r\000u\000c\000t\000o\000r\000\040\000D\000o\000c\000u\000m\000e\000n\000t\000a\000t\000i\000o\000n}{section.6.33}% 249
\BOOKMARK [3][-]{subsubsection.6.33.2.1}{\376\377\0006\000.\0003\0003\000.\0002\000.\0001\000\040\000R\000o\000o\000m\000\050\000\051}{subsection.6.33.2}% 250
\BOOKMARK [2][-]{subsection.6.33.3}{\376\377\0006\000.\0003\0003\000.\0003\000\040\000M\000e\000m\000b\000e\000r\000\040\000F\000u\000n\000c\000t\000i\000o\000n\000\040\000D\000o\000c\000u\000m\000e\000n\000t\000a\000t\000i\000o\000n}{section.6.33}% 251
\BOOKMARK [3][-]{subsubsection.6.33.3.1}{\376\377\0006\000.\0003\0003\000.\0003\000.\0001\000\040\000G\000e\000t\000R\000o\000o\000m\000s\000D\000o\000o\000r\000s\000A\000s\000A\000r\000r\000a\000y\000\050\000\051}{subsection.6.33.3}% 252
\BOOKMARK [2][-]{subsection.6.33.4}{\376\377\0006\000.\0003\0003\000.\0004\000\040\000P\000r\000o\000p\000e\000r\000t\000y\000\040\000D\000o\000c\000u\000m\000e\000n\000t\000a\000t\000i\000o\000n}{section.6.33}% 253
\BOOKMARK [3][-]{subsubsection.6.33.4.1}{\376\377\0006\000.\0003\0003\000.\0004\000.\0001\000\040\000C\000h\000e\000s\000t\000O\000p\000e\000n\000e\000d}{subsection.6.33.4}% 254
\BOOKMARK [3][-]{subsubsection.6.33.4.2}{\376\377\0006\000.\0003\0003\000.\0004\000.\0002\000\040\000I\000s\000C\000o\000n\000q\000u\000e\000r\000e\000d}{subsection.6.33.4}% 255
\BOOKMARK [3][-]{subsubsection.6.33.4.3}{\376\377\0006\000.\0003\0003\000.\0004\000.\0003\000\040\000R\000o\000o\000m\000K\000i\000n\000d}{subsection.6.33.4}% 256
\BOOKMARK [3][-]{subsubsection.6.33.4.4}{\376\377\0006\000.\0003\0003\000.\0004\000.\0004\000\040\000S\000e\000e\000d}{subsection.6.33.4}% 257
\BOOKMARK [3][-]{subsubsection.6.33.4.5}{\376\377\0006\000.\0003\0003\000.\0004\000.\0005\000\040\000x}{subsection.6.33.4}% 258
\BOOKMARK [3][-]{subsubsection.6.33.4.6}{\376\377\0006\000.\0003\0003\000.\0004\000.\0006\000\040\000y}{subsection.6.33.4}% 259
\BOOKMARK [1][-]{section.6.34}{\376\377\0006\000.\0003\0004\000\040\000R\000o\000o\000m\000s\000D\000a\000t\000a\000S\000a\000v\000e\000\040\000C\000l\000a\000s\000s\000\040\000R\000e\000f\000e\000r\000e\000n\000c\000e}{chapter.6}% 260
\BOOKMARK [2][-]{subsection.6.34.1}{\376\377\0006\000.\0003\0004\000.\0001\000\040\000D\000e\000t\000a\000i\000l\000e\000d\000\040\000D\000e\000s\000c\000r\000i\000p\000t\000i\000o\000n}{section.6.34}% 261
\BOOKMARK [2][-]{subsection.6.34.2}{\376\377\0006\000.\0003\0004\000.\0002\000\040\000P\000r\000o\000p\000e\000r\000t\000y\000\040\000D\000o\000c\000u\000m\000e\000n\000t\000a\000t\000i\000o\000n}{section.6.34}% 262
\BOOKMARK [3][-]{subsubsection.6.34.2.1}{\376\377\0006\000.\0003\0004\000.\0002\000.\0001\000\040\000C\000h\000e\000s\000t\000O\000p\000e\000n\000e\000d}{subsection.6.34.2}% 263
\BOOKMARK [3][-]{subsubsection.6.34.2.2}{\376\377\0006\000.\0003\0004\000.\0002\000.\0002\000\040\000I\000s\000C\000o\000n\000q\000u\000e\000r\000e\000d}{subsection.6.34.2}% 264
\BOOKMARK [3][-]{subsubsection.6.34.2.3}{\376\377\0006\000.\0003\0004\000.\0002\000.\0003\000\040\000R\000o\000o\000m\000P\000o\000s\000x}{subsection.6.34.2}% 265
\BOOKMARK [3][-]{subsubsection.6.34.2.4}{\376\377\0006\000.\0003\0004\000.\0002\000.\0004\000\040\000R\000o\000o\000m\000P\000o\000s\000y}{subsection.6.34.2}% 266
\BOOKMARK [1][-]{section.6.35}{\376\377\0006\000.\0003\0005\000\040\000R\000o\000o\000m\000S\000O\000\040\000C\000l\000a\000s\000s\000\040\000R\000e\000f\000e\000r\000e\000n\000c\000e}{chapter.6}% 267
\BOOKMARK [2][-]{subsection.6.35.1}{\376\377\0006\000.\0003\0005\000.\0001\000\040\000D\000e\000t\000a\000i\000l\000e\000d\000\040\000D\000e\000s\000c\000r\000i\000p\000t\000i\000o\000n}{section.6.35}% 268
\BOOKMARK [2][-]{subsection.6.35.2}{\376\377\0006\000.\0003\0005\000.\0002\000\040\000M\000e\000m\000b\000e\000r\000\040\000F\000u\000n\000c\000t\000i\000o\000n\000\040\000D\000o\000c\000u\000m\000e\000n\000t\000a\000t\000i\000o\000n}{section.6.35}% 269
\BOOKMARK [3][-]{subsubsection.6.35.2.1}{\376\377\0006\000.\0003\0005\000.\0002\000.\0001\000\040\000F\000i\000l\000t\000e\000r\000T\000i\000l\000e\000s\000\050\000\051}{subsection.6.35.2}% 270
\BOOKMARK [2][-]{subsection.6.35.3}{\376\377\0006\000.\0003\0005\000.\0003\000\040\000M\000e\000m\000b\000e\000r\000\040\000D\000a\000t\000a\000\040\000D\000o\000c\000u\000m\000e\000n\000t\000a\000t\000i\000o\000n}{section.6.35}% 271
\BOOKMARK [3][-]{subsubsection.6.35.3.1}{\376\377\0006\000.\0003\0005\000.\0003\000.\0001\000\040\000I\000s\000D\000o\000o\000r\000D\000o\000w\000n}{subsection.6.35.3}% 272
\BOOKMARK [3][-]{subsubsection.6.35.3.2}{\376\377\0006\000.\0003\0005\000.\0003\000.\0002\000\040\000I\000s\000D\000o\000o\000r\000L\000e\000f\000t}{subsection.6.35.3}% 273
\BOOKMARK [3][-]{subsubsection.6.35.3.3}{\376\377\0006\000.\0003\0005\000.\0003\000.\0003\000\040\000I\000s\000D\000o\000o\000r\000R\000i\000g\000h\000t}{subsection.6.35.3}% 274
\BOOKMARK [3][-]{subsubsection.6.35.3.4}{\376\377\0006\000.\0003\0005\000.\0003\000.\0004\000\040\000I\000s\000D\000o\000o\000r\000U\000p}{subsection.6.35.3}% 275
\BOOKMARK [1][-]{section.6.36}{\376\377\0006\000.\0003\0006\000\040\000S\000a\000v\000e\000D\000a\000t\000a\000\040\000C\000l\000a\000s\000s\000\040\000R\000e\000f\000e\000r\000e\000n\000c\000e}{chapter.6}% 276
\BOOKMARK [2][-]{subsection.6.36.1}{\376\377\0006\000.\0003\0006\000.\0001\000\040\000D\000e\000t\000a\000i\000l\000e\000d\000\040\000D\000e\000s\000c\000r\000i\000p\000t\000i\000o\000n}{section.6.36}% 277
\BOOKMARK [2][-]{subsection.6.36.2}{\376\377\0006\000.\0003\0006\000.\0002\000\040\000M\000e\000m\000b\000e\000r\000\040\000D\000a\000t\000a\000\040\000D\000o\000c\000u\000m\000e\000n\000t\000a\000t\000i\000o\000n}{section.6.36}% 278
\BOOKMARK [3][-]{subsubsection.6.36.2.1}{\376\377\0006\000.\0003\0006\000.\0002\000.\0001\000\040\000x}{subsection.6.36.2}% 279
\BOOKMARK [2][-]{subsection.6.36.3}{\376\377\0006\000.\0003\0006\000.\0003\000\040\000P\000r\000o\000p\000e\000r\000t\000y\000\040\000D\000o\000c\000u\000m\000e\000n\000t\000a\000t\000i\000o\000n}{section.6.36}% 280
\BOOKMARK [3][-]{subsubsection.6.36.3.1}{\376\377\0006\000.\0003\0006\000.\0003\000.\0001\000\040\000C\000u\000r\000r\000e\000n\000t}{subsection.6.36.3}% 281
\BOOKMARK [3][-]{subsubsection.6.36.3.2}{\376\377\0006\000.\0003\0006\000.\0003\000.\0002\000\040\000C\000u\000r\000r\000e\000n\000t\000R\000o\000o\000m}{subsection.6.36.3}% 282
\BOOKMARK [3][-]{subsubsection.6.36.3.3}{\376\377\0006\000.\0003\0006\000.\0003\000.\0003\000\040\000P\000l\000a\000y\000e\000r}{subsection.6.36.3}% 283
\BOOKMARK [3][-]{subsubsection.6.36.3.4}{\376\377\0006\000.\0003\0006\000.\0003\000.\0004\000\040\000R\000o\000o\000m\000s}{subsection.6.36.3}% 284
\BOOKMARK [3][-]{subsubsection.6.36.3.5}{\376\377\0006\000.\0003\0006\000.\0003\000.\0005\000\040\000S\000e\000e\000d}{subsection.6.36.3}% 285
\BOOKMARK [3][-]{subsubsection.6.36.3.6}{\376\377\0006\000.\0003\0006\000.\0003\000.\0006\000\040\000T\000i\000m\000e\000r}{subsection.6.36.3}% 286
\BOOKMARK [1][-]{section.6.37}{\376\377\0006\000.\0003\0007\000\040\000S\000e\000c\000o\000n\000d\000a\000r\000y\000A\000t\000t\000a\000c\000k\000\040\000C\000l\000a\000s\000s\000\040\000R\000e\000f\000e\000r\000e\000n\000c\000e}{chapter.6}% 287
\BOOKMARK [2][-]{subsection.6.37.1}{\376\377\0006\000.\0003\0007\000.\0001\000\040\000D\000e\000t\000a\000i\000l\000e\000d\000\040\000D\000e\000s\000c\000r\000i\000p\000t\000i\000o\000n}{section.6.37}% 288
\BOOKMARK [1][-]{section.6.38}{\376\377\0006\000.\0003\0008\000\040\000S\000e\000e\000k\000B\000e\000h\000a\000v\000i\000o\000u\000r\000\040\000C\000l\000a\000s\000s\000\040\000R\000e\000f\000e\000r\000e\000n\000c\000e}{chapter.6}% 289
\BOOKMARK [2][-]{subsection.6.38.1}{\376\377\0006\000.\0003\0008\000.\0001\000\040\000D\000e\000t\000a\000i\000l\000e\000d\000\040\000D\000e\000s\000c\000r\000i\000p\000t\000i\000o\000n}{section.6.38}% 290
\BOOKMARK [2][-]{subsection.6.38.2}{\376\377\0006\000.\0003\0008\000.\0002\000\040\000M\000e\000m\000b\000e\000r\000\040\000F\000u\000n\000c\000t\000i\000o\000n\000\040\000D\000o\000c\000u\000m\000e\000n\000t\000a\000t\000i\000o\000n}{section.6.38}% 291
\BOOKMARK [3][-]{subsubsection.6.38.2.1}{\376\377\0006\000.\0003\0008\000.\0002\000.\0001\000\040\000o\000v\000e\000r\000r\000i\000d\000e\000\050\000\051}{subsection.6.38.2}% 292
\BOOKMARK [1][-]{section.6.39}{\376\377\0006\000.\0003\0009\000\040\000S\000e\000r\000i\000a\000l\000i\000z\000a\000t\000i\000o\000n\000M\000a\000n\000a\000g\000e\000r\000\040\000C\000l\000a\000s\000s\000\040\000R\000e\000f\000e\000r\000e\000n\000c\000e}{chapter.6}% 293
\BOOKMARK [2][-]{subsection.6.39.1}{\376\377\0006\000.\0003\0009\000.\0001\000\040\000D\000e\000t\000a\000i\000l\000e\000d\000\040\000D\000e\000s\000c\000r\000i\000p\000t\000i\000o\000n}{section.6.39}% 294
\BOOKMARK [2][-]{subsection.6.39.2}{\376\377\0006\000.\0003\0009\000.\0002\000\040\000M\000e\000m\000b\000e\000r\000\040\000F\000u\000n\000c\000t\000i\000o\000n\000\040\000D\000o\000c\000u\000m\000e\000n\000t\000a\000t\000i\000o\000n}{section.6.39}% 295
\BOOKMARK [3][-]{subsubsection.6.39.2.1}{\376\377\0006\000.\0003\0009\000.\0002\000.\0001\000\040\000G\000e\000t\000B\000i\000n\000a\000r\000y\000F\000r\000o\000m\000a\000t\000t\000e\000r\000\050\000\051}{subsection.6.39.2}% 296
\BOOKMARK [3][-]{subsubsection.6.39.2.2}{\376\377\0006\000.\0003\0009\000.\0002\000.\0002\000\040\000L\000o\000a\000d\000\050\000\051}{subsection.6.39.2}% 297
\BOOKMARK [3][-]{subsubsection.6.39.2.3}{\376\377\0006\000.\0003\0009\000.\0002\000.\0003\000\040\000S\000a\000v\000e\000\050\000\051}{subsection.6.39.2}% 298
\BOOKMARK [1][-]{section.6.40}{\376\377\0006\000.\0004\0000\000\040\000S\000l\000i\000m\000e\000s\000A\000I\000\040\000C\000l\000a\000s\000s\000\040\000R\000e\000f\000e\000r\000e\000n\000c\000e}{chapter.6}% 299
\BOOKMARK [2][-]{subsection.6.40.1}{\376\377\0006\000.\0004\0000\000.\0001\000\040\000D\000e\000t\000a\000i\000l\000e\000d\000\040\000D\000e\000s\000c\000r\000i\000p\000t\000i\000o\000n}{section.6.40}% 300
\BOOKMARK [1][-]{section.6.41}{\376\377\0006\000.\0004\0001\000\040\000S\000p\000a\000w\000n\000R\000a\000t\000e\000\040\000C\000l\000a\000s\000s\000\040\000R\000e\000f\000e\000r\000e\000n\000c\000e}{chapter.6}% 301
\BOOKMARK [2][-]{subsection.6.41.1}{\376\377\0006\000.\0004\0001\000.\0001\000\040\000D\000e\000t\000a\000i\000l\000e\000d\000\040\000D\000e\000s\000c\000r\000i\000p\000t\000i\000o\000n}{section.6.41}% 302
\BOOKMARK [2][-]{subsection.6.41.2}{\376\377\0006\000.\0004\0001\000.\0002\000\040\000M\000e\000m\000b\000e\000r\000\040\000D\000a\000t\000a\000\040\000D\000o\000c\000u\000m\000e\000n\000t\000a\000t\000i\000o\000n}{section.6.41}% 303
\BOOKMARK [3][-]{subsubsection.6.41.2.1}{\376\377\0006\000.\0004\0001\000.\0002\000.\0001\000\040\000c\000h\000a\000n\000c\000e}{subsection.6.41.2}% 304
\BOOKMARK [3][-]{subsubsection.6.41.2.2}{\376\377\0006\000.\0004\0001\000.\0002\000.\0002\000\040\000s\000p\000a\000w\000n}{subsection.6.41.2}% 305
\BOOKMARK [1][-]{section.6.42}{\376\377\0006\000.\0004\0002\000\040\000S\000p\000r\000i\000t\000e\000S\000w\000i\000t\000c\000h\000e\000r\000O\000n\000S\000t\000e\000p\000\040\000C\000l\000a\000s\000s\000\040\000R\000e\000f\000e\000r\000e\000n\000c\000e}{chapter.6}% 306
\BOOKMARK [2][-]{subsection.6.42.1}{\376\377\0006\000.\0004\0002\000.\0001\000\040\000D\000e\000t\000a\000i\000l\000e\000d\000\040\000D\000e\000s\000c\000r\000i\000p\000t\000i\000o\000n}{section.6.42}% 307
\BOOKMARK [1][-]{section.6.43}{\376\377\0006\000.\0004\0003\000\040\000S\000t\000e\000e\000r\000i\000n\000g\000B\000e\000h\000a\000v\000i\000o\000u\000r\000\040\000C\000l\000a\000s\000s\000\040\000R\000e\000f\000e\000r\000e\000n\000c\000e}{chapter.6}% 308
\BOOKMARK [2][-]{subsection.6.43.1}{\376\377\0006\000.\0004\0003\000.\0001\000\040\000D\000e\000t\000a\000i\000l\000e\000d\000\040\000D\000e\000s\000c\000r\000i\000p\000t\000i\000o\000n}{section.6.43}% 309
\BOOKMARK [2][-]{subsection.6.43.2}{\376\377\0006\000.\0004\0003\000.\0002\000\040\000M\000e\000m\000b\000e\000r\000\040\000F\000u\000n\000c\000t\000i\000o\000n\000\040\000D\000o\000c\000u\000m\000e\000n\000t\000a\000t\000i\000o\000n}{section.6.43}% 310
\BOOKMARK [3][-]{subsubsection.6.43.2.1}{\376\377\0006\000.\0004\0003\000.\0002\000.\0001\000\040\000G\000e\000t\000S\000t\000e\000e\000r\000i\000n\000g\000\050\000\051}{subsection.6.43.2}% 311
\BOOKMARK [2][-]{subsection.6.43.3}{\376\377\0006\000.\0004\0003\000.\0003\000\040\000M\000e\000m\000b\000e\000r\000\040\000D\000a\000t\000a\000\040\000D\000o\000c\000u\000m\000e\000n\000t\000a\000t\000i\000o\000n}{section.6.43}% 312
\BOOKMARK [3][-]{subsubsection.6.43.3.1}{\376\377\0006\000.\0004\0003\000.\0003\000.\0001\000\040\000d\000a\000n\000g\000e\000r}{subsection.6.43.3}% 313
\BOOKMARK [1][-]{section.6.44}{\376\377\0006\000.\0004\0004\000\040\000S\000w\000o\000r\000d\000H\000i\000t\000b\000o\000x\000\040\000C\000l\000a\000s\000s\000\040\000R\000e\000f\000e\000r\000e\000n\000c\000e}{chapter.6}% 314
\BOOKMARK [2][-]{subsection.6.44.1}{\376\377\0006\000.\0004\0004\000.\0001\000\040\000D\000e\000t\000a\000i\000l\000e\000d\000\040\000D\000e\000s\000c\000r\000i\000p\000t\000i\000o\000n}{section.6.44}% 315
\BOOKMARK [2][-]{subsection.6.44.2}{\376\377\0006\000.\0004\0004\000.\0002\000\040\000M\000e\000m\000b\000e\000r\000\040\000F\000u\000n\000c\000t\000i\000o\000n\000\040\000D\000o\000c\000u\000m\000e\000n\000t\000a\000t\000i\000o\000n}{section.6.44}% 316
\BOOKMARK [3][-]{subsubsection.6.44.2.1}{\376\377\0006\000.\0004\0004\000.\0002\000.\0001\000\040\000A\000t\000t\000a\000c\000k\000\050\000\051}{subsection.6.44.2}% 317
\BOOKMARK [3][-]{subsubsection.6.44.2.2}{\376\377\0006\000.\0004\0004\000.\0002\000.\0002\000\040\000A\000t\000t\000a\000c\000k\000F\000i\000n\000i\000s\000h\000\050\000\051}{subsection.6.44.2}% 318
\BOOKMARK [3][-]{subsubsection.6.44.2.3}{\376\377\0006\000.\0004\0004\000.\0002\000.\0003\000\040\000O\000n\000T\000r\000i\000g\000g\000e\000r\000E\000n\000t\000e\000r\0002\000D\000\050\000\051}{subsection.6.44.2}% 319
\BOOKMARK [1][-]{section.6.45}{\376\377\0006\000.\0004\0005\000\040\000T\000a\000r\000g\000e\000t\000D\000e\000t\000e\000c\000t\000o\000r\000\040\000C\000l\000a\000s\000s\000\040\000R\000e\000f\000e\000r\000e\000n\000c\000e}{chapter.6}% 320
\BOOKMARK [2][-]{subsection.6.45.1}{\376\377\0006\000.\0004\0005\000.\0001\000\040\000D\000e\000t\000a\000i\000l\000e\000d\000\040\000D\000e\000s\000c\000r\000i\000p\000t\000i\000o\000n}{section.6.45}% 321
\BOOKMARK [2][-]{subsection.6.45.2}{\376\377\0006\000.\0004\0005\000.\0002\000\040\000M\000e\000m\000b\000e\000r\000\040\000F\000u\000n\000c\000t\000i\000o\000n\000\040\000D\000o\000c\000u\000m\000e\000n\000t\000a\000t\000i\000o\000n}{section.6.45}% 322
\BOOKMARK [3][-]{subsubsection.6.45.2.1}{\376\377\0006\000.\0004\0005\000.\0002\000.\0001\000\040\000D\000e\000t\000e\000c\000t\000\050\000\051}{subsection.6.45.2}% 323
\BOOKMARK [1][-]{section.6.46}{\376\377\0006\000.\0004\0006\000\040\000T\000i\000l\000e\000D\000i\000c\000t\000i\000o\000n\000a\000r\000y\000P\000a\000i\000r\000\040\000C\000l\000a\000s\000s\000\040\000R\000e\000f\000e\000r\000e\000n\000c\000e}{chapter.6}% 324
\BOOKMARK [2][-]{subsection.6.46.1}{\376\377\0006\000.\0004\0006\000.\0001\000\040\000D\000e\000t\000a\000i\000l\000e\000d\000\040\000D\000e\000s\000c\000r\000i\000p\000t\000i\000o\000n}{section.6.46}% 325
\BOOKMARK [2][-]{subsection.6.46.2}{\376\377\0006\000.\0004\0006\000.\0002\000\040\000M\000e\000m\000b\000e\000r\000\040\000D\000a\000t\000a\000\040\000D\000o\000c\000u\000m\000e\000n\000t\000a\000t\000i\000o\000n}{section.6.46}% 326
\BOOKMARK [3][-]{subsubsection.6.46.2.1}{\376\377\0006\000.\0004\0006\000.\0002\000.\0001\000\040\000c\000h\000a\000n\000c\000e}{subsection.6.46.2}% 327
\BOOKMARK [3][-]{subsubsection.6.46.2.2}{\376\377\0006\000.\0004\0006\000.\0002\000.\0002\000\040\000k\000i\000n\000d\000O\000f\000S\000i\000d\000e}{subsection.6.46.2}% 328
\BOOKMARK [1][-]{section.6.47}{\376\377\0006\000.\0004\0007\000\040\000T\000i\000l\000e\000S\000i\000d\000e\000D\000e\000s\000c\000r\000i\000p\000t\000i\000o\000n\000s\000S\000O\000\040\000C\000l\000a\000s\000s\000\040\000R\000e\000f\000e\000r\000e\000n\000c\000e}{chapter.6}% 329
\BOOKMARK [2][-]{subsection.6.47.1}{\376\377\0006\000.\0004\0007\000.\0001\000\040\000D\000e\000t\000a\000i\000l\000e\000d\000\040\000D\000e\000s\000c\000r\000i\000p\000t\000i\000o\000n}{section.6.47}% 330
\BOOKMARK [2][-]{subsection.6.47.2}{\376\377\0006\000.\0004\0007\000.\0002\000\040\000M\000e\000m\000b\000e\000r\000\040\000D\000a\000t\000a\000\040\000D\000o\000c\000u\000m\000e\000n\000t\000a\000t\000i\000o\000n}{section.6.47}% 331
\BOOKMARK [3][-]{subsubsection.6.47.2.1}{\376\377\0006\000.\0004\0007\000.\0002\000.\0001\000\040\000S\000i\000d\000e\000N\000a\000m\000e}{subsection.6.47.2}% 332
\BOOKMARK [3][-]{subsubsection.6.47.2.2}{\376\377\0006\000.\0004\0007\000.\0002\000.\0002\000\040\000s\000i\000d\000e\000R\000e\000s\000t\000r\000i\000c\000t\000i\000o\000n\000s}{subsection.6.47.2}% 333
\BOOKMARK [1][-]{section.6.48}{\376\377\0006\000.\0004\0008\000\040\000T\000i\000l\000e\000S\000O\000\040\000C\000l\000a\000s\000s\000\040\000R\000e\000f\000e\000r\000e\000n\000c\000e}{chapter.6}% 334
\BOOKMARK [2][-]{subsection.6.48.1}{\376\377\0006\000.\0004\0008\000.\0001\000\040\000D\000e\000t\000a\000i\000l\000e\000d\000\040\000D\000e\000s\000c\000r\000i\000p\000t\000i\000o\000n}{section.6.48}% 335
\BOOKMARK [2][-]{subsection.6.48.2}{\376\377\0006\000.\0004\0008\000.\0002\000\040\000M\000e\000m\000b\000e\000r\000\040\000F\000u\000n\000c\000t\000i\000o\000n\000\040\000D\000o\000c\000u\000m\000e\000n\000t\000a\000t\000i\000o\000n}{section.6.48}% 336
\BOOKMARK [3][-]{subsubsection.6.48.2.1}{\376\377\0006\000.\0004\0008\000.\0002\000.\0001\000\040\000F\000i\000l\000t\000e\000r\000T\000i\000l\000e\000s\000\050\000\051}{subsection.6.48.2}% 337
\BOOKMARK [2][-]{subsection.6.48.3}{\376\377\0006\000.\0004\0008\000.\0003\000\040\000M\000e\000m\000b\000e\000r\000\040\000D\000a\000t\000a\000\040\000D\000o\000c\000u\000m\000e\000n\000t\000a\000t\000i\000o\000n}{section.6.48}% 338
\BOOKMARK [3][-]{subsubsection.6.48.3.1}{\376\377\0006\000.\0004\0008\000.\0003\000.\0001\000\040\000d\000o\000w\000n\000L\000e\000f\000t\000C\000o\000r\000n\000e\000r}{subsection.6.48.3}% 339
\BOOKMARK [3][-]{subsubsection.6.48.3.2}{\376\377\0006\000.\0004\0008\000.\0003\000.\0002\000\040\000d\000o\000w\000n\000R\000i\000g\000h\000t\000C\000o\000r\000n\000e\000r}{subsection.6.48.3}% 340
\BOOKMARK [3][-]{subsubsection.6.48.3.3}{\376\377\0006\000.\0004\0008\000.\0003\000.\0003\000\040\000d\000o\000w\000n\000S\000i\000d\000e}{subsection.6.48.3}% 341
\BOOKMARK [3][-]{subsubsection.6.48.3.4}{\376\377\0006\000.\0004\0008\000.\0003\000.\0004\000\040\000l\000e\000f\000t\000S\000i\000d\000e}{subsection.6.48.3}% 342
\BOOKMARK [3][-]{subsubsection.6.48.3.5}{\376\377\0006\000.\0004\0008\000.\0003\000.\0005\000\040\000r\000i\000g\000h\000t\000S\000i\000d\000e}{subsection.6.48.3}% 343
\BOOKMARK [3][-]{subsubsection.6.48.3.6}{\376\377\0006\000.\0004\0008\000.\0003\000.\0006\000\040\000s\000e\000c\000o\000n\000d\000L\000a\000y\000e\000r\000R\000e\000s\000t\000r\000i\000c\000t\000i\000o\000n\000s}{subsection.6.48.3}% 344
\BOOKMARK [3][-]{subsubsection.6.48.3.7}{\376\377\0006\000.\0004\0008\000.\0003\000.\0007\000\040\000s\000p\000a\000w\000n\000a\000b\000l\000e\000M\000o\000n\000s\000t\000e\000r\000s}{subsection.6.48.3}% 345
\BOOKMARK [3][-]{subsubsection.6.48.3.8}{\376\377\0006\000.\0004\0008\000.\0003\000.\0008\000\040\000t\000i\000l\000e}{subsection.6.48.3}% 346
\BOOKMARK [3][-]{subsubsection.6.48.3.9}{\376\377\0006\000.\0004\0008\000.\0003\000.\0009\000\040\000u\000p\000L\000e\000f\000t\000C\000o\000r\000n\000e\000r}{subsection.6.48.3}% 347
\BOOKMARK [3][-]{subsubsection.6.48.3.10}{\376\377\0006\000.\0004\0008\000.\0003\000.\0001\0000\000\040\000u\000p\000R\000i\000g\000h\000t\000C\000o\000r\000n\000e\000r}{subsection.6.48.3}% 348
\BOOKMARK [3][-]{subsubsection.6.48.3.11}{\376\377\0006\000.\0004\0008\000.\0003\000.\0001\0001\000\040\000u\000p\000S\000i\000d\000e}{subsection.6.48.3}% 349
\BOOKMARK [1][-]{section.6.49}{\376\377\0006\000.\0004\0009\000\040\000B\000a\000r\000s\000E\000l\000e\000m\000e\000n\000t\000s\000.\000B\000a\000r\000.\000U\000x\000m\000l\000F\000a\000c\000t\000o\000r\000y\000\040\000C\000l\000a\000s\000s\000\040\000R\000e\000f\000e\000r\000e\000n\000c\000e}{chapter.6}% 350
\BOOKMARK [2][-]{subsection.6.49.1}{\376\377\0006\000.\0004\0009\000.\0001\000\040\000D\000e\000t\000a\000i\000l\000e\000d\000\040\000D\000e\000s\000c\000r\000i\000p\000t\000i\000o\000n}{section.6.49}% 351
\BOOKMARK [1][-]{section.6.50}{\376\377\0006\000.\0005\0000\000\040\000B\000a\000r\000s\000E\000l\000e\000m\000e\000n\000t\000s\000.\000B\000a\000r\000.\000U\000x\000m\000l\000T\000r\000a\000i\000t\000s\000\040\000C\000l\000a\000s\000s\000\040\000R\000e\000f\000e\000r\000e\000n\000c\000e}{chapter.6}% 352
\BOOKMARK [2][-]{subsection.6.50.1}{\376\377\0006\000.\0005\0000\000.\0001\000\040\000D\000e\000t\000a\000i\000l\000e\000d\000\040\000D\000e\000s\000c\000r\000i\000p\000t\000i\000o\000n}{section.6.50}% 353
\BOOKMARK [2][-]{subsection.6.50.2}{\376\377\0006\000.\0005\0000\000.\0002\000\040\000M\000e\000m\000b\000e\000r\000\040\000F\000u\000n\000c\000t\000i\000o\000n\000\040\000D\000o\000c\000u\000m\000e\000n\000t\000a\000t\000i\000o\000n}{section.6.50}% 354
\BOOKMARK [3][-]{subsubsection.6.50.2.1}{\376\377\0006\000.\0005\0000\000.\0002\000.\0001\000\040\000I\000n\000i\000t\000\050\000\051}{subsection.6.50.2}% 355
\BOOKMARK [2][-]{subsection.6.50.3}{\376\377\0006\000.\0005\0000\000.\0003\000\040\000P\000r\000o\000p\000e\000r\000t\000y\000\040\000D\000o\000c\000u\000m\000e\000n\000t\000a\000t\000i\000o\000n}{section.6.50}% 356
\BOOKMARK [3][-]{subsubsection.6.50.3.1}{\376\377\0006\000.\0005\0000\000.\0003\000.\0001\000\040\000u\000x\000m\000l\000C\000h\000i\000l\000d\000E\000l\000e\000m\000e\000n\000t\000s\000D\000e\000s\000c\000r\000i\000p\000t\000i\000o\000n}{subsection.6.50.3}% 357
\BOOKMARK [1][-]{section.6.51}{\376\377\0006\000.\0005\0001\000\040\000W\000a\000t\000e\000r\000E\000l\000e\000m\000e\000n\000t\000a\000l\000C\000o\000n\000t\000r\000o\000l\000l\000e\000r\000\040\000C\000l\000a\000s\000s\000\040\000R\000e\000f\000e\000r\000e\000n\000c\000e}{chapter.6}% 358
\BOOKMARK [2][-]{subsection.6.51.1}{\376\377\0006\000.\0005\0001\000.\0001\000\040\000D\000e\000t\000a\000i\000l\000e\000d\000\040\000D\000e\000s\000c\000r\000i\000p\000t\000i\000o\000n}{section.6.51}% 359
\BOOKMARK [2][-]{subsection.6.51.2}{\376\377\0006\000.\0005\0001\000.\0002\000\040\000M\000e\000m\000b\000e\000r\000\040\000F\000u\000n\000c\000t\000i\000o\000n\000\040\000D\000o\000c\000u\000m\000e\000n\000t\000a\000t\000i\000o\000n}{section.6.51}% 360
\BOOKMARK [3][-]{subsubsection.6.51.2.1}{\376\377\0006\000.\0005\0001\000.\0002\000.\0001\000\040\000D\000e\000s\000p\000a\000w\000n\000\050\000\051}{subsection.6.51.2}% 361
\BOOKMARK [3][-]{subsubsection.6.51.2.2}{\376\377\0006\000.\0005\0001\000.\0002\000.\0002\000\040\000S\000p\000a\000w\000n\000\050\000\051}{subsection.6.51.2}% 362
\BOOKMARK [0][-]{chapter.7}{\376\377\0007\000\040\000F\000i\000l\000e\000\040\000D\000o\000c\000u\000m\000e\000n\000t\000a\000t\000i\000o\000n}{}% 363
\BOOKMARK [1][-]{section.7.1}{\376\377\0007\000.\0001\000\040\000A\000s\000s\000e\000t\000s\000/\000R\000e\000s\000o\000u\000r\000c\000e\000s\000/\000U\000I\000/\000I\000n\000v\000e\000n\000t\000o\000r\000y\000S\000l\000o\000t\000.\000c\000s\000\040\000F\000i\000l\000e\000\040\000R\000e\000f\000e\000r\000e\000n\000c\000e}{chapter.7}% 364
\BOOKMARK [1][-]{section.7.2}{\376\377\0007\000.\0002\000\040\000A\000s\000s\000e\000t\000s\000/\000S\000c\000r\000i\000p\000t\000s\000/\000C\000o\000m\000m\000o\000n\000I\000n\000t\000e\000f\000a\000c\000e\000s\000/\000I\000D\000a\000m\000m\000a\000g\000e\000a\000b\000l\000e\000.\000c\000s\000\040\000F\000i\000l\000e\000\040\000R\000e\000f\000e\000r\000e\000n\000c\000e}{chapter.7}% 365
\BOOKMARK [1][-]{section.7.3}{\376\377\0007\000.\0003\000\040\000A\000s\000s\000e\000t\000s\000/\000S\000c\000r\000i\000p\000t\000s\000/\000C\000u\000s\000t\000o\000m\000U\000I\000E\000l\000e\000l\000e\000m\000e\000n\000t\000s\000/\000B\000a\000r\000.\000c\000s\000\040\000F\000i\000l\000e\000\040\000R\000e\000f\000e\000r\000e\000n\000c\000e}{chapter.7}% 366
\BOOKMARK [1][-]{section.7.4}{\376\377\0007\000.\0004\000\040\000A\000s\000s\000e\000t\000s\000/\000S\000c\000r\000i\000p\000t\000s\000/\000D\000i\000r\000e\000c\000t\000i\000o\000n\000.\000c\000s\000\040\000F\000i\000l\000e\000\040\000R\000e\000f\000e\000r\000e\000n\000c\000e}{chapter.7}% 367
\BOOKMARK [2][-]{subsection.7.4.1}{\376\377\0007\000.\0004\000.\0001\000\040\000E\000n\000u\000m\000e\000r\000a\000t\000i\000o\000n\000\040\000T\000y\000p\000e\000\040\000D\000o\000c\000u\000m\000e\000n\000t\000a\000t\000i\000o\000n}{section.7.4}% 368
\BOOKMARK [3][-]{subsubsection.7.4.1.1}{\376\377\0007\000.\0004\000.\0001\000.\0001\000\040\000D\000i\000r\000e\000c\000t\000i\000o\000n}{subsection.7.4.1}% 369
\BOOKMARK [1][-]{section.7.5}{\376\377\0007\000.\0005\000\040\000A\000s\000s\000e\000t\000s\000/\000S\000c\000r\000i\000p\000t\000s\000/\000G\000a\000m\000e\000S\000t\000a\000t\000e\000C\000o\000n\000t\000r\000o\000l\000l\000e\000r\000.\000c\000s\000\040\000F\000i\000l\000e\000\040\000R\000e\000f\000e\000r\000e\000n\000c\000e}{chapter.7}% 370
\BOOKMARK [1][-]{section.7.6}{\376\377\0007\000.\0006\000\040\000A\000s\000s\000e\000t\000s\000/\000S\000c\000r\000i\000p\000t\000s\000/\000H\000e\000l\000p\000e\000r\000F\000u\000n\000c\000t\000i\000o\000n\000s\000.\000c\000s\000\040\000F\000i\000l\000e\000\040\000R\000e\000f\000e\000r\000e\000n\000c\000e}{chapter.7}% 371
\BOOKMARK [1][-]{section.7.7}{\376\377\0007\000.\0007\000\040\000A\000s\000s\000e\000t\000s\000/\000S\000c\000r\000i\000p\000t\000s\000/\000I\000t\000e\000m\000s\000S\000c\000r\000i\000p\000t\000s\000/\000A\000m\000m\000o\000P\000i\000c\000k\000U\000p\000.\000c\000s\000\040\000F\000i\000l\000e\000\040\000R\000e\000f\000e\000r\000e\000n\000c\000e}{chapter.7}% 372
\BOOKMARK [1][-]{section.7.8}{\376\377\0007\000.\0008\000\040\000A\000s\000s\000e\000t\000s\000/\000S\000c\000r\000i\000p\000t\000s\000/\000I\000t\000e\000m\000s\000S\000c\000r\000i\000p\000t\000s\000/\000H\000e\000a\000l\000t\000h\000P\000i\000c\000k\000U\000p\000.\000c\000s\000\040\000F\000i\000l\000e\000\040\000R\000e\000f\000e\000r\000e\000n\000c\000e}{chapter.7}% 373
\BOOKMARK [1][-]{section.7.9}{\376\377\0007\000.\0009\000\040\000A\000s\000s\000e\000t\000s\000/\000S\000c\000r\000i\000p\000t\000s\000/\000I\000t\000e\000m\000s\000S\000c\000r\000i\000p\000t\000s\000/\000P\000i\000c\000k\000U\000p\000.\000c\000s\000\040\000F\000i\000l\000e\000\040\000R\000e\000f\000e\000r\000e\000n\000c\000e}{chapter.7}% 374
\BOOKMARK [1][-]{section.7.10}{\376\377\0007\000.\0001\0000\000\040\000A\000s\000s\000e\000t\000s\000/\000S\000c\000r\000i\000p\000t\000s\000/\000M\000a\000p\000S\000c\000r\000i\000p\000t\000s\000/\000D\000o\000o\000r\000s\000C\000o\000n\000t\000r\000o\000l\000l\000e\000r\000.\000c\000s\000\040\000F\000i\000l\000e\000\040\000R\000e\000f\000e\000r\000e\000n\000c\000e}{chapter.7}% 375
\BOOKMARK [1][-]{section.7.11}{\376\377\0007\000.\0001\0001\000\040\000A\000s\000s\000e\000t\000s\000/\000S\000c\000r\000i\000p\000t\000s\000/\000M\000a\000p\000S\000c\000r\000i\000p\000t\000s\000/\000I\000T\000i\000l\000e\000K\000i\000n\000d\000.\000c\000s\000\040\000F\000i\000l\000e\000\040\000R\000e\000f\000e\000r\000e\000n\000c\000e}{chapter.7}% 376
\BOOKMARK [1][-]{section.7.12}{\376\377\0007\000.\0001\0002\000\040\000A\000s\000s\000e\000t\000s\000/\000S\000c\000r\000i\000p\000t\000s\000/\000M\000a\000p\000S\000c\000r\000i\000p\000t\000s\000/\000M\000a\000p\000G\000e\000n\000e\000r\000a\000t\000i\000o\000n\000.\000c\000s\000\040\000F\000i\000l\000e\000\040\000R\000e\000f\000e\000r\000e\000n\000c\000e}{chapter.7}% 377
\BOOKMARK [1][-]{section.7.13}{\376\377\0007\000.\0001\0003\000\040\000A\000s\000s\000e\000t\000s\000/\000S\000c\000r\000i\000p\000t\000s\000/\000M\000a\000p\000S\000c\000r\000i\000p\000t\000s\000/\000M\000a\000p\000M\000a\000t\000r\000i\000x\000.\000c\000s\000\040\000F\000i\000l\000e\000\040\000R\000e\000f\000e\000r\000e\000n\000c\000e}{chapter.7}% 378
\BOOKMARK [1][-]{section.7.14}{\376\377\0007\000.\0001\0004\000\040\000A\000s\000s\000e\000t\000s\000/\000S\000c\000r\000i\000p\000t\000s\000/\000M\000a\000p\000S\000c\000r\000i\000p\000t\000s\000/\000O\000b\000s\000t\000a\000c\000l\000e\000D\000i\000c\000t\000i\000o\000n\000a\000r\000y\000P\000a\000i\000r\000.\000c\000s\000\040\000F\000i\000l\000e\000\040\000R\000e\000f\000e\000r\000e\000n\000c\000e}{chapter.7}% 379
\BOOKMARK [1][-]{section.7.15}{\376\377\0007\000.\0001\0005\000\040\000A\000s\000s\000e\000t\000s\000/\000S\000c\000r\000i\000p\000t\000s\000/\000M\000a\000p\000S\000c\000r\000i\000p\000t\000s\000/\000O\000b\000s\000t\000a\000c\000l\000e\000s\000/\000C\000h\000e\000s\000t\000C\000o\000n\000t\000r\000o\000l\000l\000e\000r\000.\000c\000s\000\040\000F\000i\000l\000e\000\040\000R\000e\000f\000e\000r\000e\000n\000c\000e}{chapter.7}% 380
\BOOKMARK [1][-]{section.7.16}{\376\377\0007\000.\0001\0006\000\040\000A\000s\000s\000e\000t\000s\000/\000S\000c\000r\000i\000p\000t\000s\000/\000M\000a\000p\000S\000c\000r\000i\000p\000t\000s\000/\000O\000b\000s\000t\000a\000c\000l\000e\000s\000/\000I\000c\000e\000R\000u\000n\000e\000C\000o\000n\000t\000r\000o\000l\000e\000r\000.\000c\000s\000\040\000F\000i\000l\000e\000\040\000R\000e\000f\000e\000r\000e\000n\000c\000e}{chapter.7}% 381
\BOOKMARK [1][-]{section.7.17}{\376\377\0007\000.\0001\0007\000\040\000A\000s\000s\000e\000t\000s\000/\000S\000c\000r\000i\000p\000t\000s\000/\000M\000a\000p\000S\000c\000r\000i\000p\000t\000s\000/\000O\000b\000s\000t\000a\000c\000l\000e\000s\000/\000I\000t\000e\000m\000S\000p\000a\000w\000n\000R\000a\000t\000e\000.\000c\000s\000\040\000F\000i\000l\000e\000\040\000R\000e\000f\000e\000r\000e\000n\000c\000e}{chapter.7}% 382
\BOOKMARK [1][-]{section.7.18}{\376\377\0007\000.\0001\0008\000\040\000A\000s\000s\000e\000t\000s\000/\000S\000c\000r\000i\000p\000t\000s\000/\000M\000a\000p\000S\000c\000r\000i\000p\000t\000s\000/\000O\000b\000s\000t\000a\000c\000l\000e\000s\000/\000S\000p\000r\000i\000t\000e\000S\000w\000i\000t\000c\000h\000e\000r\000O\000n\000S\000t\000e\000p\000.\000c\000s\000\040\000F\000i\000l\000e\000\040\000R\000e\000f\000e\000r\000e\000n\000c\000e}{chapter.7}% 383
\BOOKMARK [1][-]{section.7.19}{\376\377\0007\000.\0001\0009\000\040\000A\000s\000s\000e\000t\000s\000/\000S\000c\000r\000i\000p\000t\000s\000/\000M\000a\000p\000S\000c\000r\000i\000p\000t\000s\000/\000O\000b\000s\000t\000a\000c\000l\000e\000S\000O\000.\000c\000s\000\040\000F\000i\000l\000e\000\040\000R\000e\000f\000e\000r\000e\000n\000c\000e}{chapter.7}% 384
\BOOKMARK [1][-]{section.7.20}{\376\377\0007\000.\0002\0000\000\040\000A\000s\000s\000e\000t\000s\000/\000S\000c\000r\000i\000p\000t\000s\000/\000M\000a\000p\000S\000c\000r\000i\000p\000t\000s\000/\000O\000b\000s\000t\000a\000c\000l\000e\000T\000y\000p\000e\000.\000c\000s\000\040\000F\000i\000l\000e\000\040\000R\000e\000f\000e\000r\000e\000n\000c\000e}{chapter.7}% 385
\BOOKMARK [2][-]{subsection.7.20.1}{\376\377\0007\000.\0002\0000\000.\0001\000\040\000E\000n\000u\000m\000e\000r\000a\000t\000i\000o\000n\000\040\000T\000y\000p\000e\000\040\000D\000o\000c\000u\000m\000e\000n\000t\000a\000t\000i\000o\000n}{section.7.20}% 386
\BOOKMARK [3][-]{subsubsection.7.20.1.1}{\376\377\0007\000.\0002\0000\000.\0001\000.\0001\000\040\000O\000b\000s\000t\000a\000c\000l\000e\000T\000y\000p\000e}{subsection.7.20.1}% 387
\BOOKMARK [1][-]{section.7.21}{\376\377\0007\000.\0002\0001\000\040\000A\000s\000s\000e\000t\000s\000/\000S\000c\000r\000i\000p\000t\000s\000/\000M\000a\000p\000S\000c\000r\000i\000p\000t\000s\000/\000S\000i\000d\000e\000D\000e\000s\000c\000r\000i\000p\000t\000i\000o\000n\000.\000c\000s\000\040\000F\000i\000l\000e\000\040\000R\000e\000f\000e\000r\000e\000n\000c\000e}{chapter.7}% 388
\BOOKMARK [2][-]{subsection.7.21.1}{\376\377\0007\000.\0002\0001\000.\0001\000\040\000E\000n\000u\000m\000e\000r\000a\000t\000i\000o\000n\000\040\000T\000y\000p\000e\000\040\000D\000o\000c\000u\000m\000e\000n\000t\000a\000t\000i\000o\000n}{section.7.21}% 389
\BOOKMARK [3][-]{subsubsection.7.21.1.1}{\376\377\0007\000.\0002\0001\000.\0001\000.\0001\000\040\000S\000i\000d\000e\000D\000e\000s\000c\000r\000i\000p\000t\000i\000o\000n}{subsection.7.21.1}% 390
\BOOKMARK [1][-]{section.7.22}{\376\377\0007\000.\0002\0002\000\040\000A\000s\000s\000e\000t\000s\000/\000S\000c\000r\000i\000p\000t\000s\000/\000M\000a\000p\000S\000c\000r\000i\000p\000t\000s\000/\000S\000p\000a\000w\000n\000R\000a\000t\000e\000.\000c\000s\000\040\000F\000i\000l\000e\000\040\000R\000e\000f\000e\000r\000e\000n\000c\000e}{chapter.7}% 391
\BOOKMARK [1][-]{section.7.23}{\376\377\0007\000.\0002\0003\000\040\000A\000s\000s\000e\000t\000s\000/\000S\000c\000r\000i\000p\000t\000s\000/\000M\000a\000p\000S\000c\000r\000i\000p\000t\000s\000/\000T\000i\000l\000e\000D\000i\000c\000t\000i\000o\000n\000a\000r\000y\000P\000a\000i\000r\000.\000c\000s\000\040\000F\000i\000l\000e\000\040\000R\000e\000f\000e\000r\000e\000n\000c\000e}{chapter.7}% 392
\BOOKMARK [1][-]{section.7.24}{\376\377\0007\000.\0002\0004\000\040\000A\000s\000s\000e\000t\000s\000/\000S\000c\000r\000i\000p\000t\000s\000/\000M\000a\000p\000S\000c\000r\000i\000p\000t\000s\000/\000T\000i\000l\000e\000S\000i\000d\000e\000D\000e\000s\000c\000r\000i\000p\000t\000i\000o\000n\000s\000S\000O\000.\000c\000s\000\040\000F\000i\000l\000e\000\040\000R\000e\000f\000e\000r\000e\000n\000c\000e}{chapter.7}% 393
\BOOKMARK [1][-]{section.7.25}{\376\377\0007\000.\0002\0005\000\040\000A\000s\000s\000e\000t\000s\000/\000S\000c\000r\000i\000p\000t\000s\000/\000M\000a\000p\000S\000c\000r\000i\000p\000t\000s\000/\000T\000i\000l\000e\000S\000O\000.\000c\000s\000\040\000F\000i\000l\000e\000\040\000R\000e\000f\000e\000r\000e\000n\000c\000e}{chapter.7}% 394
\BOOKMARK [1][-]{section.7.26}{\376\377\0007\000.\0002\0006\000\040\000A\000s\000s\000e\000t\000s\000/\000S\000c\000r\000i\000p\000t\000s\000/\000M\000o\000n\000s\000t\000e\000r\000S\000c\000r\000i\000p\000t\000s\000/\000M\000o\000n\000s\000t\000e\000r\000D\000a\000m\000a\000g\000e\000.\000c\000s\000\040\000F\000i\000l\000e\000\040\000R\000e\000f\000e\000r\000e\000n\000c\000e}{chapter.7}% 395
\BOOKMARK [1][-]{section.7.27}{\376\377\0007\000.\0002\0007\000\040\000A\000s\000s\000e\000t\000s\000/\000S\000c\000r\000i\000p\000t\000s\000/\000M\000o\000n\000s\000t\000e\000r\000S\000c\000r\000i\000p\000t\000s\000/\000M\000o\000n\000s\000t\000e\000r\000D\000i\000c\000t\000i\000o\000n\000a\000r\000y\000P\000a\000i\000r\000.\000c\000s\000\040\000F\000i\000l\000e\000\040\000R\000e\000f\000e\000r\000e\000n\000c\000e}{chapter.7}% 396
\BOOKMARK [1][-]{section.7.28}{\376\377\0007\000.\0002\0008\000\040\000A\000s\000s\000e\000t\000s\000/\000S\000c\000r\000i\000p\000t\000s\000/\000M\000o\000n\000s\000t\000e\000r\000S\000c\000r\000i\000p\000t\000s\000/\000M\000o\000n\000s\000t\000e\000r\000S\000O\000.\000c\000s\000\040\000F\000i\000l\000e\000\040\000R\000e\000f\000e\000r\000e\000n\000c\000e}{chapter.7}% 397
\BOOKMARK [1][-]{section.7.29}{\376\377\0007\000.\0002\0009\000\040\000A\000s\000s\000e\000t\000s\000/\000S\000c\000r\000i\000p\000t\000s\000/\000M\000o\000n\000s\000t\000e\000r\000S\000c\000r\000i\000p\000t\000s\000/\000M\000o\000n\000s\000t\000e\000r\000T\000y\000p\000e\000.\000c\000s\000\040\000F\000i\000l\000e\000\040\000R\000e\000f\000e\000r\000e\000n\000c\000e}{chapter.7}% 398
\BOOKMARK [2][-]{subsection.7.29.1}{\376\377\0007\000.\0002\0009\000.\0001\000\040\000E\000n\000u\000m\000e\000r\000a\000t\000i\000o\000n\000\040\000T\000y\000p\000e\000\040\000D\000o\000c\000u\000m\000e\000n\000t\000a\000t\000i\000o\000n}{section.7.29}% 399
\BOOKMARK [3][-]{subsubsection.7.29.1.1}{\376\377\0007\000.\0002\0009\000.\0001\000.\0001\000\040\000M\000o\000n\000s\000t\000e\000r\000T\000y\000p\000e}{subsection.7.29.1}% 400
\BOOKMARK [1][-]{section.7.30}{\376\377\0007\000.\0003\0000\000\040\000A\000s\000s\000e\000t\000s\000/\000S\000c\000r\000i\000p\000t\000s\000/\000M\000o\000n\000s\000t\000e\000r\000S\000c\000r\000i\000p\000t\000s\000/\000P\000r\000o\000j\000e\000c\000t\000i\000l\000e\000C\000o\000n\000t\000r\000o\000l\000l\000e\000r\000.\000c\000s\000\040\000F\000i\000l\000e\000\040\000R\000e\000f\000e\000r\000e\000n\000c\000e}{chapter.7}% 401
\BOOKMARK [1][-]{section.7.31}{\376\377\0007\000.\0003\0001\000\040\000A\000s\000s\000e\000t\000s\000/\000S\000c\000r\000i\000p\000t\000s\000/\000M\000o\000n\000s\000t\000e\000r\000S\000c\000r\000i\000p\000t\000s\000/\000S\000l\000i\000m\000e\000s\000A\000I\000/\000A\000I\000D\000a\000t\000a\000.\000c\000s\000\040\000F\000i\000l\000e\000\040\000R\000e\000f\000e\000r\000e\000n\000c\000e}{chapter.7}% 402
\BOOKMARK [1][-]{section.7.32}{\376\377\0007\000.\0003\0002\000\040\000A\000s\000s\000e\000t\000s\000/\000S\000c\000r\000i\000p\000t\000s\000/\000M\000o\000n\000s\000t\000e\000r\000S\000c\000r\000i\000p\000t\000s\000/\000S\000l\000i\000m\000e\000s\000A\000I\000/\000C\000o\000n\000t\000e\000x\000t\000S\000o\000l\000v\000e\000r\000.\000c\000s\000\040\000F\000i\000l\000e\000\040\000R\000e\000f\000e\000r\000e\000n\000c\000e}{chapter.7}% 403
\BOOKMARK [1][-]{section.7.33}{\376\377\0007\000.\0003\0003\000\040\000A\000s\000s\000e\000t\000s\000/\000S\000c\000r\000i\000p\000t\000s\000/\000M\000o\000n\000s\000t\000e\000r\000S\000c\000r\000i\000p\000t\000s\000/\000S\000l\000i\000m\000e\000s\000A\000I\000/\000D\000e\000t\000e\000c\000t\000o\000r\000.\000c\000s\000\040\000F\000i\000l\000e\000\040\000R\000e\000f\000e\000r\000e\000n\000c\000e}{chapter.7}% 404
\BOOKMARK [1][-]{section.7.34}{\376\377\0007\000.\0003\0004\000\040\000A\000s\000s\000e\000t\000s\000/\000S\000c\000r\000i\000p\000t\000s\000/\000M\000o\000n\000s\000t\000e\000r\000S\000c\000r\000i\000p\000t\000s\000/\000S\000l\000i\000m\000e\000s\000A\000I\000/\000O\000b\000s\000t\000a\000c\000l\000e\000A\000v\000o\000i\000d\000i\000n\000g\000B\000e\000h\000a\000v\000i\000o\000u\000r\000.\000c\000s\000\040\000F\000i\000l\000e\000\040\000R\000e\000f\000e\000r\000e\000n\000c\000e}{chapter.7}% 405
\BOOKMARK [1][-]{section.7.35}{\376\377\0007\000.\0003\0005\000\040\000A\000s\000s\000e\000t\000s\000/\000S\000c\000r\000i\000p\000t\000s\000/\000M\000o\000n\000s\000t\000e\000r\000S\000c\000r\000i\000p\000t\000s\000/\000S\000l\000i\000m\000e\000s\000A\000I\000/\000O\000b\000s\000t\000a\000c\000l\000e\000s\000D\000e\000t\000e\000c\000t\000o\000r\000.\000c\000s\000\040\000F\000i\000l\000e\000\040\000R\000e\000f\000e\000r\000e\000n\000c\000e}{chapter.7}% 406
\BOOKMARK [1][-]{section.7.36}{\376\377\0007\000.\0003\0006\000\040\000A\000s\000s\000e\000t\000s\000/\000S\000c\000r\000i\000p\000t\000s\000/\000M\000o\000n\000s\000t\000e\000r\000S\000c\000r\000i\000p\000t\000s\000/\000S\000l\000i\000m\000e\000s\000A\000I\000/\000S\000e\000e\000k\000B\000e\000h\000a\000v\000i\000o\000u\000r\000.\000c\000s\000\040\000F\000i\000l\000e\000\040\000R\000e\000f\000e\000r\000e\000n\000c\000e}{chapter.7}% 407
\BOOKMARK [1][-]{section.7.37}{\376\377\0007\000.\0003\0007\000\040\000A\000s\000s\000e\000t\000s\000/\000S\000c\000r\000i\000p\000t\000s\000/\000M\000o\000n\000s\000t\000e\000r\000S\000c\000r\000i\000p\000t\000s\000/\000S\000l\000i\000m\000e\000s\000A\000I\000/\000S\000l\000i\000m\000e\000s\000A\000I\000.\000c\000s\000\040\000F\000i\000l\000e\000\040\000R\000e\000f\000e\000r\000e\000n\000c\000e}{chapter.7}% 408
\BOOKMARK [1][-]{section.7.38}{\376\377\0007\000.\0003\0008\000\040\000A\000s\000s\000e\000t\000s\000/\000S\000c\000r\000i\000p\000t\000s\000/\000M\000o\000n\000s\000t\000e\000r\000S\000c\000r\000i\000p\000t\000s\000/\000S\000l\000i\000m\000e\000s\000A\000I\000/\000S\000t\000e\000e\000r\000i\000n\000g\000B\000e\000h\000a\000v\000i\000o\000u\000r\000.\000c\000s\000\040\000F\000i\000l\000e\000\040\000R\000e\000f\000e\000r\000e\000n\000c\000e}{chapter.7}% 409
\BOOKMARK [1][-]{section.7.39}{\376\377\0007\000.\0003\0009\000\040\000A\000s\000s\000e\000t\000s\000/\000S\000c\000r\000i\000p\000t\000s\000/\000M\000o\000n\000s\000t\000e\000r\000S\000c\000r\000i\000p\000t\000s\000/\000S\000l\000i\000m\000e\000s\000A\000I\000/\000T\000a\000r\000g\000e\000t\000D\000e\000t\000e\000c\000t\000o\000r\000.\000c\000s\000\040\000F\000i\000l\000e\000\040\000R\000e\000f\000e\000r\000e\000n\000c\000e}{chapter.7}% 410
\BOOKMARK [1][-]{section.7.40}{\376\377\0007\000.\0004\0000\000\040\000A\000s\000s\000e\000t\000s\000/\000S\000c\000r\000i\000p\000t\000s\000/\000M\000o\000n\000s\000t\000e\000r\000S\000c\000r\000i\000p\000t\000s\000/\000W\000a\000t\000e\000r\000E\000l\000e\000m\000e\000n\000t\000a\000l\000C\000o\000n\000t\000r\000o\000l\000l\000e\000r\000.\000c\000s\000\040\000F\000i\000l\000e\000\040\000R\000e\000f\000e\000r\000e\000n\000c\000e}{chapter.7}% 411
\BOOKMARK [1][-]{section.7.41}{\376\377\0007\000.\0004\0001\000\040\000A\000s\000s\000e\000t\000s\000/\000S\000c\000r\000i\000p\000t\000s\000/\000P\000l\000a\000y\000e\000r\000S\000c\000r\000i\000p\000t\000s\000/\000E\000n\000e\000m\000y\000H\000i\000t\000C\000h\000e\000c\000k\000e\000r\000.\000c\000s\000\040\000F\000i\000l\000e\000\040\000R\000e\000f\000e\000r\000e\000n\000c\000e}{chapter.7}% 412
\BOOKMARK [1][-]{section.7.42}{\376\377\0007\000.\0004\0002\000\040\000A\000s\000s\000e\000t\000s\000/\000S\000c\000r\000i\000p\000t\000s\000/\000P\000l\000a\000y\000e\000r\000S\000c\000r\000i\000p\000t\000s\000/\000I\000t\000e\000m\000S\000O\000.\000c\000s\000\040\000F\000i\000l\000e\000\040\000R\000e\000f\000e\000r\000e\000n\000c\000e}{chapter.7}% 413
\BOOKMARK [1][-]{section.7.43}{\376\377\0007\000.\0004\0003\000\040\000A\000s\000s\000e\000t\000s\000/\000S\000c\000r\000i\000p\000t\000s\000/\000P\000l\000a\000y\000e\000r\000S\000c\000r\000i\000p\000t\000s\000/\000P\000l\000a\000y\000e\000r\000C\000o\000n\000t\000r\000o\000l\000l\000e\000r\000.\000c\000s\000\040\000F\000i\000l\000e\000\040\000R\000e\000f\000e\000r\000e\000n\000c\000e}{chapter.7}% 414
\BOOKMARK [1][-]{section.7.44}{\376\377\0007\000.\0004\0004\000\040\000A\000s\000s\000e\000t\000s\000/\000S\000c\000r\000i\000p\000t\000s\000/\000P\000l\000a\000y\000e\000r\000S\000c\000r\000i\000p\000t\000s\000/\000P\000l\000a\000y\000e\000r\000D\000a\000m\000a\000g\000e\000.\000c\000s\000\040\000F\000i\000l\000e\000\040\000R\000e\000f\000e\000r\000e\000n\000c\000e}{chapter.7}% 415
\BOOKMARK [1][-]{section.7.45}{\376\377\0007\000.\0004\0005\000\040\000A\000s\000s\000e\000t\000s\000/\000S\000c\000r\000i\000p\000t\000s\000/\000P\000l\000a\000y\000e\000r\000S\000c\000r\000i\000p\000t\000s\000/\000P\000l\000a\000y\000e\000r\000S\000O\000.\000c\000s\000\040\000F\000i\000l\000e\000\040\000R\000e\000f\000e\000r\000e\000n\000c\000e}{chapter.7}% 416
\BOOKMARK [1][-]{section.7.46}{\376\377\0007\000.\0004\0006\000\040\000A\000s\000s\000e\000t\000s\000/\000S\000c\000r\000i\000p\000t\000s\000/\000P\000l\000a\000y\000e\000r\000S\000c\000r\000i\000p\000t\000s\000/\000P\000l\000a\000y\000e\000r\000S\000t\000a\000t\000s\000C\000o\000n\000t\000r\000o\000l\000l\000e\000r\000.\000c\000s\000\040\000F\000i\000l\000e\000\040\000R\000e\000f\000e\000r\000e\000n\000c\000e}{chapter.7}% 417
\BOOKMARK [1][-]{section.7.47}{\376\377\0007\000.\0004\0007\000\040\000A\000s\000s\000e\000t\000s\000/\000S\000c\000r\000i\000p\000t\000s\000/\000P\000l\000a\000y\000e\000r\000S\000c\000r\000i\000p\000t\000s\000/\000S\000e\000c\000o\000n\000d\000a\000r\000y\000A\000t\000t\000a\000c\000k\000.\000c\000s\000\040\000F\000i\000l\000e\000\040\000R\000e\000f\000e\000r\000e\000n\000c\000e}{chapter.7}% 418
\BOOKMARK [1][-]{section.7.48}{\376\377\0007\000.\0004\0008\000\040\000A\000s\000s\000e\000t\000s\000/\000S\000c\000r\000i\000p\000t\000s\000/\000P\000l\000a\000y\000e\000r\000S\000c\000r\000i\000p\000t\000s\000/\000S\000w\000o\000r\000d\000H\000i\000t\000b\000o\000x\000.\000c\000s\000\040\000F\000i\000l\000e\000\040\000R\000e\000f\000e\000r\000e\000n\000c\000e}{chapter.7}% 419
\BOOKMARK [1][-]{section.7.49}{\376\377\0007\000.\0004\0009\000\040\000A\000s\000s\000e\000t\000s\000/\000S\000c\000r\000i\000p\000t\000s\000/\000R\000o\000o\000m\000s\000G\000e\000n\000e\000r\000a\000t\000o\000r\000/\000R\000o\000o\000m\000.\000c\000s\000\040\000F\000i\000l\000e\000\040\000R\000e\000f\000e\000r\000e\000n\000c\000e}{chapter.7}% 420
\BOOKMARK [1][-]{section.7.50}{\376\377\0007\000.\0005\0000\000\040\000A\000s\000s\000e\000t\000s\000/\000S\000c\000r\000i\000p\000t\000s\000/\000R\000o\000o\000m\000s\000G\000e\000n\000e\000r\000a\000t\000o\000r\000/\000R\000o\000o\000m\000S\000O\000.\000c\000s\000\040\000F\000i\000l\000e\000\040\000R\000e\000f\000e\000r\000e\000n\000c\000e}{chapter.7}% 421
\BOOKMARK [1][-]{section.7.51}{\376\377\0007\000.\0005\0001\000\040\000A\000s\000s\000e\000t\000s\000/\000S\000c\000r\000i\000p\000t\000s\000/\000S\000a\000v\000e\000s\000/\000P\000l\000a\000y\000e\000r\000D\000a\000t\000a\000S\000a\000v\000e\000.\000c\000s\000\040\000F\000i\000l\000e\000\040\000R\000e\000f\000e\000r\000e\000n\000c\000e}{chapter.7}% 422
\BOOKMARK [1][-]{section.7.52}{\376\377\0007\000.\0005\0002\000\040\000A\000s\000s\000e\000t\000s\000/\000S\000c\000r\000i\000p\000t\000s\000/\000S\000a\000v\000e\000s\000/\000R\000o\000o\000m\000s\000D\000a\000t\000a\000S\000a\000v\000e\000.\000c\000s\000\040\000F\000i\000l\000e\000\040\000R\000e\000f\000e\000r\000e\000n\000c\000e}{chapter.7}% 423
\BOOKMARK [1][-]{section.7.53}{\376\377\0007\000.\0005\0003\000\040\000A\000s\000s\000e\000t\000s\000/\000S\000c\000r\000i\000p\000t\000s\000/\000S\000a\000v\000e\000s\000/\000S\000a\000v\000e\000D\000a\000t\000a\000.\000c\000s\000\040\000F\000i\000l\000e\000\040\000R\000e\000f\000e\000r\000e\000n\000c\000e}{chapter.7}% 424
\BOOKMARK [1][-]{section.7.54}{\376\377\0007\000.\0005\0004\000\040\000A\000s\000s\000e\000t\000s\000/\000S\000c\000r\000i\000p\000t\000s\000/\000S\000a\000v\000e\000s\000/\000S\000e\000r\000i\000a\000l\000i\000z\000a\000t\000i\000o\000n\000M\000a\000n\000a\000g\000e\000r\000.\000c\000s\000\040\000F\000i\000l\000e\000\040\000R\000e\000f\000e\000r\000e\000n\000c\000e}{chapter.7}% 425
\BOOKMARK [0][-]{section*.174}{\376\377\000I\000n\000d\000e\000x}{}% 426
